{"C:\\Users\\FIDI\\Documents\\Business2025Deployed\\SkyLabs\\SkyLabs\\client\\src\\App.tsx": {"path":"C:\\Users\\FIDI\\Documents\\Business2025Deployed\\SkyLabs\\SkyLabs\\client\\src\\App.tsx","statementMap":{"0":{"start":{"line":13,"column":38},"end":{"line":13,"column":53}},"1":{"start":{"line":15,"column":2},"end":{"line":29,"column":4}}},"fnMap":{"0":{"name":"App","decl":{"start":{"line":12,"column":9},"end":{"line":12,"column":12}},"loc":{"start":{"line":12,"column":15},"end":{"line":30,"column":1}},"line":12}},"branchMap":{},"s":{"0":0,"1":0},"f":{"0":0},"b":{}}
,"C:\\Users\\FIDI\\Documents\\Business2025Deployed\\SkyLabs\\SkyLabs\\client\\src\\main.tsx": {"path":"C:\\Users\\FIDI\\Documents\\Business2025Deployed\\SkyLabs\\SkyLabs\\client\\src\\main.tsx","statementMap":{"0":{"start":{"line":7,"column":0},"end":{"line":18,"column":1}}},"fnMap":{},"branchMap":{},"s":{"0":0},"f":{},"b":{}}
,"C:\\Users\\FIDI\\Documents\\Business2025Deployed\\SkyLabs\\SkyLabs\\client\\src\\app\\contact\\page.tsx": {"path":"C:\\Users\\FIDI\\Documents\\Business2025Deployed\\SkyLabs\\SkyLabs\\client\\src\\app\\contact\\page.tsx","statementMap":{"0":{"start":{"line":9,"column":33},"end":{"line":20,"column":1}},"1":{"start":{"line":10,"column":8},"end":{"line":10,"column":55}},"2":{"start":{"line":14,"column":6},"end":{"line":17,"column":12}},"3":{"start":{"line":23,"column":2},"end":{"line":126,"column":4}}},"fnMap":{"0":{"name":"(anonymous_0)","decl":{"start":{"line":10,"column":2},"end":{"line":10,"column":3}},"loc":{"start":{"line":10,"column":8},"end":{"line":10,"column":55}},"line":10},"1":{"name":"(anonymous_1)","decl":{"start":{"line":13,"column":13},"end":{"line":13,"column":14}},"loc":{"start":{"line":14,"column":6},"end":{"line":17,"column":12}},"line":14},"2":{"name":"ContactPage","decl":{"start":{"line":22,"column":24},"end":{"line":22,"column":35}},"loc":{"start":{"line":22,"column":38},"end":{"line":127,"column":1}},"line":22}},"branchMap":{},"s":{"0":0,"1":0,"2":0,"3":0},"f":{"0":0,"1":0,"2":0},"b":{}}
,"C:\\Users\\FIDI\\Documents\\Business2025Deployed\\SkyLabs\\SkyLabs\\client\\src\\components\\ErrorBoundary.tsx": {"path":"C:\\Users\\FIDI\\Documents\\Business2025Deployed\\SkyLabs\\SkyLabs\\client\\src\\components\\ErrorBoundary.tsx","statementMap":{"0":{"start":{"line":16,"column":37},"end":{"line":18,"column":3}},"1":{"start":{"line":22,"column":4},"end":{"line":22,"column":37}},"2":{"start":{"line":27,"column":4},"end":{"line":27,"column":70}},"3":{"start":{"line":28,"column":4},"end":{"line":28,"column":40}},"4":{"start":{"line":31,"column":4},"end":{"line":33,"column":5}},"5":{"start":{"line":32,"column":6},"end":{"line":32,"column":43}},"6":{"start":{"line":36,"column":24},"end":{"line":38,"column":3}},"7":{"start":{"line":37,"column":4},"end":{"line":37,"column":79}},"8":{"start":{"line":41,"column":4},"end":{"line":81,"column":5}},"9":{"start":{"line":43,"column":6},"end":{"line":80,"column":8}},"10":{"start":{"line":83,"column":4},"end":{"line":83,"column":31}}},"fnMap":{"0":{"name":"(anonymous_0)","decl":{"start":{"line":20,"column":2},"end":{"line":20,"column":3}},"loc":{"start":{"line":20,"column":75},"end":{"line":23,"column":3}},"line":20},"1":{"name":"(anonymous_1)","decl":{"start":{"line":25,"column":2},"end":{"line":25,"column":3}},"loc":{"start":{"line":25,"column":63},"end":{"line":34,"column":3}},"line":25},"2":{"name":"(anonymous_2)","decl":{"start":{"line":36,"column":24},"end":{"line":36,"column":25}},"loc":{"start":{"line":36,"column":30},"end":{"line":38,"column":3}},"line":36},"3":{"name":"(anonymous_3)","decl":{"start":{"line":40,"column":2},"end":{"line":40,"column":3}},"loc":{"start":{"line":40,"column":18},"end":{"line":84,"column":3}},"line":40}},"branchMap":{"0":{"loc":{"start":{"line":31,"column":4},"end":{"line":33,"column":5}},"type":"if","locations":[{"start":{"line":31,"column":4},"end":{"line":33,"column":5}},{"start":{},"end":{}}],"line":31},"1":{"loc":{"start":{"line":41,"column":4},"end":{"line":81,"column":5}},"type":"if","locations":[{"start":{"line":41,"column":4},"end":{"line":81,"column":5}},{"start":{},"end":{}}],"line":41},"2":{"loc":{"start":{"line":43,"column":13},"end":{"line":80,"column":7}},"type":"binary-expr","locations":[{"start":{"line":43,"column":13},"end":{"line":43,"column":32}},{"start":{"line":44,"column":8},"end":{"line":79,"column":14}}],"line":43},"3":{"loc":{"start":{"line":57,"column":20},"end":{"line":57,"column":76}},"type":"binary-expr","locations":[{"start":{"line":57,"column":20},"end":{"line":57,"column":45}},{"start":{"line":57,"column":49},"end":{"line":57,"column":76}}],"line":57},"4":{"loc":{"start":{"line":58,"column":17},"end":{"line":66,"column":17}},"type":"binary-expr","locations":[{"start":{"line":58,"column":17},"end":{"line":58,"column":55}},{"start":{"line":58,"column":59},"end":{"line":58,"column":79}},{"start":{"line":59,"column":18},"end":{"line":65,"column":28}}],"line":58}},"s":{"0":0,"1":0,"2":0,"3":0,"4":0,"5":0,"6":0,"7":0,"8":0,"9":0,"10":0},"f":{"0":0,"1":0,"2":0,"3":0},"b":{"0":[0,0],"1":[0,0],"2":[0,0],"3":[0,0],"4":[0,0,0]}}
,"C:\\Users\\FIDI\\Documents\\Business2025Deployed\\SkyLabs\\SkyLabs\\client\\src\\components\\about.tsx": {"path":"C:\\Users\\FIDI\\Documents\\Business2025Deployed\\SkyLabs\\SkyLabs\\client\\src\\components\\about.tsx","statementMap":{"0":{"start":{"line":2,"column":2},"end":{"line":36,"column":4}}},"fnMap":{"0":{"name":"About","decl":{"start":{"line":1,"column":24},"end":{"line":1,"column":29}},"loc":{"start":{"line":1,"column":32},"end":{"line":37,"column":1}},"line":1}},"branchMap":{},"s":{"0":0},"f":{"0":0},"b":{}}
,"C:\\Users\\FIDI\\Documents\\Business2025Deployed\\SkyLabs\\SkyLabs\\client\\src\\components\\footer.tsx": {"path":"C:\\Users\\FIDI\\Documents\\Business2025Deployed\\SkyLabs\\SkyLabs\\client\\src\\components\\footer.tsx","statementMap":{"0":{"start":{"line":4,"column":2},"end":{"line":44,"column":4}}},"fnMap":{"0":{"name":"Footer","decl":{"start":{"line":3,"column":24},"end":{"line":3,"column":30}},"loc":{"start":{"line":3,"column":33},"end":{"line":45,"column":1}},"line":3}},"branchMap":{},"s":{"0":0},"f":{"0":0},"b":{}}
,"C:\\Users\\FIDI\\Documents\\Business2025Deployed\\SkyLabs\\SkyLabs\\client\\src\\components\\header.tsx": {"path":"C:\\Users\\FIDI\\Documents\\Business2025Deployed\\SkyLabs\\SkyLabs\\client\\src\\components\\header.tsx","statementMap":{"0":{"start":{"line":12,"column":38},"end":{"line":12,"column":53}},"1":{"start":{"line":14,"column":2},"end":{"line":21,"column":9}},"2":{"start":{"line":15,"column":25},"end":{"line":17,"column":5}},"3":{"start":{"line":16,"column":6},"end":{"line":16,"column":42}},"4":{"start":{"line":19,"column":4},"end":{"line":19,"column":52}},"5":{"start":{"line":20,"column":4},"end":{"line":20,"column":68}},"6":{"start":{"line":20,"column":17},"end":{"line":20,"column":67}},"7":{"start":{"line":23,"column":26},"end":{"line":29,"column":3}},"8":{"start":{"line":24,"column":20},"end":{"line":24,"column":54}},"9":{"start":{"line":25,"column":4},"end":{"line":27,"column":5}},"10":{"start":{"line":26,"column":6},"end":{"line":26,"column":53}},"11":{"start":{"line":28,"column":4},"end":{"line":28,"column":25}},"12":{"start":{"line":31,"column":2},"end":{"line":210,"column":4}},"13":{"start":{"line":61,"column":18},"end":{"line":61,"column":37}},"14":{"start":{"line":62,"column":18},"end":{"line":62,"column":42}},"15":{"start":{"line":71,"column":18},"end":{"line":71,"column":37}},"16":{"start":{"line":72,"column":18},"end":{"line":72,"column":43}},"17":{"start":{"line":81,"column":18},"end":{"line":81,"column":37}},"18":{"start":{"line":82,"column":18},"end":{"line":82,"column":46}},"19":{"start":{"line":91,"column":18},"end":{"line":91,"column":37}},"20":{"start":{"line":92,"column":18},"end":{"line":92,"column":47}},"21":{"start":{"line":101,"column":18},"end":{"line":101,"column":37}},"22":{"start":{"line":102,"column":18},"end":{"line":102,"column":45}},"23":{"start":{"line":124,"column":29},"end":{"line":124,"column":55}},"24":{"start":{"line":145,"column":18},"end":{"line":145,"column":37}},"25":{"start":{"line":146,"column":18},"end":{"line":146,"column":42}},"26":{"start":{"line":147,"column":18},"end":{"line":147,"column":39}},"27":{"start":{"line":156,"column":18},"end":{"line":156,"column":37}},"28":{"start":{"line":157,"column":18},"end":{"line":157,"column":43}},"29":{"start":{"line":158,"column":18},"end":{"line":158,"column":39}},"30":{"start":{"line":167,"column":18},"end":{"line":167,"column":37}},"31":{"start":{"line":168,"column":18},"end":{"line":168,"column":46}},"32":{"start":{"line":169,"column":18},"end":{"line":169,"column":39}},"33":{"start":{"line":178,"column":18},"end":{"line":178,"column":37}},"34":{"start":{"line":179,"column":18},"end":{"line":179,"column":47}},"35":{"start":{"line":180,"column":18},"end":{"line":180,"column":39}},"36":{"start":{"line":189,"column":18},"end":{"line":189,"column":37}},"37":{"start":{"line":190,"column":18},"end":{"line":190,"column":45}},"38":{"start":{"line":191,"column":18},"end":{"line":191,"column":39}}},"fnMap":{"0":{"name":"Header","decl":{"start":{"line":11,"column":24},"end":{"line":11,"column":30}},"loc":{"start":{"line":11,"column":85},"end":{"line":211,"column":1}},"line":11},"1":{"name":"(anonymous_1)","decl":{"start":{"line":14,"column":12},"end":{"line":14,"column":13}},"loc":{"start":{"line":14,"column":18},"end":{"line":21,"column":3}},"line":14},"2":{"name":"(anonymous_2)","decl":{"start":{"line":15,"column":25},"end":{"line":15,"column":26}},"loc":{"start":{"line":15,"column":31},"end":{"line":17,"column":5}},"line":15},"3":{"name":"(anonymous_3)","decl":{"start":{"line":20,"column":11},"end":{"line":20,"column":12}},"loc":{"start":{"line":20,"column":17},"end":{"line":20,"column":67}},"line":20},"4":{"name":"(anonymous_4)","decl":{"start":{"line":23,"column":26},"end":{"line":23,"column":27}},"loc":{"start":{"line":23,"column":49},"end":{"line":29,"column":3}},"line":23},"5":{"name":"(anonymous_5)","decl":{"start":{"line":60,"column":25},"end":{"line":60,"column":26}},"loc":{"start":{"line":60,"column":32},"end":{"line":63,"column":17}},"line":60},"6":{"name":"(anonymous_6)","decl":{"start":{"line":70,"column":25},"end":{"line":70,"column":26}},"loc":{"start":{"line":70,"column":32},"end":{"line":73,"column":17}},"line":70},"7":{"name":"(anonymous_7)","decl":{"start":{"line":80,"column":25},"end":{"line":80,"column":26}},"loc":{"start":{"line":80,"column":32},"end":{"line":83,"column":17}},"line":80},"8":{"name":"(anonymous_8)","decl":{"start":{"line":90,"column":25},"end":{"line":90,"column":26}},"loc":{"start":{"line":90,"column":32},"end":{"line":93,"column":17}},"line":90},"9":{"name":"(anonymous_9)","decl":{"start":{"line":100,"column":25},"end":{"line":100,"column":26}},"loc":{"start":{"line":100,"column":32},"end":{"line":103,"column":17}},"line":100},"10":{"name":"(anonymous_10)","decl":{"start":{"line":124,"column":23},"end":{"line":124,"column":24}},"loc":{"start":{"line":124,"column":29},"end":{"line":124,"column":55}},"line":124},"11":{"name":"(anonymous_11)","decl":{"start":{"line":144,"column":25},"end":{"line":144,"column":26}},"loc":{"start":{"line":144,"column":32},"end":{"line":148,"column":17}},"line":144},"12":{"name":"(anonymous_12)","decl":{"start":{"line":155,"column":25},"end":{"line":155,"column":26}},"loc":{"start":{"line":155,"column":32},"end":{"line":159,"column":17}},"line":155},"13":{"name":"(anonymous_13)","decl":{"start":{"line":166,"column":25},"end":{"line":166,"column":26}},"loc":{"start":{"line":166,"column":32},"end":{"line":170,"column":17}},"line":166},"14":{"name":"(anonymous_14)","decl":{"start":{"line":177,"column":25},"end":{"line":177,"column":26}},"loc":{"start":{"line":177,"column":32},"end":{"line":181,"column":17}},"line":177},"15":{"name":"(anonymous_15)","decl":{"start":{"line":188,"column":25},"end":{"line":188,"column":26}},"loc":{"start":{"line":188,"column":32},"end":{"line":192,"column":17}},"line":188}},"branchMap":{"0":{"loc":{"start":{"line":25,"column":4},"end":{"line":27,"column":5}},"type":"if","locations":[{"start":{"line":25,"column":4},"end":{"line":27,"column":5}},{"start":{},"end":{}}],"line":25},"1":{"loc":{"start":{"line":33,"column":6},"end":{"line":33,"column":68}},"type":"cond-expr","locations":[{"start":{"line":33,"column":19},"end":{"line":33,"column":47}},{"start":{"line":33,"column":50},"end":{"line":33,"column":68}}],"line":33},"2":{"loc":{"start":{"line":125,"column":29},"end":{"line":125,"column":58}},"type":"cond-expr","locations":[{"start":{"line":125,"column":42},"end":{"line":125,"column":48}},{"start":{"line":125,"column":51},"end":{"line":125,"column":58}}],"line":125},"3":{"loc":{"start":{"line":128,"column":15},"end":{"line":132,"column":15}},"type":"cond-expr","locations":[{"start":{"line":129,"column":16},"end":{"line":129,"column":47}},{"start":{"line":131,"column":16},"end":{"line":131,"column":50}}],"line":128},"4":{"loc":{"start":{"line":138,"column":9},"end":{"line":207,"column":9}},"type":"binary-expr","locations":[{"start":{"line":138,"column":9},"end":{"line":138,"column":19}},{"start":{"line":139,"column":10},"end":{"line":206,"column":16}}],"line":138}},"s":{"0":0,"1":0,"2":0,"3":0,"4":0,"5":0,"6":0,"7":0,"8":0,"9":0,"10":0,"11":0,"12":0,"13":0,"14":0,"15":0,"16":0,"17":0,"18":0,"19":0,"20":0,"21":0,"22":0,"23":0,"24":0,"25":0,"26":0,"27":0,"28":0,"29":0,"30":0,"31":0,"32":0,"33":0,"34":0,"35":0,"36":0,"37":0,"38":0},"f":{"0":0,"1":0,"2":0,"3":0,"4":0,"5":0,"6":0,"7":0,"8":0,"9":0,"10":0,"11":0,"12":0,"13":0,"14":0,"15":0},"b":{"0":[0,0],"1":[0,0],"2":[0,0],"3":[0,0],"4":[0,0]}}
,"C:\\Users\\FIDI\\Documents\\Business2025Deployed\\SkyLabs\\SkyLabs\\client\\src\\components\\hero.tsx": {"path":"C:\\Users\\FIDI\\Documents\\Business2025Deployed\\SkyLabs\\SkyLabs\\client\\src\\components\\hero.tsx","statementMap":{"0":{"start":{"line":5,"column":26},"end":{"line":10,"column":3}},"1":{"start":{"line":6,"column":20},"end":{"line":6,"column":54}},"2":{"start":{"line":7,"column":4},"end":{"line":9,"column":5}},"3":{"start":{"line":8,"column":6},"end":{"line":8,"column":53}},"4":{"start":{"line":12,"column":2},"end":{"line":39,"column":4}}},"fnMap":{"0":{"name":"Hero","decl":{"start":{"line":4,"column":24},"end":{"line":4,"column":28}},"loc":{"start":{"line":4,"column":31},"end":{"line":40,"column":1}},"line":4},"1":{"name":"(anonymous_1)","decl":{"start":{"line":5,"column":26},"end":{"line":5,"column":27}},"loc":{"start":{"line":5,"column":32},"end":{"line":10,"column":3}},"line":5}},"branchMap":{"0":{"loc":{"start":{"line":7,"column":4},"end":{"line":9,"column":5}},"type":"if","locations":[{"start":{"line":7,"column":4},"end":{"line":9,"column":5}},{"start":{},"end":{}}],"line":7}},"s":{"0":0,"1":0,"2":0,"3":0,"4":0},"f":{"0":0,"1":0},"b":{"0":[0,0]}}
,"C:\\Users\\FIDI\\Documents\\Business2025Deployed\\SkyLabs\\SkyLabs\\client\\src\\components\\portfolio-modal.tsx": {"path":"C:\\Users\\FIDI\\Documents\\Business2025Deployed\\SkyLabs\\SkyLabs\\client\\src\\components\\portfolio-modal.tsx","statementMap":{"0":{"start":{"line":26,"column":2},"end":{"line":26,"column":28}},"1":{"start":{"line":26,"column":16},"end":{"line":26,"column":28}},"2":{"start":{"line":28,"column":2},"end":{"line":80,"column":4}},"3":{"start":{"line":63,"column":18},"end":{"line":63,"column":47}},"4":{"start":{"line":72,"column":18},"end":{"line":72,"column":49}}},"fnMap":{"0":{"name":"PortfolioModal","decl":{"start":{"line":25,"column":24},"end":{"line":25,"column":38}},"loc":{"start":{"line":25,"column":82},"end":{"line":81,"column":1}},"line":25},"1":{"name":"(anonymous_1)","decl":{"start":{"line":62,"column":50},"end":{"line":62,"column":51}},"loc":{"start":{"line":63,"column":18},"end":{"line":63,"column":47}},"line":63},"2":{"name":"(anonymous_2)","decl":{"start":{"line":71,"column":45},"end":{"line":71,"column":46}},"loc":{"start":{"line":72,"column":18},"end":{"line":72,"column":49}},"line":72}},"branchMap":{"0":{"loc":{"start":{"line":26,"column":2},"end":{"line":26,"column":28}},"type":"if","locations":[{"start":{"line":26,"column":2},"end":{"line":26,"column":28}},{"start":{},"end":{}}],"line":26}},"s":{"0":0,"1":0,"2":0,"3":0,"4":0},"f":{"0":0,"1":0,"2":0},"b":{"0":[0,0]}}
,"C:\\Users\\FIDI\\Documents\\Business2025Deployed\\SkyLabs\\SkyLabs\\client\\src\\components\\portfolio.tsx": {"path":"C:\\Users\\FIDI\\Documents\\Business2025Deployed\\SkyLabs\\SkyLabs\\client\\src\\components\\portfolio.tsx","statementMap":{"0":{"start":{"line":6,"column":23},"end":{"line":139,"column":1}},"1":{"start":{"line":142,"column":48},"end":{"line":142,"column":95}},"2":{"start":{"line":144,"column":2},"end":{"line":186,"column":4}},"3":{"start":{"line":154,"column":12},"end":{"line":176,"column":18}},"4":{"start":{"line":157,"column":29},"end":{"line":157,"column":53}},"5":{"start":{"line":183,"column":23},"end":{"line":183,"column":47}}},"fnMap":{"0":{"name":"Portfolio","decl":{"start":{"line":141,"column":24},"end":{"line":141,"column":33}},"loc":{"start":{"line":141,"column":36},"end":{"line":187,"column":1}},"line":141},"1":{"name":"(anonymous_1)","decl":{"start":{"line":153,"column":30},"end":{"line":153,"column":31}},"loc":{"start":{"line":154,"column":12},"end":{"line":176,"column":18}},"line":154},"2":{"name":"(anonymous_2)","decl":{"start":{"line":157,"column":23},"end":{"line":157,"column":24}},"loc":{"start":{"line":157,"column":29},"end":{"line":157,"column":53}},"line":157},"3":{"name":"(anonymous_3)","decl":{"start":{"line":183,"column":17},"end":{"line":183,"column":18}},"loc":{"start":{"line":183,"column":23},"end":{"line":183,"column":47}},"line":183}},"branchMap":{},"s":{"0":0,"1":0,"2":0,"3":0,"4":0,"5":0},"f":{"0":0,"1":0,"2":0,"3":0},"b":{}}
,"C:\\Users\\FIDI\\Documents\\Business2025Deployed\\SkyLabs\\SkyLabs\\client\\src\\components\\services.tsx": {"path":"C:\\Users\\FIDI\\Documents\\Business2025Deployed\\SkyLabs\\SkyLabs\\client\\src\\components\\services.tsx","statementMap":{"0":{"start":{"line":4,"column":17},"end":{"line":25,"column":1}},"1":{"start":{"line":28,"column":26},"end":{"line":33,"column":3}},"2":{"start":{"line":29,"column":20},"end":{"line":29,"column":54}},"3":{"start":{"line":30,"column":4},"end":{"line":32,"column":5}},"4":{"start":{"line":31,"column":6},"end":{"line":31,"column":53}},"5":{"start":{"line":35,"column":2},"end":{"line":67,"column":4}},"6":{"start":{"line":45,"column":25},"end":{"line":45,"column":37}},"7":{"start":{"line":46,"column":12},"end":{"line":62,"column":14}}},"fnMap":{"0":{"name":"Services","decl":{"start":{"line":27,"column":24},"end":{"line":27,"column":32}},"loc":{"start":{"line":27,"column":35},"end":{"line":68,"column":1}},"line":27},"1":{"name":"(anonymous_1)","decl":{"start":{"line":28,"column":26},"end":{"line":28,"column":27}},"loc":{"start":{"line":28,"column":32},"end":{"line":33,"column":3}},"line":28},"2":{"name":"(anonymous_2)","decl":{"start":{"line":44,"column":24},"end":{"line":44,"column":25}},"loc":{"start":{"line":44,"column":44},"end":{"line":63,"column":11}},"line":44}},"branchMap":{"0":{"loc":{"start":{"line":30,"column":4},"end":{"line":32,"column":5}},"type":"if","locations":[{"start":{"line":30,"column":4},"end":{"line":32,"column":5}},{"start":{},"end":{}}],"line":30}},"s":{"0":0,"1":0,"2":0,"3":0,"4":0,"5":0,"6":0,"7":0},"f":{"0":0,"1":0,"2":0},"b":{"0":[0,0]}}
,"C:\\Users\\FIDI\\Documents\\Business2025Deployed\\SkyLabs\\SkyLabs\\client\\src\\components\\theme-provider.tsx": {"path":"C:\\Users\\FIDI\\Documents\\Business2025Deployed\\SkyLabs\\SkyLabs\\client\\src\\components\\theme-provider.tsx","statementMap":{"0":{"start":{"line":13,"column":2},"end":{"line":13,"column":71}}},"fnMap":{"0":{"name":"ThemeProvider","decl":{"start":{"line":12,"column":16},"end":{"line":12,"column":29}},"loc":{"start":{"line":12,"column":74},"end":{"line":14,"column":1}},"line":12}},"branchMap":{},"s":{"0":0},"f":{"0":0},"b":{}}
,"C:\\Users\\FIDI\\Documents\\Business2025Deployed\\SkyLabs\\SkyLabs\\client\\src\\components\\theme-toggle.tsx": {"path":"C:\\Users\\FIDI\\Documents\\Business2025Deployed\\SkyLabs\\SkyLabs\\client\\src\\components\\theme-toggle.tsx","statementMap":{"0":{"start":{"line":14,"column":23},"end":{"line":14,"column":33}},"1":{"start":{"line":16,"column":2},"end":{"line":37,"column":3}},"2":{"start":{"line":26,"column":41},"end":{"line":26,"column":58}},"3":{"start":{"line":29,"column":41},"end":{"line":29,"column":57}},"4":{"start":{"line":32,"column":41},"end":{"line":32,"column":59}}},"fnMap":{"0":{"name":"ThemeToggle","decl":{"start":{"line":13,"column":16},"end":{"line":13,"column":27}},"loc":{"start":{"line":13,"column":30},"end":{"line":38,"column":1}},"line":13},"1":{"name":"(anonymous_1)","decl":{"start":{"line":26,"column":35},"end":{"line":26,"column":36}},"loc":{"start":{"line":26,"column":41},"end":{"line":26,"column":58}},"line":26},"2":{"name":"(anonymous_2)","decl":{"start":{"line":29,"column":35},"end":{"line":29,"column":36}},"loc":{"start":{"line":29,"column":41},"end":{"line":29,"column":57}},"line":29},"3":{"name":"(anonymous_3)","decl":{"start":{"line":32,"column":35},"end":{"line":32,"column":36}},"loc":{"start":{"line":32,"column":41},"end":{"line":32,"column":59}},"line":32}},"branchMap":{},"s":{"0":0,"1":0,"2":0,"3":0,"4":0},"f":{"0":0,"1":0,"2":0,"3":0},"b":{}}
,"C:\\Users\\FIDI\\Documents\\Business2025Deployed\\SkyLabs\\SkyLabs\\client\\src\\components\\ContactFormWithRecaptcha\\ContactFormWithRecaptcha.tsx": {"path":"C:\\Users\\FIDI\\Documents\\Business2025Deployed\\SkyLabs\\SkyLabs\\client\\src\\components\\ContactFormWithRecaptcha\\ContactFormWithRecaptcha.tsx","statementMap":{"0":{"start":{"line":51,"column":27},"end":{"line":51,"column":39}},"1":{"start":{"line":52,"column":32},"end":{"line":52,"column":103}},"2":{"start":{"line":53,"column":30},"end":{"line":53,"column":95}},"3":{"start":{"line":54,"column":32},"end":{"line":54,"column":66}},"4":{"start":{"line":57,"column":19},"end":{"line":173,"column":2}},"5":{"start":{"line":75,"column":21},"end":{"line":75,"column":40}},"6":{"start":{"line":82,"column":6},"end":{"line":96,"column":3}},"7":{"start":{"line":99,"column":2},"end":{"line":136,"column":3}},"8":{"start":{"line":100,"column":68},"end":{"line":105,"column":5}},"9":{"start":{"line":107,"column":4},"end":{"line":135,"column":6}},"10":{"start":{"line":139,"column":75},"end":{"line":142,"column":3}},"11":{"start":{"line":144,"column":2},"end":{"line":172,"column":4}},"12":{"start":{"line":176,"column":46},"end":{"line":240,"column":1}},"13":{"start":{"line":181,"column":2},"end":{"line":181,"column":27}},"14":{"start":{"line":181,"column":15},"end":{"line":181,"column":27}},"15":{"start":{"line":183,"column":20},"end":{"line":183,"column":34}},"16":{"start":{"line":184,"column":20},"end":{"line":187,"column":3}},"17":{"start":{"line":189,"column":15},"end":{"line":189,"column":45}},"18":{"start":{"line":191,"column":2},"end":{"line":239,"column":4}},"19":{"start":{"line":243,"column":54},"end":{"line":255,"column":1}},"20":{"start":{"line":248,"column":2},"end":{"line":254,"column":6}},"21":{"start":{"line":258,"column":50},"end":{"line":273,"column":1}},"22":{"start":{"line":262,"column":2},"end":{"line":272,"column":8}},"23":{"start":{"line":322,"column":74},"end":{"line":515,"column":1}},"24":{"start":{"line":353,"column":6},"end":{"line":353,"column":48}},"25":{"start":{"line":356,"column":2},"end":{"line":360,"column":34}},"26":{"start":{"line":357,"column":4},"end":{"line":359,"column":5}},"27":{"start":{"line":358,"column":6},"end":{"line":358,"column":36}},"28":{"start":{"line":363,"column":27},"end":{"line":369,"column":41}},"29":{"start":{"line":364,"column":4},"end":{"line":364,"column":23}},"30":{"start":{"line":365,"column":20},"end":{"line":365,"column":41}},"31":{"start":{"line":366,"column":4},"end":{"line":368,"column":5}},"32":{"start":{"line":367,"column":6},"end":{"line":367,"column":34}},"33":{"start":{"line":372,"column":2},"end":{"line":374,"column":3}},"34":{"start":{"line":373,"column":4},"end":{"line":373,"column":53}},"35":{"start":{"line":376,"column":2},"end":{"line":514,"column":4}},"36":{"start":{"line":522,"column":8},"end":{"line":522,"column":49}},"37":{"start":{"line":526,"column":6},"end":{"line":541,"column":12}},"38":{"start":{"line":553,"column":0},"end":{"line":553,"column":66}}},"fnMap":{"0":{"name":"(anonymous_0)","decl":{"start":{"line":57,"column":30},"end":{"line":57,"column":31}},"loc":{"start":{"line":74,"column":23},"end":{"line":173,"column":1}},"line":74},"1":{"name":"(anonymous_1)","decl":{"start":{"line":176,"column":46},"end":{"line":176,"column":47}},"loc":{"start":{"line":180,"column":6},"end":{"line":240,"column":1}},"line":180},"2":{"name":"(anonymous_2)","decl":{"start":{"line":243,"column":54},"end":{"line":243,"column":55}},"loc":{"start":{"line":248,"column":2},"end":{"line":254,"column":6}},"line":248},"3":{"name":"(anonymous_3)","decl":{"start":{"line":258,"column":50},"end":{"line":258,"column":51}},"loc":{"start":{"line":262,"column":2},"end":{"line":272,"column":8}},"line":262},"4":{"name":"(anonymous_4)","decl":{"start":{"line":322,"column":74},"end":{"line":322,"column":75}},"loc":{"start":{"line":333,"column":6},"end":{"line":515,"column":1}},"line":333},"5":{"name":"(anonymous_5)","decl":{"start":{"line":356,"column":12},"end":{"line":356,"column":13}},"loc":{"start":{"line":356,"column":18},"end":{"line":360,"column":3}},"line":356},"6":{"name":"(anonymous_6)","decl":{"start":{"line":363,"column":39},"end":{"line":363,"column":40}},"loc":{"start":{"line":363,"column":86},"end":{"line":369,"column":3}},"line":363},"7":{"name":"(anonymous_7)","decl":{"start":{"line":522,"column":2},"end":{"line":522,"column":3}},"loc":{"start":{"line":522,"column":8},"end":{"line":522,"column":49}},"line":522},"8":{"name":"(anonymous_8)","decl":{"start":{"line":525,"column":13},"end":{"line":525,"column":14}},"loc":{"start":{"line":526,"column":6},"end":{"line":541,"column":12}},"line":526}},"branchMap":{"0":{"loc":{"start":{"line":60,"column":2},"end":{"line":60,"column":15}},"type":"default-arg","locations":[{"start":{"line":60,"column":9},"end":{"line":60,"column":15}}],"line":60},"1":{"loc":{"start":{"line":64,"column":2},"end":{"line":64,"column":18}},"type":"default-arg","locations":[{"start":{"line":64,"column":13},"end":{"line":64,"column":18}}],"line":64},"2":{"loc":{"start":{"line":65,"column":2},"end":{"line":65,"column":18}},"type":"default-arg","locations":[{"start":{"line":65,"column":13},"end":{"line":65,"column":18}}],"line":65},"3":{"loc":{"start":{"line":72,"column":2},"end":{"line":72,"column":16}},"type":"default-arg","locations":[{"start":{"line":72,"column":14},"end":{"line":72,"column":16}}],"line":72},"4":{"loc":{"start":{"line":90,"column":6},"end":{"line":90,"column":50}},"type":"cond-expr","locations":[{"start":{"line":90,"column":14},"end":{"line":90,"column":30}},{"start":{"line":90,"column":33},"end":{"line":90,"column":50}}],"line":90},"5":{"loc":{"start":{"line":93,"column":24},"end":{"line":93,"column":57}},"type":"cond-expr","locations":[{"start":{"line":93,"column":32},"end":{"line":93,"column":45}},{"start":{"line":93,"column":48},"end":{"line":93,"column":57}}],"line":93},"6":{"loc":{"start":{"line":94,"column":21},"end":{"line":94,"column":59}},"type":"cond-expr","locations":[{"start":{"line":94,"column":32},"end":{"line":94,"column":47}},{"start":{"line":94,"column":50},"end":{"line":94,"column":59}}],"line":94},"7":{"loc":{"start":{"line":99,"column":2},"end":{"line":136,"column":3}},"type":"if","locations":[{"start":{"line":99,"column":2},"end":{"line":136,"column":3}},{"start":{},"end":{}}],"line":99},"8":{"loc":{"start":{"line":111,"column":11},"end":{"line":116,"column":11}},"type":"binary-expr","locations":[{"start":{"line":111,"column":11},"end":{"line":111,"column":19}},{"start":{"line":112,"column":12},"end":{"line":115,"column":15}}],"line":111},"9":{"loc":{"start":{"line":124,"column":9},"end":{"line":133,"column":9}},"type":"binary-expr","locations":[{"start":{"line":124,"column":9},"end":{"line":124,"column":14}},{"start":{"line":125,"column":10},"end":{"line":132,"column":14}}],"line":124},"10":{"loc":{"start":{"line":141,"column":10},"end":{"line":141,"column":19}},"type":"binary-expr","locations":[{"start":{"line":141,"column":10},"end":{"line":141,"column":14}},{"start":{"line":141,"column":18},"end":{"line":141,"column":19}}],"line":141},"11":{"loc":{"start":{"line":148,"column":9},"end":{"line":153,"column":9}},"type":"binary-expr","locations":[{"start":{"line":148,"column":9},"end":{"line":148,"column":17}},{"start":{"line":149,"column":10},"end":{"line":152,"column":13}}],"line":148},"12":{"loc":{"start":{"line":161,"column":7},"end":{"line":170,"column":7}},"type":"binary-expr","locations":[{"start":{"line":161,"column":7},"end":{"line":161,"column":12}},{"start":{"line":162,"column":8},"end":{"line":169,"column":12}}],"line":161},"13":{"loc":{"start":{"line":179,"column":2},"end":{"line":179,"column":16}},"type":"default-arg","locations":[{"start":{"line":179,"column":14},"end":{"line":179,"column":16}}],"line":179},"14":{"loc":{"start":{"line":181,"column":2},"end":{"line":181,"column":27}},"type":"if","locations":[{"start":{"line":181,"column":2},"end":{"line":181,"column":27}},{"start":{},"end":{}}],"line":181},"15":{"loc":{"start":{"line":185,"column":26},"end":{"line":185,"column":74}},"type":"cond-expr","locations":[{"start":{"line":185,"column":38},"end":{"line":185,"column":54}},{"start":{"line":185,"column":57},"end":{"line":185,"column":74}}],"line":185},"16":{"loc":{"start":{"line":189,"column":15},"end":{"line":189,"column":45}},"type":"cond-expr","locations":[{"start":{"line":189,"column":27},"end":{"line":189,"column":35}},{"start":{"line":189,"column":38},"end":{"line":189,"column":45}}],"line":189},"17":{"loc":{"start":{"line":195,"column":8},"end":{"line":197,"column":71}},"type":"cond-expr","locations":[{"start":{"line":196,"column":12},"end":{"line":196,"column":68}},{"start":{"line":197,"column":12},"end":{"line":197,"column":71}}],"line":195},"18":{"loc":{"start":{"line":205,"column":11},"end":{"line":221,"column":11}},"type":"cond-expr","locations":[{"start":{"line":206,"column":12},"end":{"line":212,"column":18}},{"start":{"line":214,"column":12},"end":{"line":220,"column":18}}],"line":205},"19":{"loc":{"start":{"line":225,"column":11},"end":{"line":235,"column":11}},"type":"binary-expr","locations":[{"start":{"line":225,"column":11},"end":{"line":225,"column":21}},{"start":{"line":225,"column":25},"end":{"line":225,"column":32}},{"start":{"line":226,"column":12},"end":{"line":234,"column":18}}],"line":225},"20":{"loc":{"start":{"line":244,"column":2},"end":{"line":244,"column":27}},"type":"default-arg","locations":[{"start":{"line":244,"column":13},"end":{"line":244,"column":27}}],"line":244},"21":{"loc":{"start":{"line":245,"column":2},"end":{"line":245,"column":16}},"type":"default-arg","locations":[{"start":{"line":245,"column":14},"end":{"line":245,"column":16}}],"line":245},"22":{"loc":{"start":{"line":246,"column":2},"end":{"line":246,"column":27}},"type":"default-arg","locations":[{"start":{"line":246,"column":13},"end":{"line":246,"column":27}}],"line":246},"23":{"loc":{"start":{"line":259,"column":2},"end":{"line":259,"column":35}},"type":"default-arg","locations":[{"start":{"line":259,"column":12},"end":{"line":259,"column":35}}],"line":259},"24":{"loc":{"start":{"line":260,"column":2},"end":{"line":260,"column":16}},"type":"default-arg","locations":[{"start":{"line":260,"column":14},"end":{"line":260,"column":16}}],"line":260},"25":{"loc":{"start":{"line":324,"column":2},"end":{"line":324,"column":27}},"type":"default-arg","locations":[{"start":{"line":324,"column":13},"end":{"line":324,"column":27}}],"line":324},"26":{"loc":{"start":{"line":325,"column":2},"end":{"line":325,"column":16}},"type":"default-arg","locations":[{"start":{"line":325,"column":14},"end":{"line":325,"column":16}}],"line":325},"27":{"loc":{"start":{"line":326,"column":2},"end":{"line":326,"column":32}},"type":"default-arg","locations":[{"start":{"line":326,"column":14},"end":{"line":326,"column":32}}],"line":326},"28":{"loc":{"start":{"line":327,"column":2},"end":{"line":327,"column":42}},"type":"default-arg","locations":[{"start":{"line":327,"column":19},"end":{"line":327,"column":42}}],"line":327},"29":{"loc":{"start":{"line":328,"column":2},"end":{"line":328,"column":38}},"type":"default-arg","locations":[{"start":{"line":328,"column":17},"end":{"line":328,"column":38}}],"line":328},"30":{"loc":{"start":{"line":329,"column":2},"end":{"line":329,"column":42}},"type":"default-arg","locations":[{"start":{"line":329,"column":19},"end":{"line":329,"column":42}}],"line":329},"31":{"loc":{"start":{"line":357,"column":4},"end":{"line":359,"column":5}},"type":"if","locations":[{"start":{"line":357,"column":4},"end":{"line":359,"column":5}},{"start":{},"end":{}}],"line":357},"32":{"loc":{"start":{"line":366,"column":4},"end":{"line":368,"column":5}},"type":"if","locations":[{"start":{"line":366,"column":4},"end":{"line":368,"column":5}},{"start":{},"end":{}}],"line":366},"33":{"loc":{"start":{"line":372,"column":2},"end":{"line":374,"column":3}},"type":"if","locations":[{"start":{"line":372,"column":2},"end":{"line":374,"column":3}},{"start":{},"end":{}}],"line":372},"34":{"loc":{"start":{"line":391,"column":19},"end":{"line":391,"column":70}},"type":"cond-expr","locations":[{"start":{"line":391,"column":36},"end":{"line":391,"column":58}},{"start":{"line":391,"column":61},"end":{"line":391,"column":70}}],"line":391},"35":{"loc":{"start":{"line":397,"column":21},"end":{"line":397,"column":52}},"type":"cond-expr","locations":[{"start":{"line":397,"column":36},"end":{"line":397,"column":42}},{"start":{"line":397,"column":45},"end":{"line":397,"column":52}}],"line":397},"36":{"loc":{"start":{"line":401,"column":28},"end":{"line":401,"column":68}},"type":"cond-expr","locations":[{"start":{"line":401,"column":43},"end":{"line":401,"column":56}},{"start":{"line":401,"column":59},"end":{"line":401,"column":68}}],"line":401},"37":{"loc":{"start":{"line":414,"column":22},"end":{"line":414,"column":65}},"type":"cond-expr","locations":[{"start":{"line":414,"column":40},"end":{"line":414,"column":53}},{"start":{"line":414,"column":56},"end":{"line":414,"column":65}}],"line":414},"38":{"loc":{"start":{"line":429,"column":22},"end":{"line":429,"column":66}},"type":"cond-expr","locations":[{"start":{"line":429,"column":41},"end":{"line":429,"column":54}},{"start":{"line":429,"column":57},"end":{"line":429,"column":66}}],"line":429},"39":{"loc":{"start":{"line":446,"column":22},"end":{"line":446,"column":68}},"type":"cond-expr","locations":[{"start":{"line":446,"column":43},"end":{"line":446,"column":56}},{"start":{"line":446,"column":59},"end":{"line":446,"column":68}}],"line":446},"40":{"loc":{"start":{"line":475,"column":15},"end":{"line":479,"column":15}},"type":"binary-expr","locations":[{"start":{"line":475,"column":15},"end":{"line":475,"column":38}},{"start":{"line":476,"column":16},"end":{"line":478,"column":20}}],"line":475},"41":{"loc":{"start":{"line":483,"column":20},"end":{"line":483,"column":93}},"type":"cond-expr","locations":[{"start":{"line":483,"column":57},"end":{"line":483,"column":88}},{"start":{"line":483,"column":91},"end":{"line":483,"column":93}}],"line":483},"42":{"loc":{"start":{"line":483,"column":21},"end":{"line":483,"column":53}},"type":"binary-expr","locations":[{"start":{"line":483,"column":21},"end":{"line":483,"column":33}},{"start":{"line":483,"column":37},"end":{"line":483,"column":53}}],"line":483},"43":{"loc":{"start":{"line":485,"column":27},"end":{"line":485,"column":58}},"type":"cond-expr","locations":[{"start":{"line":485,"column":42},"end":{"line":485,"column":48}},{"start":{"line":485,"column":51},"end":{"line":485,"column":58}}],"line":485},"44":{"loc":{"start":{"line":487,"column":17},"end":{"line":494,"column":17}},"type":"cond-expr","locations":[{"start":{"line":488,"column":18},"end":{"line":491,"column":21}},{"start":{"line":493,"column":18},"end":{"line":493,"column":32}}],"line":487},"45":{"loc":{"start":{"line":501,"column":13},"end":{"line":501,"column":62}},"type":"binary-expr","locations":[{"start":{"line":501,"column":13},"end":{"line":501,"column":25}},{"start":{"line":501,"column":29},"end":{"line":501,"column":62}}],"line":501},"46":{"loc":{"start":{"line":502,"column":13},"end":{"line":502,"column":69}},"type":"binary-expr","locations":[{"start":{"line":502,"column":13},"end":{"line":502,"column":31}},{"start":{"line":502,"column":35},"end":{"line":502,"column":69}}],"line":502},"47":{"loc":{"start":{"line":503,"column":13},"end":{"line":503,"column":80}},"type":"binary-expr","locations":[{"start":{"line":503,"column":13},"end":{"line":503,"column":27}},{"start":{"line":503,"column":31},"end":{"line":503,"column":80}}],"line":503},"48":{"loc":{"start":{"line":509,"column":11},"end":{"line":509,"column":50}},"type":"binary-expr","locations":[{"start":{"line":509,"column":11},"end":{"line":509,"column":32}},{"start":{"line":509,"column":36},"end":{"line":509,"column":50}}],"line":509},"49":{"loc":{"start":{"line":510,"column":11},"end":{"line":510,"column":64}},"type":"binary-expr","locations":[{"start":{"line":510,"column":11},"end":{"line":510,"column":23}},{"start":{"line":510,"column":27},"end":{"line":510,"column":48}},{"start":{"line":510,"column":52},"end":{"line":510,"column":64}}],"line":510}},"s":{"0":0,"1":0,"2":0,"3":0,"4":0,"5":0,"6":0,"7":0,"8":0,"9":0,"10":0,"11":0,"12":0,"13":0,"14":0,"15":0,"16":0,"17":0,"18":0,"19":0,"20":0,"21":0,"22":0,"23":0,"24":0,"25":0,"26":0,"27":0,"28":0,"29":0,"30":0,"31":0,"32":0,"33":0,"34":0,"35":0,"36":0,"37":0,"38":0},"f":{"0":0,"1":0,"2":0,"3":0,"4":0,"5":0,"6":0,"7":0,"8":0},"b":{"0":[0],"1":[0],"2":[0],"3":[0],"4":[0,0],"5":[0,0],"6":[0,0],"7":[0,0],"8":[0,0],"9":[0,0],"10":[0,0],"11":[0,0],"12":[0,0],"13":[0],"14":[0,0],"15":[0,0],"16":[0,0],"17":[0,0],"18":[0,0],"19":[0,0,0],"20":[0],"21":[0],"22":[0],"23":[0],"24":[0],"25":[0],"26":[0],"27":[0],"28":[0],"29":[0],"30":[0],"31":[0,0],"32":[0,0],"33":[0,0],"34":[0,0],"35":[0,0],"36":[0,0],"37":[0,0],"38":[0,0],"39":[0,0],"40":[0,0],"41":[0,0],"42":[0,0],"43":[0,0],"44":[0,0],"45":[0,0],"46":[0,0],"47":[0,0],"48":[0,0],"49":[0,0,0]}}
,"C:\\Users\\FIDI\\Documents\\Business2025Deployed\\SkyLabs\\SkyLabs\\client\\src\\components\\ContactFormWithRecaptcha\\EnhancedContactForm.tsx": {"path":"C:\\Users\\FIDI\\Documents\\Business2025Deployed\\SkyLabs\\SkyLabs\\client\\src\\components\\ContactFormWithRecaptcha\\EnhancedContactForm.tsx","statementMap":{"0":{"start":{"line":9,"column":27},"end":{"line":9,"column":39}},"1":{"start":{"line":10,"column":32},"end":{"line":10,"column":103}},"2":{"start":{"line":11,"column":30},"end":{"line":11,"column":95}},"3":{"start":{"line":12,"column":32},"end":{"line":12,"column":66}},"4":{"start":{"line":17,"column":19},"end":{"line":145,"column":1}},"5":{"start":{"line":51,"column":21},"end":{"line":51,"column":40}},"6":{"start":{"line":52,"column":22},"end":{"line":66,"column":12}},"7":{"start":{"line":69,"column":2},"end":{"line":107,"column":3}},"8":{"start":{"line":70,"column":23},"end":{"line":75,"column":14}},"9":{"start":{"line":77,"column":4},"end":{"line":106,"column":6}},"10":{"start":{"line":110,"column":24},"end":{"line":113,"column":12}},"11":{"start":{"line":115,"column":2},"end":{"line":144,"column":4}},"12":{"start":{"line":150,"column":19},"end":{"line":216,"column":1}},"13":{"start":{"line":159,"column":2},"end":{"line":159,"column":27}},"14":{"start":{"line":159,"column":15},"end":{"line":159,"column":27}},"15":{"start":{"line":161,"column":20},"end":{"line":161,"column":34}},"16":{"start":{"line":162,"column":20},"end":{"line":165,"column":3}},"17":{"start":{"line":167,"column":2},"end":{"line":215,"column":4}},"18":{"start":{"line":221,"column":23},"end":{"line":237,"column":1}},"19":{"start":{"line":230,"column":2},"end":{"line":236,"column":6}},"20":{"start":{"line":242,"column":21},"end":{"line":260,"column":1}},"21":{"start":{"line":249,"column":2},"end":{"line":259,"column":8}},"22":{"start":{"line":274,"column":28},"end":{"line":568,"column":1}},"23":{"start":{"line":287,"column":18},"end":{"line":287,"column":47}},"24":{"start":{"line":288,"column":36},"end":{"line":288,"column":51}},"25":{"start":{"line":290,"column":48},"end":{"line":290,"column":63}},"26":{"start":{"line":291,"column":50},"end":{"line":291,"column":74}},"27":{"start":{"line":292,"column":32},"end":{"line":292,"column":34}},"28":{"start":{"line":309,"column":6},"end":{"line":336,"column":4}},"29":{"start":{"line":312,"column":6},"end":{"line":312,"column":24}},"30":{"start":{"line":314,"column":6},"end":{"line":316,"column":7}},"31":{"start":{"line":315,"column":8},"end":{"line":315,"column":32}},"32":{"start":{"line":318,"column":6},"end":{"line":318,"column":54}},"33":{"start":{"line":321,"column":6},"end":{"line":321,"column":23}},"34":{"start":{"line":323,"column":6},"end":{"line":323,"column":54}},"35":{"start":{"line":326,"column":6},"end":{"line":326,"column":34}},"36":{"start":{"line":328,"column":6},"end":{"line":333,"column":7}},"37":{"start":{"line":329,"column":8},"end":{"line":332,"column":11}},"38":{"start":{"line":339,"column":2},"end":{"line":342,"column":9}},"39":{"start":{"line":340,"column":4},"end":{"line":340,"column":23}},"40":{"start":{"line":341,"column":4},"end":{"line":341,"column":37}},"41":{"start":{"line":341,"column":17},"end":{"line":341,"column":36}},"42":{"start":{"line":345,"column":27},"end":{"line":354,"column":3}},"43":{"start":{"line":346,"column":4},"end":{"line":346,"column":23}},"44":{"start":{"line":348,"column":4},"end":{"line":353,"column":5}},"45":{"start":{"line":349,"column":21},"end":{"line":349,"column":42}},"46":{"start":{"line":350,"column":6},"end":{"line":350,"column":49}},"47":{"start":{"line":350,"column":31},"end":{"line":350,"column":49}},"48":{"start":{"line":352,"column":6},"end":{"line":352,"column":60}},"49":{"start":{"line":352,"column":45},"end":{"line":352,"column":60}},"50":{"start":{"line":357,"column":22},"end":{"line":365,"column":46}},"51":{"start":{"line":358,"column":4},"end":{"line":364,"column":5}},"52":{"start":{"line":359,"column":6},"end":{"line":359,"column":31}},"53":{"start":{"line":360,"column":11},"end":{"line":364,"column":5}},"54":{"start":{"line":361,"column":6},"end":{"line":363,"column":8}},"55":{"start":{"line":368,"column":2},"end":{"line":370,"column":3}},"56":{"start":{"line":369,"column":4},"end":{"line":369,"column":53}},"57":{"start":{"line":373,"column":34},"end":{"line":375,"column":20}},"58":{"start":{"line":378,"column":26},"end":{"line":396,"column":20}},"59":{"start":{"line":379,"column":4},"end":{"line":379,"column":35}},"60":{"start":{"line":379,"column":23},"end":{"line":379,"column":35}},"61":{"start":{"line":382,"column":4},"end":{"line":388,"column":5}},"62":{"start":{"line":383,"column":6},"end":{"line":383,"column":37}},"63":{"start":{"line":384,"column":11},"end":{"line":388,"column":5}},"64":{"start":{"line":385,"column":6},"end":{"line":385,"column":45}},"65":{"start":{"line":387,"column":6},"end":{"line":387,"column":36}},"66":{"start":{"line":390,"column":4},"end":{"line":395,"column":6}},"67":{"start":{"line":398,"column":2},"end":{"line":567,"column":4}},"68":{"start":{"line":572,"column":8},"end":{"line":572,"column":44}},"69":{"start":{"line":576,"column":6},"end":{"line":591,"column":12}},"70":{"start":{"line":600,"column":0},"end":{"line":600,"column":56}}},"fnMap":{"0":{"name":"(anonymous_0)","decl":{"start":{"line":17,"column":19},"end":{"line":17,"column":20}},"loc":{"start":{"line":50,"column":6},"end":{"line":145,"column":1}},"line":50},"1":{"name":"(anonymous_1)","decl":{"start":{"line":150,"column":19},"end":{"line":150,"column":20}},"loc":{"start":{"line":158,"column":6},"end":{"line":216,"column":1}},"line":158},"2":{"name":"(anonymous_2)","decl":{"start":{"line":221,"column":23},"end":{"line":221,"column":24}},"loc":{"start":{"line":230,"column":2},"end":{"line":236,"column":6}},"line":230},"3":{"name":"(anonymous_3)","decl":{"start":{"line":242,"column":21},"end":{"line":242,"column":22}},"loc":{"start":{"line":249,"column":2},"end":{"line":259,"column":8}},"line":249},"4":{"name":"(anonymous_4)","decl":{"start":{"line":274,"column":28},"end":{"line":274,"column":29}},"loc":{"start":{"line":286,"column":37},"end":{"line":568,"column":1}},"line":286},"5":{"name":"(anonymous_5)","decl":{"start":{"line":311,"column":15},"end":{"line":311,"column":16}},"loc":{"start":{"line":311,"column":25},"end":{"line":319,"column":5}},"line":311},"6":{"name":"(anonymous_6)","decl":{"start":{"line":320,"column":13},"end":{"line":320,"column":14}},"loc":{"start":{"line":320,"column":24},"end":{"line":324,"column":5}},"line":320},"7":{"name":"(anonymous_7)","decl":{"start":{"line":325,"column":23},"end":{"line":325,"column":24}},"loc":{"start":{"line":325,"column":35},"end":{"line":334,"column":5}},"line":325},"8":{"name":"(anonymous_8)","decl":{"start":{"line":339,"column":12},"end":{"line":339,"column":13}},"loc":{"start":{"line":339,"column":18},"end":{"line":342,"column":3}},"line":339},"9":{"name":"(anonymous_9)","decl":{"start":{"line":341,"column":11},"end":{"line":341,"column":12}},"loc":{"start":{"line":341,"column":17},"end":{"line":341,"column":36}},"line":341},"10":{"name":"(anonymous_10)","decl":{"start":{"line":345,"column":27},"end":{"line":345,"column":28}},"loc":{"start":{"line":345,"column":74},"end":{"line":354,"column":3}},"line":345},"11":{"name":"(anonymous_11)","decl":{"start":{"line":357,"column":34},"end":{"line":357,"column":35}},"loc":{"start":{"line":357,"column":40},"end":{"line":365,"column":3}},"line":357},"12":{"name":"(anonymous_12)","decl":{"start":{"line":378,"column":53},"end":{"line":378,"column":54}},"loc":{"start":{"line":378,"column":59},"end":{"line":396,"column":3}},"line":378},"13":{"name":"(anonymous_13)","decl":{"start":{"line":572,"column":2},"end":{"line":572,"column":3}},"loc":{"start":{"line":572,"column":8},"end":{"line":572,"column":44}},"line":572},"14":{"name":"(anonymous_14)","decl":{"start":{"line":575,"column":13},"end":{"line":575,"column":14}},"loc":{"start":{"line":576,"column":6},"end":{"line":591,"column":12}},"line":576}},"branchMap":{"0":{"loc":{"start":{"line":20,"column":2},"end":{"line":20,"column":15}},"type":"default-arg","locations":[{"start":{"line":20,"column":9},"end":{"line":20,"column":15}}],"line":20},"1":{"loc":{"start":{"line":24,"column":2},"end":{"line":24,"column":18}},"type":"default-arg","locations":[{"start":{"line":24,"column":13},"end":{"line":24,"column":18}}],"line":24},"2":{"loc":{"start":{"line":25,"column":2},"end":{"line":25,"column":18}},"type":"default-arg","locations":[{"start":{"line":25,"column":13},"end":{"line":25,"column":18}}],"line":25},"3":{"loc":{"start":{"line":32,"column":2},"end":{"line":32,"column":16}},"type":"default-arg","locations":[{"start":{"line":32,"column":14},"end":{"line":32,"column":16}}],"line":32},"4":{"loc":{"start":{"line":60,"column":6},"end":{"line":60,"column":50}},"type":"cond-expr","locations":[{"start":{"line":60,"column":14},"end":{"line":60,"column":30}},{"start":{"line":60,"column":33},"end":{"line":60,"column":50}}],"line":60},"5":{"loc":{"start":{"line":62,"column":20},"end":{"line":62,"column":62}},"type":"cond-expr","locations":[{"start":{"line":62,"column":28},"end":{"line":62,"column":43}},{"start":{"line":62,"column":46},"end":{"line":62,"column":62}}],"line":62},"6":{"loc":{"start":{"line":63,"column":24},"end":{"line":63,"column":57}},"type":"cond-expr","locations":[{"start":{"line":63,"column":32},"end":{"line":63,"column":45}},{"start":{"line":63,"column":48},"end":{"line":63,"column":57}}],"line":63},"7":{"loc":{"start":{"line":64,"column":21},"end":{"line":64,"column":42}},"type":"binary-expr","locations":[{"start":{"line":64,"column":21},"end":{"line":64,"column":29}},{"start":{"line":64,"column":33},"end":{"line":64,"column":42}}],"line":64},"8":{"loc":{"start":{"line":69,"column":2},"end":{"line":107,"column":3}},"type":"if","locations":[{"start":{"line":69,"column":2},"end":{"line":107,"column":3}},{"start":{},"end":{}}],"line":69},"9":{"loc":{"start":{"line":81,"column":11},"end":{"line":86,"column":11}},"type":"binary-expr","locations":[{"start":{"line":81,"column":11},"end":{"line":81,"column":19}},{"start":{"line":82,"column":12},"end":{"line":85,"column":15}}],"line":81},"10":{"loc":{"start":{"line":94,"column":9},"end":{"line":104,"column":9}},"type":"binary-expr","locations":[{"start":{"line":94,"column":9},"end":{"line":94,"column":14}},{"start":{"line":95,"column":10},"end":{"line":103,"column":14}}],"line":94},"11":{"loc":{"start":{"line":112,"column":10},"end":{"line":112,"column":19}},"type":"binary-expr","locations":[{"start":{"line":112,"column":10},"end":{"line":112,"column":14}},{"start":{"line":112,"column":18},"end":{"line":112,"column":19}}],"line":112},"12":{"loc":{"start":{"line":119,"column":9},"end":{"line":124,"column":9}},"type":"binary-expr","locations":[{"start":{"line":119,"column":9},"end":{"line":119,"column":17}},{"start":{"line":120,"column":10},"end":{"line":123,"column":13}}],"line":119},"13":{"loc":{"start":{"line":132,"column":7},"end":{"line":142,"column":7}},"type":"binary-expr","locations":[{"start":{"line":132,"column":7},"end":{"line":132,"column":12}},{"start":{"line":133,"column":8},"end":{"line":141,"column":12}}],"line":132},"14":{"loc":{"start":{"line":153,"column":2},"end":{"line":153,"column":16}},"type":"default-arg","locations":[{"start":{"line":153,"column":14},"end":{"line":153,"column":16}}],"line":153},"15":{"loc":{"start":{"line":159,"column":2},"end":{"line":159,"column":27}},"type":"if","locations":[{"start":{"line":159,"column":2},"end":{"line":159,"column":27}},{"start":{},"end":{}}],"line":159},"16":{"loc":{"start":{"line":163,"column":26},"end":{"line":163,"column":74}},"type":"cond-expr","locations":[{"start":{"line":163,"column":38},"end":{"line":163,"column":54}},{"start":{"line":163,"column":57},"end":{"line":163,"column":74}}],"line":163},"17":{"loc":{"start":{"line":170,"column":8},"end":{"line":172,"column":71}},"type":"cond-expr","locations":[{"start":{"line":171,"column":12},"end":{"line":171,"column":68}},{"start":{"line":172,"column":12},"end":{"line":172,"column":71}}],"line":170},"18":{"loc":{"start":{"line":181,"column":11},"end":{"line":197,"column":11}},"type":"cond-expr","locations":[{"start":{"line":182,"column":12},"end":{"line":188,"column":18}},{"start":{"line":190,"column":12},"end":{"line":196,"column":18}}],"line":181},"19":{"loc":{"start":{"line":201,"column":11},"end":{"line":211,"column":11}},"type":"binary-expr","locations":[{"start":{"line":201,"column":11},"end":{"line":201,"column":21}},{"start":{"line":201,"column":25},"end":{"line":201,"column":32}},{"start":{"line":202,"column":12},"end":{"line":210,"column":18}}],"line":201},"20":{"loc":{"start":{"line":222,"column":2},"end":{"line":222,"column":27}},"type":"default-arg","locations":[{"start":{"line":222,"column":13},"end":{"line":222,"column":27}}],"line":222},"21":{"loc":{"start":{"line":223,"column":2},"end":{"line":223,"column":16}},"type":"default-arg","locations":[{"start":{"line":223,"column":14},"end":{"line":223,"column":16}}],"line":223},"22":{"loc":{"start":{"line":224,"column":2},"end":{"line":224,"column":27}},"type":"default-arg","locations":[{"start":{"line":224,"column":13},"end":{"line":224,"column":27}}],"line":224},"23":{"loc":{"start":{"line":243,"column":2},"end":{"line":243,"column":35}},"type":"default-arg","locations":[{"start":{"line":243,"column":12},"end":{"line":243,"column":35}}],"line":243},"24":{"loc":{"start":{"line":244,"column":2},"end":{"line":244,"column":16}},"type":"default-arg","locations":[{"start":{"line":244,"column":14},"end":{"line":244,"column":16}}],"line":244},"25":{"loc":{"start":{"line":276,"column":2},"end":{"line":276,"column":27}},"type":"default-arg","locations":[{"start":{"line":276,"column":13},"end":{"line":276,"column":27}}],"line":276},"26":{"loc":{"start":{"line":277,"column":2},"end":{"line":277,"column":16}},"type":"default-arg","locations":[{"start":{"line":277,"column":14},"end":{"line":277,"column":16}}],"line":277},"27":{"loc":{"start":{"line":278,"column":2},"end":{"line":278,"column":32}},"type":"default-arg","locations":[{"start":{"line":278,"column":14},"end":{"line":278,"column":32}}],"line":278},"28":{"loc":{"start":{"line":279,"column":2},"end":{"line":279,"column":42}},"type":"default-arg","locations":[{"start":{"line":279,"column":19},"end":{"line":279,"column":42}}],"line":279},"29":{"loc":{"start":{"line":280,"column":2},"end":{"line":280,"column":38}},"type":"default-arg","locations":[{"start":{"line":280,"column":17},"end":{"line":280,"column":38}}],"line":280},"30":{"loc":{"start":{"line":281,"column":2},"end":{"line":281,"column":42}},"type":"default-arg","locations":[{"start":{"line":281,"column":19},"end":{"line":281,"column":42}}],"line":281},"31":{"loc":{"start":{"line":282,"column":2},"end":{"line":282,"column":23}},"type":"default-arg","locations":[{"start":{"line":282,"column":21},"end":{"line":282,"column":23}}],"line":282},"32":{"loc":{"start":{"line":314,"column":6},"end":{"line":316,"column":7}},"type":"if","locations":[{"start":{"line":314,"column":6},"end":{"line":316,"column":7}},{"start":{},"end":{}}],"line":314},"33":{"loc":{"start":{"line":328,"column":6},"end":{"line":333,"column":7}},"type":"if","locations":[{"start":{"line":328,"column":6},"end":{"line":333,"column":7}},{"start":{},"end":{}}],"line":328},"34":{"loc":{"start":{"line":350,"column":6},"end":{"line":350,"column":49}},"type":"if","locations":[{"start":{"line":350,"column":6},"end":{"line":350,"column":49}},{"start":{},"end":{}}],"line":350},"35":{"loc":{"start":{"line":350,"column":10},"end":{"line":350,"column":29}},"type":"binary-expr","locations":[{"start":{"line":350,"column":10},"end":{"line":350,"column":19}},{"start":{"line":350,"column":23},"end":{"line":350,"column":29}}],"line":350},"36":{"loc":{"start":{"line":352,"column":6},"end":{"line":352,"column":60}},"type":"if","locations":[{"start":{"line":352,"column":6},"end":{"line":352,"column":60}},{"start":{},"end":{}}],"line":352},"37":{"loc":{"start":{"line":352,"column":10},"end":{"line":352,"column":43}},"type":"binary-expr","locations":[{"start":{"line":352,"column":10},"end":{"line":352,"column":17}},{"start":{"line":352,"column":21},"end":{"line":352,"column":43}}],"line":352},"38":{"loc":{"start":{"line":358,"column":4},"end":{"line":364,"column":5}},"type":"if","locations":[{"start":{"line":358,"column":4},"end":{"line":364,"column":5}},{"start":{"line":360,"column":11},"end":{"line":364,"column":5}}],"line":358},"39":{"loc":{"start":{"line":360,"column":11},"end":{"line":364,"column":5}},"type":"if","locations":[{"start":{"line":360,"column":11},"end":{"line":364,"column":5}},{"start":{},"end":{}}],"line":360},"40":{"loc":{"start":{"line":368,"column":2},"end":{"line":370,"column":3}},"type":"if","locations":[{"start":{"line":368,"column":2},"end":{"line":370,"column":3}},{"start":{},"end":{}}],"line":368},"41":{"loc":{"start":{"line":368,"column":6},"end":{"line":368,"column":38}},"type":"binary-expr","locations":[{"start":{"line":368,"column":6},"end":{"line":368,"column":24}},{"start":{"line":368,"column":28},"end":{"line":368,"column":38}}],"line":368},"42":{"loc":{"start":{"line":373,"column":34},"end":{"line":375,"column":20}},"type":"cond-expr","locations":[{"start":{"line":374,"column":6},"end":{"line":374,"column":68}},{"start":{"line":375,"column":6},"end":{"line":375,"column":20}}],"line":373},"43":{"loc":{"start":{"line":379,"column":4},"end":{"line":379,"column":35}},"type":"if","locations":[{"start":{"line":379,"column":4},"end":{"line":379,"column":35}},{"start":{},"end":{}}],"line":379},"44":{"loc":{"start":{"line":382,"column":4},"end":{"line":388,"column":5}},"type":"if","locations":[{"start":{"line":382,"column":4},"end":{"line":388,"column":5}},{"start":{"line":384,"column":11},"end":{"line":388,"column":5}}],"line":382},"45":{"loc":{"start":{"line":384,"column":11},"end":{"line":388,"column":5}},"type":"if","locations":[{"start":{"line":384,"column":11},"end":{"line":388,"column":5}},{"start":{"line":386,"column":11},"end":{"line":388,"column":5}}],"line":384},"46":{"loc":{"start":{"line":421,"column":21},"end":{"line":421,"column":52}},"type":"cond-expr","locations":[{"start":{"line":421,"column":36},"end":{"line":421,"column":42}},{"start":{"line":421,"column":45},"end":{"line":421,"column":52}}],"line":421},"47":{"loc":{"start":{"line":439,"column":24},"end":{"line":439,"column":67}},"type":"cond-expr","locations":[{"start":{"line":439,"column":42},"end":{"line":439,"column":55}},{"start":{"line":439,"column":58},"end":{"line":439,"column":67}}],"line":439},"48":{"loc":{"start":{"line":443,"column":28},"end":{"line":443,"column":62}},"type":"cond-expr","locations":[{"start":{"line":443,"column":46},"end":{"line":443,"column":52}},{"start":{"line":443,"column":55},"end":{"line":443,"column":62}}],"line":443},"49":{"loc":{"start":{"line":444,"column":32},"end":{"line":444,"column":74}},"type":"cond-expr","locations":[{"start":{"line":444,"column":50},"end":{"line":444,"column":62}},{"start":{"line":444,"column":65},"end":{"line":444,"column":74}}],"line":444},"50":{"loc":{"start":{"line":458,"column":24},"end":{"line":458,"column":68}},"type":"cond-expr","locations":[{"start":{"line":458,"column":43},"end":{"line":458,"column":56}},{"start":{"line":458,"column":59},"end":{"line":458,"column":68}}],"line":458},"51":{"loc":{"start":{"line":462,"column":28},"end":{"line":462,"column":63}},"type":"cond-expr","locations":[{"start":{"line":462,"column":47},"end":{"line":462,"column":53}},{"start":{"line":462,"column":56},"end":{"line":462,"column":63}}],"line":462},"52":{"loc":{"start":{"line":463,"column":32},"end":{"line":463,"column":76}},"type":"cond-expr","locations":[{"start":{"line":463,"column":51},"end":{"line":463,"column":64}},{"start":{"line":463,"column":67},"end":{"line":463,"column":76}}],"line":463},"53":{"loc":{"start":{"line":479,"column":22},"end":{"line":479,"column":68}},"type":"cond-expr","locations":[{"start":{"line":479,"column":43},"end":{"line":479,"column":56}},{"start":{"line":479,"column":59},"end":{"line":479,"column":68}}],"line":479},"54":{"loc":{"start":{"line":481,"column":26},"end":{"line":481,"column":63}},"type":"cond-expr","locations":[{"start":{"line":481,"column":47},"end":{"line":481,"column":53}},{"start":{"line":481,"column":56},"end":{"line":481,"column":63}}],"line":481},"55":{"loc":{"start":{"line":482,"column":30},"end":{"line":482,"column":78}},"type":"cond-expr","locations":[{"start":{"line":482,"column":51},"end":{"line":482,"column":66}},{"start":{"line":482,"column":69},"end":{"line":482,"column":78}}],"line":482},"56":{"loc":{"start":{"line":511,"column":15},"end":{"line":515,"column":15}},"type":"binary-expr","locations":[{"start":{"line":511,"column":15},"end":{"line":511,"column":38}},{"start":{"line":512,"column":16},"end":{"line":514,"column":20}}],"line":511},"57":{"loc":{"start":{"line":519,"column":26},"end":{"line":519,"column":58}},"type":"binary-expr","locations":[{"start":{"line":519,"column":26},"end":{"line":519,"column":38}},{"start":{"line":519,"column":42},"end":{"line":519,"column":58}}],"line":519},"58":{"loc":{"start":{"line":521,"column":18},"end":{"line":521,"column":91}},"type":"cond-expr","locations":[{"start":{"line":521,"column":55},"end":{"line":521,"column":86}},{"start":{"line":521,"column":89},"end":{"line":521,"column":91}}],"line":521},"59":{"loc":{"start":{"line":521,"column":19},"end":{"line":521,"column":51}},"type":"binary-expr","locations":[{"start":{"line":521,"column":19},"end":{"line":521,"column":31}},{"start":{"line":521,"column":35},"end":{"line":521,"column":51}}],"line":521},"60":{"loc":{"start":{"line":523,"column":27},"end":{"line":523,"column":58}},"type":"cond-expr","locations":[{"start":{"line":523,"column":42},"end":{"line":523,"column":48}},{"start":{"line":523,"column":51},"end":{"line":523,"column":58}}],"line":523},"61":{"loc":{"start":{"line":524,"column":31},"end":{"line":524,"column":82}},"type":"cond-expr","locations":[{"start":{"line":524,"column":66},"end":{"line":524,"column":72}},{"start":{"line":524,"column":75},"end":{"line":524,"column":82}}],"line":524},"62":{"loc":{"start":{"line":524,"column":31},"end":{"line":524,"column":63}},"type":"binary-expr","locations":[{"start":{"line":524,"column":31},"end":{"line":524,"column":43}},{"start":{"line":524,"column":47},"end":{"line":524,"column":63}}],"line":524},"63":{"loc":{"start":{"line":526,"column":28},"end":{"line":526,"column":89}},"type":"cond-expr","locations":[{"start":{"line":526,"column":43},"end":{"line":526,"column":73}},{"start":{"line":526,"column":76},"end":{"line":526,"column":89}}],"line":526},"64":{"loc":{"start":{"line":528,"column":17},"end":{"line":538,"column":17}},"type":"cond-expr","locations":[{"start":{"line":529,"column":18},"end":{"line":535,"column":21}},{"start":{"line":537,"column":18},"end":{"line":537,"column":34}}],"line":528},"65":{"loc":{"start":{"line":549,"column":13},"end":{"line":549,"column":62}},"type":"binary-expr","locations":[{"start":{"line":549,"column":13},"end":{"line":549,"column":25}},{"start":{"line":549,"column":29},"end":{"line":549,"column":62}}],"line":549},"66":{"loc":{"start":{"line":550,"column":13},"end":{"line":550,"column":69}},"type":"binary-expr","locations":[{"start":{"line":550,"column":13},"end":{"line":550,"column":31}},{"start":{"line":550,"column":35},"end":{"line":550,"column":69}}],"line":550},"67":{"loc":{"start":{"line":551,"column":13},"end":{"line":551,"column":80}},"type":"binary-expr","locations":[{"start":{"line":551,"column":13},"end":{"line":551,"column":27}},{"start":{"line":551,"column":31},"end":{"line":551,"column":80}}],"line":551},"68":{"loc":{"start":{"line":562,"column":11},"end":{"line":562,"column":78}},"type":"binary-expr","locations":[{"start":{"line":562,"column":11},"end":{"line":562,"column":32}},{"start":{"line":562,"column":36},"end":{"line":562,"column":78}}],"line":562},"69":{"loc":{"start":{"line":563,"column":11},"end":{"line":563,"column":101}},"type":"binary-expr","locations":[{"start":{"line":563,"column":11},"end":{"line":563,"column":23}},{"start":{"line":563,"column":27},"end":{"line":563,"column":48}},{"start":{"line":563,"column":52},"end":{"line":563,"column":101}}],"line":563}},"s":{"0":0,"1":0,"2":0,"3":0,"4":0,"5":0,"6":0,"7":0,"8":0,"9":0,"10":0,"11":0,"12":0,"13":0,"14":0,"15":0,"16":0,"17":0,"18":0,"19":0,"20":0,"21":0,"22":0,"23":0,"24":0,"25":0,"26":0,"27":0,"28":0,"29":0,"30":0,"31":0,"32":0,"33":0,"34":0,"35":0,"36":0,"37":0,"38":0,"39":0,"40":0,"41":0,"42":0,"43":0,"44":0,"45":0,"46":0,"47":0,"48":0,"49":0,"50":0,"51":0,"52":0,"53":0,"54":0,"55":0,"56":0,"57":0,"58":0,"59":0,"60":0,"61":0,"62":0,"63":0,"64":0,"65":0,"66":0,"67":0,"68":0,"69":0,"70":0},"f":{"0":0,"1":0,"2":0,"3":0,"4":0,"5":0,"6":0,"7":0,"8":0,"9":0,"10":0,"11":0,"12":0,"13":0,"14":0},"b":{"0":[0],"1":[0],"2":[0],"3":[0],"4":[0,0],"5":[0,0],"6":[0,0],"7":[0,0],"8":[0,0],"9":[0,0],"10":[0,0],"11":[0,0],"12":[0,0],"13":[0,0],"14":[0],"15":[0,0],"16":[0,0],"17":[0,0],"18":[0,0],"19":[0,0,0],"20":[0],"21":[0],"22":[0],"23":[0],"24":[0],"25":[0],"26":[0],"27":[0],"28":[0],"29":[0],"30":[0],"31":[0],"32":[0,0],"33":[0,0],"34":[0,0],"35":[0,0],"36":[0,0],"37":[0,0],"38":[0,0],"39":[0,0],"40":[0,0],"41":[0,0],"42":[0,0],"43":[0,0],"44":[0,0],"45":[0,0],"46":[0,0],"47":[0,0],"48":[0,0],"49":[0,0],"50":[0,0],"51":[0,0],"52":[0,0],"53":[0,0],"54":[0,0],"55":[0,0],"56":[0,0],"57":[0,0],"58":[0,0],"59":[0,0],"60":[0,0],"61":[0,0],"62":[0,0],"63":[0,0],"64":[0,0],"65":[0,0],"66":[0,0],"67":[0,0],"68":[0,0],"69":[0,0,0]}}
,"C:\\Users\\FIDI\\Documents\\Business2025Deployed\\SkyLabs\\SkyLabs\\client\\src\\components\\ui\\LoadingSpinner.tsx": {"path":"C:\\Users\\FIDI\\Documents\\Business2025Deployed\\SkyLabs\\SkyLabs\\client\\src\\components\\ui\\LoadingSpinner.tsx","statementMap":{"0":{"start":{"line":17,"column":54},"end":{"line":36,"column":1}},"1":{"start":{"line":21,"column":22},"end":{"line":25,"column":3}},"2":{"start":{"line":27,"column":2},"end":{"line":35,"column":4}}},"fnMap":{"0":{"name":"(anonymous_0)","decl":{"start":{"line":17,"column":54},"end":{"line":17,"column":55}},"loc":{"start":{"line":20,"column":6},"end":{"line":36,"column":1}},"line":20}},"branchMap":{"0":{"loc":{"start":{"line":18,"column":2},"end":{"line":18,"column":17}},"type":"default-arg","locations":[{"start":{"line":18,"column":9},"end":{"line":18,"column":17}}],"line":18},"1":{"loc":{"start":{"line":19,"column":2},"end":{"line":19,"column":16}},"type":"default-arg","locations":[{"start":{"line":19,"column":14},"end":{"line":19,"column":16}}],"line":19}},"s":{"0":0,"1":0,"2":0},"f":{"0":0},"b":{"0":[0],"1":[0]}}
,"C:\\Users\\FIDI\\Documents\\Business2025Deployed\\SkyLabs\\SkyLabs\\client\\src\\components\\ui\\accordion.tsx": {"path":"C:\\Users\\FIDI\\Documents\\Business2025Deployed\\SkyLabs\\SkyLabs\\client\\src\\components\\ui\\accordion.tsx","statementMap":{"0":{"start":{"line":7,"column":18},"end":{"line":7,"column":41}},"1":{"start":{"line":9,"column":22},"end":{"line":18,"column":2}},"2":{"start":{"line":13,"column":2},"end":{"line":17,"column":4}},"3":{"start":{"line":19,"column":0},"end":{"line":19,"column":43}},"4":{"start":{"line":21,"column":25},"end":{"line":38,"column":2}},"5":{"start":{"line":25,"column":2},"end":{"line":37,"column":30}},"6":{"start":{"line":39,"column":0},"end":{"line":39,"column":69}},"7":{"start":{"line":41,"column":25},"end":{"line":52,"column":2}},"8":{"start":{"line":45,"column":2},"end":{"line":51,"column":31}},"9":{"start":{"line":54,"column":0},"end":{"line":54,"column":69}}},"fnMap":{"0":{"name":"(anonymous_0)","decl":{"start":{"line":12,"column":2},"end":{"line":12,"column":3}},"loc":{"start":{"line":13,"column":2},"end":{"line":17,"column":4}},"line":13},"1":{"name":"(anonymous_1)","decl":{"start":{"line":24,"column":2},"end":{"line":24,"column":3}},"loc":{"start":{"line":25,"column":2},"end":{"line":37,"column":30}},"line":25},"2":{"name":"(anonymous_2)","decl":{"start":{"line":44,"column":2},"end":{"line":44,"column":3}},"loc":{"start":{"line":45,"column":2},"end":{"line":51,"column":31}},"line":45}},"branchMap":{},"s":{"0":0,"1":0,"2":0,"3":0,"4":0,"5":0,"6":0,"7":0,"8":0,"9":0},"f":{"0":0,"1":0,"2":0},"b":{}}
,"C:\\Users\\FIDI\\Documents\\Business2025Deployed\\SkyLabs\\SkyLabs\\client\\src\\components\\ui\\alert-dialog.tsx": {"path":"C:\\Users\\FIDI\\Documents\\Business2025Deployed\\SkyLabs\\SkyLabs\\client\\src\\components\\ui\\alert-dialog.tsx","statementMap":{"0":{"start":{"line":7,"column":20},"end":{"line":7,"column":45}},"1":{"start":{"line":9,"column":27},"end":{"line":9,"column":55}},"2":{"start":{"line":11,"column":26},"end":{"line":11,"column":53}},"3":{"start":{"line":13,"column":27},"end":{"line":25,"column":2}},"4":{"start":{"line":17,"column":2},"end":{"line":24,"column":4}},"5":{"start":{"line":26,"column":0},"end":{"line":26,"column":73}},"6":{"start":{"line":28,"column":27},"end":{"line":43,"column":2}},"7":{"start":{"line":32,"column":2},"end":{"line":42,"column":22}},"8":{"start":{"line":44,"column":0},"end":{"line":44,"column":73}},"9":{"start":{"line":46,"column":26},"end":{"line":57,"column":1}},"10":{"start":{"line":50,"column":2},"end":{"line":56,"column":4}},"11":{"start":{"line":58,"column":0},"end":{"line":58,"column":51}},"12":{"start":{"line":60,"column":26},"end":{"line":71,"column":1}},"13":{"start":{"line":64,"column":2},"end":{"line":70,"column":4}},"14":{"start":{"line":72,"column":0},"end":{"line":72,"column":51}},"15":{"start":{"line":74,"column":25},"end":{"line":83,"column":2}},"16":{"start":{"line":78,"column":2},"end":{"line":82,"column":4}},"17":{"start":{"line":84,"column":0},"end":{"line":84,"column":69}},"18":{"start":{"line":86,"column":31},"end":{"line":95,"column":2}},"19":{"start":{"line":90,"column":2},"end":{"line":94,"column":4}},"20":{"start":{"line":96,"column":0},"end":{"line":97,"column":46}},"21":{"start":{"line":99,"column":26},"end":{"line":108,"column":2}},"22":{"start":{"line":103,"column":2},"end":{"line":107,"column":4}},"23":{"start":{"line":109,"column":0},"end":{"line":109,"column":71}},"24":{"start":{"line":111,"column":26},"end":{"line":124,"column":2}},"25":{"start":{"line":115,"column":2},"end":{"line":123,"column":4}},"26":{"start":{"line":125,"column":0},"end":{"line":125,"column":71}}},"fnMap":{"0":{"name":"(anonymous_0)","decl":{"start":{"line":16,"column":2},"end":{"line":16,"column":3}},"loc":{"start":{"line":17,"column":2},"end":{"line":24,"column":4}},"line":17},"1":{"name":"(anonymous_1)","decl":{"start":{"line":31,"column":2},"end":{"line":31,"column":3}},"loc":{"start":{"line":32,"column":2},"end":{"line":42,"column":22}},"line":32},"2":{"name":"(anonymous_2)","decl":{"start":{"line":46,"column":26},"end":{"line":46,"column":27}},"loc":{"start":{"line":50,"column":2},"end":{"line":56,"column":4}},"line":50},"3":{"name":"(anonymous_3)","decl":{"start":{"line":60,"column":26},"end":{"line":60,"column":27}},"loc":{"start":{"line":64,"column":2},"end":{"line":70,"column":4}},"line":64},"4":{"name":"(anonymous_4)","decl":{"start":{"line":77,"column":2},"end":{"line":77,"column":3}},"loc":{"start":{"line":78,"column":2},"end":{"line":82,"column":4}},"line":78},"5":{"name":"(anonymous_5)","decl":{"start":{"line":89,"column":2},"end":{"line":89,"column":3}},"loc":{"start":{"line":90,"column":2},"end":{"line":94,"column":4}},"line":90},"6":{"name":"(anonymous_6)","decl":{"start":{"line":102,"column":2},"end":{"line":102,"column":3}},"loc":{"start":{"line":103,"column":2},"end":{"line":107,"column":4}},"line":103},"7":{"name":"(anonymous_7)","decl":{"start":{"line":114,"column":2},"end":{"line":114,"column":3}},"loc":{"start":{"line":115,"column":2},"end":{"line":123,"column":4}},"line":115}},"branchMap":{},"s":{"0":0,"1":0,"2":0,"3":0,"4":0,"5":0,"6":0,"7":0,"8":0,"9":0,"10":0,"11":0,"12":0,"13":0,"14":0,"15":0,"16":0,"17":0,"18":0,"19":0,"20":0,"21":0,"22":0,"23":0,"24":0,"25":0,"26":0},"f":{"0":0,"1":0,"2":0,"3":0,"4":0,"5":0,"6":0,"7":0},"b":{}}
,"C:\\Users\\FIDI\\Documents\\Business2025Deployed\\SkyLabs\\SkyLabs\\client\\src\\components\\ui\\alert.tsx": {"path":"C:\\Users\\FIDI\\Documents\\Business2025Deployed\\SkyLabs\\SkyLabs\\client\\src\\components\\ui\\alert.tsx","statementMap":{"0":{"start":{"line":6,"column":22},"end":{"line":20,"column":1}},"1":{"start":{"line":22,"column":14},"end":{"line":32,"column":2}},"2":{"start":{"line":26,"column":2},"end":{"line":31,"column":4}},"3":{"start":{"line":33,"column":0},"end":{"line":33,"column":27}},"4":{"start":{"line":35,"column":19},"end":{"line":44,"column":2}},"5":{"start":{"line":39,"column":2},"end":{"line":43,"column":4}},"6":{"start":{"line":45,"column":0},"end":{"line":45,"column":37}},"7":{"start":{"line":47,"column":25},"end":{"line":56,"column":2}},"8":{"start":{"line":51,"column":2},"end":{"line":55,"column":4}},"9":{"start":{"line":57,"column":0},"end":{"line":57,"column":49}}},"fnMap":{"0":{"name":"(anonymous_0)","decl":{"start":{"line":25,"column":2},"end":{"line":25,"column":3}},"loc":{"start":{"line":26,"column":2},"end":{"line":31,"column":4}},"line":26},"1":{"name":"(anonymous_1)","decl":{"start":{"line":38,"column":2},"end":{"line":38,"column":3}},"loc":{"start":{"line":39,"column":2},"end":{"line":43,"column":4}},"line":39},"2":{"name":"(anonymous_2)","decl":{"start":{"line":50,"column":2},"end":{"line":50,"column":3}},"loc":{"start":{"line":51,"column":2},"end":{"line":55,"column":4}},"line":51}},"branchMap":{},"s":{"0":0,"1":0,"2":0,"3":0,"4":0,"5":0,"6":0,"7":0,"8":0,"9":0},"f":{"0":0,"1":0,"2":0},"b":{}}
,"C:\\Users\\FIDI\\Documents\\Business2025Deployed\\SkyLabs\\SkyLabs\\client\\src\\components\\ui\\aspect-ratio.tsx": {"path":"C:\\Users\\FIDI\\Documents\\Business2025Deployed\\SkyLabs\\SkyLabs\\client\\src\\components\\ui\\aspect-ratio.tsx","statementMap":{"0":{"start":{"line":3,"column":20},"end":{"line":3,"column":45}}},"fnMap":{},"branchMap":{},"s":{"0":0},"f":{},"b":{}}
,"C:\\Users\\FIDI\\Documents\\Business2025Deployed\\SkyLabs\\SkyLabs\\client\\src\\components\\ui\\avatar.tsx": {"path":"C:\\Users\\FIDI\\Documents\\Business2025Deployed\\SkyLabs\\SkyLabs\\client\\src\\components\\ui\\avatar.tsx","statementMap":{"0":{"start":{"line":8,"column":15},"end":{"line":20,"column":2}},"1":{"start":{"line":12,"column":2},"end":{"line":19,"column":4}},"2":{"start":{"line":21,"column":0},"end":{"line":21,"column":53}},"3":{"start":{"line":23,"column":20},"end":{"line":32,"column":2}},"4":{"start":{"line":27,"column":2},"end":{"line":31,"column":4}},"5":{"start":{"line":33,"column":0},"end":{"line":33,"column":59}},"6":{"start":{"line":35,"column":23},"end":{"line":47,"column":2}},"7":{"start":{"line":39,"column":2},"end":{"line":46,"column":4}},"8":{"start":{"line":48,"column":0},"end":{"line":48,"column":65}}},"fnMap":{"0":{"name":"(anonymous_0)","decl":{"start":{"line":11,"column":2},"end":{"line":11,"column":3}},"loc":{"start":{"line":12,"column":2},"end":{"line":19,"column":4}},"line":12},"1":{"name":"(anonymous_1)","decl":{"start":{"line":26,"column":2},"end":{"line":26,"column":3}},"loc":{"start":{"line":27,"column":2},"end":{"line":31,"column":4}},"line":27},"2":{"name":"(anonymous_2)","decl":{"start":{"line":38,"column":2},"end":{"line":38,"column":3}},"loc":{"start":{"line":39,"column":2},"end":{"line":46,"column":4}},"line":39}},"branchMap":{},"s":{"0":0,"1":0,"2":0,"3":0,"4":0,"5":0,"6":0,"7":0,"8":0},"f":{"0":0,"1":0,"2":0},"b":{}}
,"C:\\Users\\FIDI\\Documents\\Business2025Deployed\\SkyLabs\\SkyLabs\\client\\src\\components\\ui\\badge.tsx": {"path":"C:\\Users\\FIDI\\Documents\\Business2025Deployed\\SkyLabs\\SkyLabs\\client\\src\\components\\ui\\badge.tsx","statementMap":{"0":{"start":{"line":6,"column":22},"end":{"line":24,"column":1}},"1":{"start":{"line":31,"column":2},"end":{"line":33,"column":3}}},"fnMap":{"0":{"name":"Badge","decl":{"start":{"line":30,"column":9},"end":{"line":30,"column":14}},"loc":{"start":{"line":30,"column":61},"end":{"line":34,"column":1}},"line":30}},"branchMap":{},"s":{"0":0,"1":0},"f":{"0":0},"b":{}}
,"C:\\Users\\FIDI\\Documents\\Business2025Deployed\\SkyLabs\\SkyLabs\\client\\src\\components\\ui\\breadcrumb.tsx": {"path":"C:\\Users\\FIDI\\Documents\\Business2025Deployed\\SkyLabs\\SkyLabs\\client\\src\\components\\ui\\breadcrumb.tsx","statementMap":{"0":{"start":{"line":7,"column":19},"end":{"line":12,"column":78}},"1":{"start":{"line":12,"column":25},"end":{"line":12,"column":77}},"2":{"start":{"line":13,"column":0},"end":{"line":13,"column":37}},"3":{"start":{"line":15,"column":23},"end":{"line":27,"column":2}},"4":{"start":{"line":19,"column":2},"end":{"line":26,"column":4}},"5":{"start":{"line":28,"column":0},"end":{"line":28,"column":45}},"6":{"start":{"line":30,"column":23},"end":{"line":39,"column":2}},"7":{"start":{"line":34,"column":2},"end":{"line":38,"column":4}},"8":{"start":{"line":40,"column":0},"end":{"line":40,"column":45}},"9":{"start":{"line":42,"column":23},"end":{"line":57,"column":2}},"10":{"start":{"line":48,"column":15},"end":{"line":48,"column":35}},"11":{"start":{"line":50,"column":2},"end":{"line":56,"column":3}},"12":{"start":{"line":58,"column":0},"end":{"line":58,"column":45}},"13":{"start":{"line":60,"column":23},"end":{"line":72,"column":2}},"14":{"start":{"line":64,"column":2},"end":{"line":71,"column":4}},"15":{"start":{"line":73,"column":0},"end":{"line":73,"column":45}},"16":{"start":{"line":75,"column":28},"end":{"line":88,"column":1}},"17":{"start":{"line":80,"column":2},"end":{"line":87,"column":7}},"18":{"start":{"line":89,"column":0},"end":{"line":89,"column":55}},"19":{"start":{"line":91,"column":27},"end":{"line":104,"column":1}},"20":{"start":{"line":95,"column":2},"end":{"line":103,"column":9}},"21":{"start":{"line":105,"column":0},"end":{"line":105,"column":53}}},"fnMap":{"0":{"name":"(anonymous_0)","decl":{"start":{"line":12,"column":2},"end":{"line":12,"column":3}},"loc":{"start":{"line":12,"column":25},"end":{"line":12,"column":77}},"line":12},"1":{"name":"(anonymous_1)","decl":{"start":{"line":18,"column":2},"end":{"line":18,"column":3}},"loc":{"start":{"line":19,"column":2},"end":{"line":26,"column":4}},"line":19},"2":{"name":"(anonymous_2)","decl":{"start":{"line":33,"column":2},"end":{"line":33,"column":3}},"loc":{"start":{"line":34,"column":2},"end":{"line":38,"column":4}},"line":34},"3":{"name":"(anonymous_3)","decl":{"start":{"line":47,"column":2},"end":{"line":47,"column":3}},"loc":{"start":{"line":47,"column":45},"end":{"line":57,"column":1}},"line":47},"4":{"name":"(anonymous_4)","decl":{"start":{"line":63,"column":2},"end":{"line":63,"column":3}},"loc":{"start":{"line":64,"column":2},"end":{"line":71,"column":4}},"line":64},"5":{"name":"(anonymous_5)","decl":{"start":{"line":75,"column":28},"end":{"line":75,"column":29}},"loc":{"start":{"line":80,"column":2},"end":{"line":87,"column":7}},"line":80},"6":{"name":"(anonymous_6)","decl":{"start":{"line":91,"column":27},"end":{"line":91,"column":28}},"loc":{"start":{"line":95,"column":2},"end":{"line":103,"column":9}},"line":95}},"branchMap":{"0":{"loc":{"start":{"line":48,"column":15},"end":{"line":48,"column":35}},"type":"cond-expr","locations":[{"start":{"line":48,"column":25},"end":{"line":48,"column":29}},{"start":{"line":48,"column":32},"end":{"line":48,"column":35}}],"line":48},"1":{"loc":{"start":{"line":86,"column":5},"end":{"line":86,"column":33}},"type":"binary-expr","locations":[{"start":{"line":86,"column":5},"end":{"line":86,"column":13}},{"start":{"line":86,"column":17},"end":{"line":86,"column":33}}],"line":86}},"s":{"0":0,"1":0,"2":0,"3":0,"4":0,"5":0,"6":0,"7":0,"8":0,"9":0,"10":0,"11":0,"12":0,"13":0,"14":0,"15":0,"16":0,"17":0,"18":0,"19":0,"20":0,"21":0},"f":{"0":0,"1":0,"2":0,"3":0,"4":0,"5":0,"6":0},"b":{"0":[0,0],"1":[0,0]}}
,"C:\\Users\\FIDI\\Documents\\Business2025Deployed\\SkyLabs\\SkyLabs\\client\\src\\components\\ui\\button.tsx": {"path":"C:\\Users\\FIDI\\Documents\\Business2025Deployed\\SkyLabs\\SkyLabs\\client\\src\\components\\ui\\button.tsx","statementMap":{"0":{"start":{"line":7,"column":23},"end":{"line":34,"column":1}},"1":{"start":{"line":42,"column":15},"end":{"line":53,"column":1}},"2":{"start":{"line":44,"column":17},"end":{"line":44,"column":42}},"3":{"start":{"line":45,"column":4},"end":{"line":51,"column":5}},"4":{"start":{"line":54,"column":0},"end":{"line":54,"column":29}}},"fnMap":{"0":{"name":"(anonymous_0)","decl":{"start":{"line":43,"column":2},"end":{"line":43,"column":3}},"loc":{"start":{"line":43,"column":68},"end":{"line":52,"column":3}},"line":43}},"branchMap":{"0":{"loc":{"start":{"line":43,"column":31},"end":{"line":43,"column":46}},"type":"default-arg","locations":[{"start":{"line":43,"column":41},"end":{"line":43,"column":46}}],"line":43},"1":{"loc":{"start":{"line":44,"column":17},"end":{"line":44,"column":42}},"type":"cond-expr","locations":[{"start":{"line":44,"column":27},"end":{"line":44,"column":31}},{"start":{"line":44,"column":34},"end":{"line":44,"column":42}}],"line":44}},"s":{"0":0,"1":0,"2":0,"3":0,"4":0},"f":{"0":0},"b":{"0":[0],"1":[0,0]}}
[...]
,"C:\\Users\\FIDI\\Documents\\Business2025Deployed\\SkyLabs\\SkyLabs\\client\\src\\utils\\recaptcha.ts": {"path":"C:\\Users\\FIDI\\Documents\\Business2025Deployed\\SkyLabs\\SkyLabs\\client\\src\\utils\\recaptcha.ts","statementMap":{"0":{"start":{"line":6,"column":47},"end":{"line":6,"column":51}},"1":{"start":{"line":7,"column":36},"end":{"line":7,"column":41}},"2":{"start":{"line":8,"column":55},"end":{"line":8,"column":59}},"3":{"start":{"line":9,"column":48},"end":{"line":9,"column":52}},"4":{"start":{"line":10,"column":57},"end":{"line":10,"column":66}},"5":{"start":{"line":13,"column":8},"end":{"line":13,"column":83}},"6":{"start":{"line":13,"column":22},"end":{"line":13,"column":83}},"7":{"start":{"line":14,"column":8},"end":{"line":14,"column":31}},"8":{"start":{"line":21,"column":8},"end":{"line":25,"column":9}},"9":{"start":{"line":22,"column":12},"end":{"line":22,"column":70}},"10":{"start":{"line":23,"column":15},"end":{"line":25,"column":9}},"11":{"start":{"line":24,"column":12},"end":{"line":24,"column":91}},"12":{"start":{"line":26,"column":8},"end":{"line":26,"column":41}},"13":{"start":{"line":33,"column":8},"end":{"line":33,"column":41}},"14":{"start":{"line":40,"column":8},"end":{"line":42,"column":9}},"15":{"start":{"line":41,"column":12},"end":{"line":41,"column":54}},"16":{"start":{"line":43,"column":26},"end":{"line":43,"column":57}},"17":{"start":{"line":44,"column":8},"end":{"line":44,"column":32}},"18":{"start":{"line":46,"column":8},"end":{"line":48,"column":10}},"19":{"start":{"line":47,"column":12},"end":{"line":47,"column":39}},"20":{"start":{"line":52,"column":8},"end":{"line":60,"column":9}},"21":{"start":{"line":53,"column":12},"end":{"line":59,"column":15}},"22":{"start":{"line":54,"column":16},"end":{"line":58,"column":17}},"23":{"start":{"line":55,"column":20},"end":{"line":55,"column":35}},"24":{"start":{"line":57,"column":20},"end":{"line":57,"column":75}},"25":{"start":{"line":67,"column":8},"end":{"line":67,"column":56}},"26":{"start":{"line":67,"column":31},"end":{"line":67,"column":56}},"27":{"start":{"line":68,"column":8},"end":{"line":68,"column":54}},"28":{"start":{"line":68,"column":30},"end":{"line":68,"column":54}},"29":{"start":{"line":71,"column":8},"end":{"line":74,"column":9}},"30":{"start":{"line":72,"column":12},"end":{"line":72,"column":37}},"31":{"start":{"line":73,"column":12},"end":{"line":73,"column":37}},"32":{"start":{"line":76,"column":8},"end":{"line":122,"column":11}},"33":{"start":{"line":77,"column":27},"end":{"line":77,"column":59}},"34":{"start":{"line":78,"column":12},"end":{"line":78,"column":90}},"35":{"start":{"line":79,"column":12},"end":{"line":79,"column":43}},"36":{"start":{"line":80,"column":12},"end":{"line":80,"column":32}},"37":{"start":{"line":81,"column":12},"end":{"line":81,"column":32}},"38":{"start":{"line":83,"column":27},"end":{"line":98,"column":13}},"39":{"start":{"line":84,"column":16},"end":{"line":84,"column":59}},"40":{"start":{"line":85,"column":16},"end":{"line":85,"column":61}},"41":{"start":{"line":88,"column":16},"end":{"line":93,"column":17}},"42":{"start":{"line":89,"column":34},"end":{"line":89,"column":89}},"43":{"start":{"line":90,"column":20},"end":{"line":90,"column":64}},"44":{"start":{"line":91,"column":20},"end":{"line":91,"column":34}},"45":{"start":{"line":92,"column":20},"end":{"line":92,"column":27}},"46":{"start":{"line":95,"column":16},"end":{"line":95,"column":41}},"47":{"start":{"line":96,"column":16},"end":{"line":96,"column":34}},"48":{"start":{"line":97,"column":16},"end":{"line":97,"column":26}},"49":{"start":{"line":100,"column":28},"end":{"line":108,"column":13}},"50":{"start":{"line":101,"column":16},"end":{"line":101,"column":59}},"51":{"start":{"line":102,"column":16},"end":{"line":102,"column":61}},"52":{"start":{"line":104,"column":30},"end":{"line":104,"column":74}},"53":{"start":{"line":105,"column":16},"end":{"line":105,"column":64}},"54":{"start":{"line":106,"column":16},"end":{"line":106,"column":67}},"55":{"start":{"line":107,"column":16},"end":{"line":107,"column":30}},"56":{"start":{"line":110,"column":12},"end":{"line":110,"column":52}},"57":{"start":{"line":111,"column":12},"end":{"line":111,"column":54}},"58":{"start":{"line":114,"column":12},"end":{"line":114,"column":46}},"59":{"start":{"line":117,"column":12},"end":{"line":121,"column":22}},"60":{"start":{"line":118,"column":16},"end":{"line":120,"column":17}},"61":{"start":{"line":119,"column":20},"end":{"line":119,"column":44}},"62":{"start":{"line":124,"column":8},"end":{"line":124,"column":32}},"63":{"start":{"line":133,"column":8},"end":{"line":141,"column":9}},"64":{"start":{"line":134,"column":12},"end":{"line":140,"column":13}},"65":{"start":{"line":135,"column":16},"end":{"line":135,"column":40}},"66":{"start":{"line":137,"column":28},"end":{"line":137,"column":124}},"67":{"start":{"line":138,"column":16},"end":{"line":138,"column":76}},"68":{"start":{"line":139,"column":16},"end":{"line":139,"column":26}},"69":{"start":{"line":143,"column":8},"end":{"line":147,"column":9}},"70":{"start":{"line":144,"column":26},"end":{"line":144,"column":63}},"71":{"start":{"line":145,"column":12},"end":{"line":145,"column":67}},"72":{"start":{"line":146,"column":12},"end":{"line":146,"column":24}},"73":{"start":{"line":149,"column":8},"end":{"line":163,"column":9}},"74":{"start":{"line":150,"column":26},"end":{"line":150,"column":83}},"75":{"start":{"line":151,"column":12},"end":{"line":153,"column":13}},"76":{"start":{"line":152,"column":16},"end":{"line":152,"column":71}},"77":{"start":{"line":155,"column":12},"end":{"line":155,"column":43}},"78":{"start":{"line":156,"column":12},"end":{"line":156,"column":52}},"79":{"start":{"line":157,"column":12},"end":{"line":157,"column":25}},"80":{"start":{"line":159,"column":24},"end":{"line":159,"column":81}},"81":{"start":{"line":160,"column":12},"end":{"line":160,"column":64}},"82":{"start":{"line":161,"column":12},"end":{"line":161,"column":72}},"83":{"start":{"line":162,"column":12},"end":{"line":162,"column":75}},"84":{"start":{"line":170,"column":8},"end":{"line":170,"column":38}},"85":{"start":{"line":179,"column":8},"end":{"line":187,"column":9}},"86":{"start":{"line":180,"column":26},"end":{"line":180,"column":52}},"87":{"start":{"line":181,"column":12},"end":{"line":181,"column":52}},"88":{"start":{"line":182,"column":12},"end":{"line":182,"column":25}},"89":{"start":{"line":184,"column":24},"end":{"line":184,"column":81}},"90":{"start":{"line":185,"column":12},"end":{"line":185,"column":72}},"91":{"start":{"line":186,"column":12},"end":{"line":186,"column":22}},"92":{"start":{"line":194,"column":8},"end":{"line":194,"column":81}},"93":{"start":{"line":202,"column":22},"end":{"line":202,"column":37}},"94":{"start":{"line":203,"column":8},"end":{"line":205,"column":9}},"95":{"start":{"line":204,"column":12},"end":{"line":204,"column":46}},"96":{"start":{"line":212,"column":22},"end":{"line":212,"column":37}},"97":{"start":{"line":213,"column":8},"end":{"line":215,"column":9}},"98":{"start":{"line":214,"column":12},"end":{"line":214,"column":47}}},"fnMap":{"0":{"name":"(anonymous_0)","decl":{"start":{"line":12,"column":4},"end":{"line":12,"column":5}},"loc":{"start":{"line":12,"column":41},"end":{"line":15,"column":5}},"line":12},"1":{"name":"(anonymous_1)","decl":{"start":{"line":20,"column":4},"end":{"line":20,"column":5}},"loc":{"start":{"line":20,"column":65},"end":{"line":27,"column":5}},"line":20},"2":{"name":"(anonymous_2)","decl":{"start":{"line":32,"column":4},"end":{"line":32,"column":5}},"loc":{"start":{"line":32,"column":40},"end":{"line":34,"column":5}},"line":32},"3":{"name":"(anonymous_3)","decl":{"start":{"line":39,"column":4},"end":{"line":39,"column":5}},"loc":{"start":{"line":39,"column":107},"end":{"line":49,"column":5}},"line":39},"4":{"name":"(anonymous_4)","decl":{"start":{"line":46,"column":15},"end":{"line":46,"column":16}},"loc":{"start":{"line":46,"column":21},"end":{"line":48,"column":9}},"line":46},"5":{"name":"(anonymous_5)","decl":{"start":{"line":51,"column":4},"end":{"line":51,"column":5}},"loc":{"start":{"line":51,"column":84},"end":{"line":61,"column":5}},"line":51},"6":{"name":"(anonymous_6)","decl":{"start":{"line":53,"column":52},"end":{"line":53,"column":53}},"loc":{"start":{"line":53,"column":64},"end":{"line":59,"column":13}},"line":53},"7":{"name":"(anonymous_7)","decl":{"start":{"line":66,"column":4},"end":{"line":66,"column":5}},"loc":{"start":{"line":66,"column":39},"end":{"line":125,"column":5}},"line":66},"8":{"name":"(anonymous_8)","decl":{"start":{"line":76,"column":39},"end":{"line":76,"column":40}},"loc":{"start":{"line":76,"column":60},"end":{"line":122,"column":9}},"line":76},"9":{"name":"(anonymous_9)","decl":{"start":{"line":83,"column":27},"end":{"line":83,"column":28}},"loc":{"start":{"line":83,"column":33},"end":{"line":98,"column":13}},"line":83},"10":{"name":"(anonymous_10)","decl":{"start":{"line":100,"column":28},"end":{"line":100,"column":29}},"loc":{"start":{"line":100,"column":55},"end":{"line":108,"column":13}},"line":100},"11":{"name":"(anonymous_11)","decl":{"start":{"line":117,"column":23},"end":{"line":117,"column":24}},"loc":{"start":{"line":117,"column":29},"end":{"line":121,"column":13}},"line":117},"12":{"name":"(anonymous_12)","decl":{"start":{"line":132,"column":4},"end":{"line":132,"column":5}},"loc":{"start":{"line":132,"column":69},"end":{"line":164,"column":5}},"line":132},"13":{"name":"(anonymous_13)","decl":{"start":{"line":169,"column":4},"end":{"line":169,"column":5}},"loc":{"start":{"line":169,"column":40},"end":{"line":171,"column":5}},"line":169},"14":{"name":"(anonymous_14)","decl":{"start":{"line":178,"column":4},"end":{"line":178,"column":5}},"loc":{"start":{"line":178,"column":69},"end":{"line":188,"column":5}},"line":178},"15":{"name":"(anonymous_15)","decl":{"start":{"line":193,"column":4},"end":{"line":193,"column":5}},"loc":{"start":{"line":193,"column":42},"end":{"line":195,"column":5}},"line":193},"16":{"name":"(anonymous_16)","decl":{"start":{"line":201,"column":4},"end":{"line":201,"column":5}},"loc":{"start":{"line":201,"column":29},"end":{"line":206,"column":5}},"line":201},"17":{"name":"(anonymous_17)","decl":{"start":{"line":211,"column":4},"end":{"line":211,"column":5}},"loc":{"start":{"line":211,"column":29},"end":{"line":216,"column":5}},"line":211}},"branchMap":{"0":{"loc":{"start":{"line":13,"column":8},"end":{"line":13,"column":83}},"type":"if","locations":[{"start":{"line":13,"column":8},"end":{"line":13,"column":83}},{"start":{},"end":{}}],"line":13},"1":{"loc":{"start":{"line":21,"column":8},"end":{"line":25,"column":9}},"type":"if","locations":[{"start":{"line":21,"column":8},"end":{"line":25,"column":9}},{"start":{"line":23,"column":15},"end":{"line":25,"column":9}}],"line":21},"2":{"loc":{"start":{"line":23,"column":15},"end":{"line":25,"column":9}},"type":"if","locations":[{"start":{"line":23,"column":15},"end":{"line":25,"column":9}},{"start":{},"end":{}}],"line":23},"3":{"loc":{"start":{"line":40,"column":8},"end":{"line":42,"column":9}},"type":"if","locations":[{"start":{"line":40,"column":8},"end":{"line":42,"column":9}},{"start":{},"end":{}}],"line":40},"4":{"loc":{"start":{"line":52,"column":8},"end":{"line":60,"column":9}},"type":"if","locations":[{"start":{"line":52,"column":8},"end":{"line":60,"column":9}},{"start":{},"end":{}}],"line":52},"5":{"loc":{"start":{"line":67,"column":8},"end":{"line":67,"column":56}},"type":"if","locations":[{"start":{"line":67,"column":8},"end":{"line":67,"column":56}},{"start":{},"end":{}}],"line":67},"6":{"loc":{"start":{"line":68,"column":8},"end":{"line":68,"column":54}},"type":"if","locations":[{"start":{"line":68,"column":8},"end":{"line":68,"column":54}},{"start":{},"end":{}}],"line":68},"7":{"loc":{"start":{"line":71,"column":8},"end":{"line":74,"column":9}},"type":"if","locations":[{"start":{"line":71,"column":8},"end":{"line":74,"column":9}},{"start":{},"end":{}}],"line":71},"8":{"loc":{"start":{"line":88,"column":16},"end":{"line":93,"column":17}},"type":"if","locations":[{"start":{"line":88,"column":16},"end":{"line":93,"column":17}},{"start":{},"end":{}}],"line":88},"9":{"loc":{"start":{"line":118,"column":16},"end":{"line":120,"column":17}},"type":"if","locations":[{"start":{"line":118,"column":16},"end":{"line":120,"column":17}},{"start":{},"end":{}}],"line":118},"10":{"loc":{"start":{"line":132,"column":25},"end":{"line":132,"column":50}},"type":"default-arg","locations":[{"start":{"line":132,"column":42},"end":{"line":132,"column":50}}],"line":132},"11":{"loc":{"start":{"line":133,"column":8},"end":{"line":141,"column":9}},"type":"if","locations":[{"start":{"line":133,"column":8},"end":{"line":141,"column":9}},{"start":{},"end":{}}],"line":133},"12":{"loc":{"start":{"line":137,"column":67},"end":{"line":137,"column":121}},"type":"cond-expr","locations":[{"start":{"line":137,"column":92},"end":{"line":137,"column":105}},{"start":{"line":137,"column":108},"end":{"line":137,"column":121}}],"line":137},"13":{"loc":{"start":{"line":143,"column":8},"end":{"line":147,"column":9}},"type":"if","locations":[{"start":{"line":143,"column":8},"end":{"line":147,"column":9}},{"start":{},"end":{}}],"line":143},"14":{"loc":{"start":{"line":151,"column":12},"end":{"line":153,"column":13}},"type":"if","locations":[{"start":{"line":151,"column":12},"end":{"line":153,"column":13}},{"start":{},"end":{}}],"line":151},"15":{"loc":{"start":{"line":159,"column":24},"end":{"line":159,"column":81}},"type":"cond-expr","locations":[{"start":{"line":159,"column":49},"end":{"line":159,"column":54}},{"start":{"line":159,"column":57},"end":{"line":159,"column":81}}],"line":159},"16":{"loc":{"start":{"line":178,"column":25},"end":{"line":178,"column":50}},"type":"default-arg","locations":[{"start":{"line":178,"column":42},"end":{"line":178,"column":50}}],"line":178},"17":{"loc":{"start":{"line":184,"column":24},"end":{"line":184,"column":81}},"type":"cond-expr","locations":[{"start":{"line":184,"column":49},"end":{"line":184,"column":54}},{"start":{"line":184,"column":57},"end":{"line":184,"column":81}}],"line":184},"18":{"loc":{"start":{"line":203,"column":8},"end":{"line":205,"column":9}},"type":"if","locations":[{"start":{"line":203,"column":8},"end":{"line":205,"column":9}},{"start":{},"end":{}}],"line":203},"19":{"loc":{"start":{"line":213,"column":8},"end":{"line":215,"column":9}},"type":"if","locations":[{"start":{"line":213,"column":8},"end":{"line":215,"column":9}},{"start":{},"end":{}}],"line":213}},"s":{"0":0,"1":0,"2":0,"3":0,"4":0,"5":0,"6":0,"7":0,"8":0,"9":0,"10":0,"11":0,"12":0,"13":0,"14":0,"15":0,"16":0,"17":0,"18":0,"19":0,"20":0,"21":0,"22":0,"23":0,"24":0,"25":0,"26":0,"27":0,"28":0,"29":0,"30":0,"31":0,"32":0,"33":0,"34":0,"35":0,"36":0,"37":0,"38":0,"39":0,"40":0,"41":0,"42":0,"43":0,"44":0,"45":0,"46":0,"47":0,"48":0,"49":0,"50":0,"51":0,"52":0,"53":0,"54":0,"55":0,"56":0,"57":0,"58":0,"59":0,"60":0,"61":0,"62":0,"63":0,"64":0,"65":0,"66":0,"67":0,"68":0,"69":0,"70":0,"71":0,"72":0,"73":0,"74":0,"75":0,"76":0,"77":0,"78":0,"79":0,"80":0,"81":0,"82":0,"83":0,"84":0,"85":0,"86":0,"87":0,"88":0,"89":0,"90":0,"91":0,"92":0,"93":0,"94":0,"95":0,"96":0,"97":0,"98":0},"f":{"0":0,"1":0,"2":0,"3":0,"4":0,"5":0,"6":0,"7":0,"8":0,"9":0,"10":0,"11":0,"12":0,"13":0,"14":0,"15":0,"16":0,"17":0},"b":{"0":[0,0],"1":[0,0],"2":[0,0],"3":[0,0],"4":[0,0],"5":[0,0],"6":[0,0],"7":[0,0],"8":[0,0],"9":[0,0],"10":[0],"11":[0,0],"12":[0,0],"13":[0,0],"14":[0,0],"15":[0,0],"16":[0],"17":[0,0],"18":[0,0],"19":[0,0]}}
,"C:\\Users\\FIDI\\Documents\\Business2025Deployed\\SkyLabs\\SkyLabs\\client\\src\\utils\\recaptchaErrors.ts": {"path":"C:\\Users\\FIDI\\Documents\\Business2025Deployed\\SkyLabs\\SkyLabs\\client\\src\\utils\\recaptchaErrors.ts","statementMap":{"0":{"start":{"line":17,"column":4},"end":{"line":17,"column":19}},"1":{"start":{"line":18,"column":4},"end":{"line":18,"column":33}},"2":{"start":{"line":21,"column":4},"end":{"line":23,"column":5}},"3":{"start":{"line":22,"column":6},"end":{"line":22,"column":52}},"4":{"start":{"line":32,"column":2},"end":{"line":32,"column":58}},"5":{"start":{"line":36,"column":55},"end":{"line":44,"column":3}},"6":{"start":{"line":46,"column":2},"end":{"line":46,"column":70}},"7":{"start":{"line":55,"column":2},"end":{"line":63,"column":4}}},"fnMap":{"0":{"name":"(anonymous_0)","decl":{"start":{"line":12,"column":2},"end":{"line":12,"column":3}},"loc":{"start":{"line":16,"column":4},"end":{"line":24,"column":3}},"line":16},"1":{"name":"createRecaptchaError","decl":{"start":{"line":27,"column":16},"end":{"line":27,"column":36}},"loc":{"start":{"line":31,"column":18},"end":{"line":33,"column":1}},"line":31},"2":{"name":"getErrorMessage","decl":{"start":{"line":35,"column":16},"end":{"line":35,"column":31}},"loc":{"start":{"line":35,"column":66},"end":{"line":47,"column":1}},"line":35},"3":{"name":"isRecaptchaError","decl":{"start":{"line":54,"column":16},"end":{"line":54,"column":32}},"loc":{"start":{"line":54,"column":74},"end":{"line":64,"column":1}},"line":54}},"branchMap":{"0":{"loc":{"start":{"line":21,"column":4},"end":{"line":23,"column":5}},"type":"if","locations":[{"start":{"line":21,"column":4},"end":{"line":23,"column":5}},{"start":{},"end":{}}],"line":21},"1":{"loc":{"start":{"line":46,"column":9},"end":{"line":46,"column":69}},"type":"binary-expr","locations":[{"start":{"line":46,"column":9},"end":{"line":46,"column":23}},{"start":{"line":46,"column":27},"end":{"line":46,"column":69}}],"line":46},"2":{"loc":{"start":{"line":56,"column":4},"end":{"line":62,"column":57}},"type":"binary-expr","locations":[{"start":{"line":56,"column":4},"end":{"line":56,"column":35}},{"start":{"line":57,"column":5},"end":{"line":57,"column":30}},{"start":{"line":58,"column":5},"end":{"line":58,"column":19}},{"start":{"line":59,"column":5},"end":{"line":59,"column":20}},{"start":{"line":60,"column":5},"end":{"line":60,"column":23}},{"start":{"line":61,"column":5},"end":{"line":61,"column":20}},{"start":{"line":62,"column":5},"end":{"line":62,"column":56}}],"line":56}},"s":{"0":0,"1":0,"2":0,"3":0,"4":0,"5":0,"6":0,"7":0},"f":{"0":0,"1":0,"2":0,"3":0},"b":{"0":[0,0],"1":[0,0],"2":[0,0,0,0,0,0,0]}}
}
