TN:
SF:src\App.tsx
FN:12,App
FNF:1
FNH:0
FNDA:0,App
DA:13,0
DA:15,0
LF:2
LH:0
BRF:0
BRH:0
end_of_record
TN:
SF:src\main.tsx
FNF:0
FNH:0
DA:7,0
LF:1
LH:0
BRF:0
BRH:0
end_of_record
TN:
SF:src\app\contact\page.tsx
FN:10,(anonymous_0)
FN:13,(anonymous_1)
FN:22,ContactPage
FNF:3
FNH:0
FNDA:0,(anonymous_0)
FNDA:0,(anonymous_1)
FNDA:0,ContactPage
DA:9,0
DA:10,0
DA:14,0
DA:23,0
LF:4
LH:0
BRF:0
BRH:0
end_of_record
TN:
SF:src\components\ErrorBoundary.tsx
FN:20,(anonymous_0)
FN:25,(anonymous_1)
FN:36,(anonymous_2)
FN:40,(anonymous_3)
FNF:4
FNH:0
FNDA:0,(anonymous_0)
FNDA:0,(anonymous_1)
FNDA:0,(anonymous_2)
FNDA:0,(anonymous_3)
DA:16,0
DA:22,0
DA:27,0
DA:28,0
DA:31,0
DA:32,0
DA:36,0
DA:37,0
DA:41,0
DA:43,0
DA:83,0
LF:11
LH:0
BRDA:31,0,0,0
BRDA:31,0,1,0
BRDA:41,1,0,0
BRDA:41,1,1,0
BRDA:43,2,0,0
BRDA:43,2,1,0
BRDA:57,3,0,0
BRDA:57,3,1,0
BRDA:58,4,0,0
BRDA:58,4,1,0
BRDA:58,4,2,0
BRF:11
BRH:0
end_of_record
TN:
SF:src\components\about.tsx
FN:1,About
FNF:1
FNH:0
FNDA:0,About
DA:2,0
LF:1
LH:0
BRF:0
BRH:0
end_of_record
TN:
SF:src\components\footer.tsx
FN:3,Footer
FNF:1
FNH:0
FNDA:0,Footer
DA:4,0
LF:1
LH:0
BRF:0
BRH:0
end_of_record
TN:
SF:src\components\header.tsx
FN:11,Header
FN:14,(anonymous_1)
FN:15,(anonymous_2)
FN:20,(anonymous_3)
FN:23,(anonymous_4)
FN:60,(anonymous_5)
FN:70,(anonymous_6)
FN:80,(anonymous_7)
FN:90,(anonymous_8)
FN:100,(anonymous_9)
FN:124,(anonymous_10)
FN:144,(anonymous_11)
FN:155,(anonymous_12)
FN:166,(anonymous_13)
FN:177,(anonymous_14)
FN:188,(anonymous_15)
FNF:16
FNH:0
FNDA:0,Header
FNDA:0,(anonymous_1)
FNDA:0,(anonymous_2)
FNDA:0,(anonymous_3)
FNDA:0,(anonymous_4)
FNDA:0,(anonymous_5)
FNDA:0,(anonymous_6)
FNDA:0,(anonymous_7)
FNDA:0,(anonymous_8)
FNDA:0,(anonymous_9)
FNDA:0,(anonymous_10)
FNDA:0,(anonymous_11)
FNDA:0,(anonymous_12)
FNDA:0,(anonymous_13)
FNDA:0,(anonymous_14)
FNDA:0,(anonymous_15)
DA:12,0
DA:14,0
DA:15,0
DA:16,0
DA:19,0
DA:20,0
DA:23,0
DA:24,0
DA:25,0
DA:26,0
DA:28,0
DA:31,0
DA:61,0
DA:62,0
DA:71,0
DA:72,0
DA:81,0
DA:82,0
DA:91,0
DA:92,0
DA:101,0
DA:102,0
DA:124,0
DA:145,0
DA:146,0
DA:147,0
DA:156,0
DA:157,0
DA:158,0
DA:167,0
DA:168,0
DA:169,0
DA:178,0
DA:179,0
DA:180,0
DA:189,0
DA:190,0
DA:191,0
LF:38
LH:0
BRDA:25,0,0,0
BRDA:25,0,1,0
BRDA:33,1,0,0
BRDA:33,1,1,0
BRDA:125,2,0,0
BRDA:125,2,1,0
BRDA:128,3,0,0
BRDA:128,3,1,0
BRDA:138,4,0,0
BRDA:138,4,1,0
BRF:10
BRH:0
end_of_record
TN:
SF:src\components\hero.tsx
FN:4,Hero
FN:5,(anonymous_1)
FNF:2
FNH:0
FNDA:0,Hero
FNDA:0,(anonymous_1)
DA:5,0
DA:6,0
DA:7,0
DA:8,0
DA:12,0
LF:5
LH:0
BRDA:7,0,0,0
BRDA:7,0,1,0
BRF:2
BRH:0
end_of_record
TN:
SF:src\components\portfolio-modal.tsx
FN:25,PortfolioModal
FN:62,(anonymous_1)
FN:71,(anonymous_2)
FNF:3
FNH:0
FNDA:0,PortfolioModal
FNDA:0,(anonymous_1)
FNDA:0,(anonymous_2)
DA:26,0
DA:28,0
DA:63,0
DA:72,0
LF:4
LH:0
BRDA:26,0,0,0
BRDA:26,0,1,0
BRF:2
BRH:0
end_of_record
TN:
SF:src\components\portfolio.tsx
FN:141,Portfolio
FN:153,(anonymous_1)
FN:157,(anonymous_2)
FN:183,(anonymous_3)
FNF:4
FNH:0
FNDA:0,Portfolio
FNDA:0,(anonymous_1)
FNDA:0,(anonymous_2)
FNDA:0,(anonymous_3)
DA:6,0
DA:142,0
DA:144,0
DA:154,0
DA:157,0
DA:183,0
LF:6
LH:0
BRF:0
BRH:0
end_of_record
TN:
SF:src\components\services.tsx
FN:27,Services
FN:28,(anonymous_1)
FN:44,(anonymous_2)
FNF:3
FNH:0
FNDA:0,Services
FNDA:0,(anonymous_1)
FNDA:0,(anonymous_2)
DA:4,0
DA:28,0
DA:29,0
DA:30,0
DA:31,0
DA:35,0
DA:45,0
DA:46,0
LF:8
LH:0
BRDA:30,0,0,0
BRDA:30,0,1,0
BRF:2
BRH:0
end_of_record
TN:
SF:src\components\theme-provider.tsx
FN:12,ThemeProvider
FNF:1
FNH:0
FNDA:0,ThemeProvider
DA:13,0
LF:1
LH:0
BRF:0
BRH:0
end_of_record
TN:
SF:src\components\theme-toggle.tsx
FN:13,ThemeToggle
FN:26,(anonymous_1)
FN:29,(anonymous_2)
FN:32,(anonymous_3)
FNF:4
FNH:0
FNDA:0,ThemeToggle
FNDA:0,(anonymous_1)
FNDA:0,(anonymous_2)
FNDA:0,(anonymous_3)
DA:14,0
DA:16,0
DA:26,0
DA:29,0
DA:32,0
LF:5
LH:0
BRF:0
BRH:0
end_of_record
TN:
SF:src\components\ContactFormWithRecaptcha\ContactFormWithRecaptcha.tsx
FN:57,(anonymous_0)
FN:176,(anonymous_1)
FN:243,(anonymous_2)
FN:258,(anonymous_3)
FN:322,(anonymous_4)
FN:356,(anonymous_5)
FN:363,(anonymous_6)
FN:522,(anonymous_7)
FN:525,(anonymous_8)
FNF:9
FNH:0
FNDA:0,(anonymous_0)
FNDA:0,(anonymous_1)
FNDA:0,(anonymous_2)
FNDA:0,(anonymous_3)
FNDA:0,(anonymous_4)
FNDA:0,(anonymous_5)
FNDA:0,(anonymous_6)
FNDA:0,(anonymous_7)
FNDA:0,(anonymous_8)
DA:51,0
DA:52,0
DA:53,0
DA:54,0
DA:57,0
DA:75,0
DA:82,0
DA:99,0
DA:100,0
DA:107,0
DA:139,0
DA:144,0
DA:176,0
DA:181,0
DA:183,0
DA:184,0
DA:189,0
DA:191,0
DA:243,0
DA:248,0
DA:258,0
DA:262,0
DA:322,0
DA:353,0
DA:356,0
DA:357,0
DA:358,0
DA:363,0
DA:364,0
DA:365,0
DA:366,0
DA:367,0
DA:372,0
DA:373,0
DA:376,0
DA:522,0
DA:526,0
DA:553,0
LF:38
LH:0
BRDA:60,0,0,0
BRDA:64,1,0,0
BRDA:65,2,0,0
BRDA:72,3,0,0
BRDA:90,4,0,0
BRDA:90,4,1,0
BRDA:93,5,0,0
BRDA:93,5,1,0
BRDA:94,6,0,0
BRDA:94,6,1,0
BRDA:99,7,0,0
BRDA:99,7,1,0
BRDA:111,8,0,0
BRDA:111,8,1,0
BRDA:124,9,0,0
BRDA:124,9,1,0
BRDA:141,10,0,0
BRDA:141,10,1,0
BRDA:148,11,0,0
BRDA:148,11,1,0
BRDA:161,12,0,0
BRDA:161,12,1,0
BRDA:179,13,0,0
BRDA:181,14,0,0
BRDA:181,14,1,0
BRDA:185,15,0,0
BRDA:185,15,1,0
BRDA:189,16,0,0
BRDA:189,16,1,0
BRDA:195,17,0,0
BRDA:195,17,1,0
BRDA:205,18,0,0
BRDA:205,18,1,0
BRDA:225,19,0,0
BRDA:225,19,1,0
BRDA:225,19,2,0
BRDA:244,20,0,0
BRDA:245,21,0,0
BRDA:246,22,0,0
BRDA:259,23,0,0
BRDA:260,24,0,0
BRDA:324,25,0,0
BRDA:325,26,0,0
BRDA:326,27,0,0
BRDA:327,28,0,0
BRDA:328,29,0,0
BRDA:329,30,0,0
BRDA:357,31,0,0
BRDA:357,31,1,0
BRDA:366,32,0,0
BRDA:366,32,1,0
BRDA:372,33,0,0
BRDA:372,33,1,0
BRDA:391,34,0,0
BRDA:391,34,1,0
BRDA:397,35,0,0
BRDA:397,35,1,0
BRDA:401,36,0,0
BRDA:401,36,1,0
BRDA:414,37,0,0
BRDA:414,37,1,0
BRDA:429,38,0,0
BRDA:429,38,1,0
BRDA:446,39,0,0
BRDA:446,39,1,0
BRDA:475,40,0,0
BRDA:475,40,1,0
BRDA:483,41,0,0
BRDA:483,41,1,0
BRDA:483,42,0,0
BRDA:483,42,1,0
BRDA:485,43,0,0
BRDA:485,43,1,0
BRDA:487,44,0,0
BRDA:487,44,1,0
BRDA:501,45,0,0
BRDA:501,45,1,0
BRDA:502,46,0,0
BRDA:502,46,1,0
BRDA:503,47,0,0
BRDA:503,47,1,0
BRDA:509,48,0,0
BRDA:509,48,1,0
BRDA:510,49,0,0
BRDA:510,49,1,0
BRDA:510,49,2,0
BRF:86
BRH:0
end_of_record
TN:
SF:src\components\ContactFormWithRecaptcha\EnhancedContactForm.tsx
FN:17,(anonymous_0)
FN:150,(anonymous_1)
FN:221,(anonymous_2)
FN:242,(anonymous_3)
FN:274,(anonymous_4)
FN:311,(anonymous_5)
FN:320,(anonymous_6)
FN:325,(anonymous_7)
FN:339,(anonymous_8)
FN:341,(anonymous_9)
FN:345,(anonymous_10)
FN:357,(anonymous_11)
FN:378,(anonymous_12)
FN:572,(anonymous_13)
FN:575,(anonymous_14)
FNF:15
FNH:0
FNDA:0,(anonymous_0)
FNDA:0,(anonymous_1)
FNDA:0,(anonymous_2)
FNDA:0,(anonymous_3)
FNDA:0,(anonymous_4)
FNDA:0,(anonymous_5)
FNDA:0,(anonymous_6)
FNDA:0,(anonymous_7)
FNDA:0,(anonymous_8)
FNDA:0,(anonymous_9)
FNDA:0,(anonymous_10)
FNDA:0,(anonymous_11)
FNDA:0,(anonymous_12)
FNDA:0,(anonymous_13)
FNDA:0,(anonymous_14)
DA:9,0
DA:10,0
DA:11,0
DA:12,0
DA:17,0
DA:51,0
DA:52,0
DA:69,0
DA:70,0
DA:77,0
DA:110,0
DA:115,0
DA:150,0
DA:159,0
DA:161,0
DA:162,0
DA:167,0
DA:221,0
DA:230,0
DA:242,0
DA:249,0
DA:274,0
DA:287,0
DA:288,0
DA:290,0
DA:291,0
DA:292,0
DA:309,0
DA:312,0
DA:314,0
DA:315,0
DA:318,0
DA:321,0
DA:323,0
DA:326,0
DA:328,0
DA:329,0
DA:339,0
DA:340,0
DA:341,0
DA:345,0
DA:346,0
DA:348,0
DA:349,0
DA:350,0
DA:352,0
DA:357,0
DA:358,0
DA:359,0
DA:360,0
DA:361,0
DA:368,0
DA:369,0
DA:373,0
DA:378,0
DA:379,0
DA:382,0
DA:383,0
DA:384,0
DA:385,0
DA:387,0
DA:390,0
DA:398,0
DA:572,0
DA:576,0
DA:600,0
LF:66
LH:0
BRDA:20,0,0,0
BRDA:24,1,0,0
BRDA:25,2,0,0
BRDA:32,3,0,0
BRDA:60,4,0,0
BRDA:60,4,1,0
BRDA:62,5,0,0
BRDA:62,5,1,0
BRDA:63,6,0,0
BRDA:63,6,1,0
BRDA:64,7,0,0
BRDA:64,7,1,0
BRDA:69,8,0,0
BRDA:69,8,1,0
BRDA:81,9,0,0
BRDA:81,9,1,0
BRDA:94,10,0,0
BRDA:94,10,1,0
BRDA:112,11,0,0
BRDA:112,11,1,0
BRDA:119,12,0,0
BRDA:119,12,1,0
BRDA:132,13,0,0
BRDA:132,13,1,0
BRDA:153,14,0,0
BRDA:159,15,0,0
BRDA:159,15,1,0
BRDA:163,16,0,0
BRDA:163,16,1,0
BRDA:170,17,0,0
BRDA:170,17,1,0
BRDA:181,18,0,0
BRDA:181,18,1,0
BRDA:201,19,0,0
BRDA:201,19,1,0
BRDA:201,19,2,0
BRDA:222,20,0,0
BRDA:223,21,0,0
BRDA:224,22,0,0
BRDA:243,23,0,0
BRDA:244,24,0,0
BRDA:276,25,0,0
BRDA:277,26,0,0
BRDA:278,27,0,0
BRDA:279,28,0,0
BRDA:280,29,0,0
BRDA:281,30,0,0
BRDA:282,31,0,0
BRDA:314,32,0,0
BRDA:314,32,1,0
BRDA:328,33,0,0
BRDA:328,33,1,0
BRDA:350,34,0,0
BRDA:350,34,1,0
BRDA:350,35,0,0
BRDA:350,35,1,0
BRDA:352,36,0,0
BRDA:352,36,1,0
BRDA:352,37,0,0
BRDA:352,37,1,0
BRDA:358,38,0,0
BRDA:358,38,1,0
BRDA:360,39,0,0
BRDA:360,39,1,0
BRDA:368,40,0,0
BRDA:368,40,1,0
BRDA:368,41,0,0
BRDA:368,41,1,0
BRDA:373,42,0,0
BRDA:373,42,1,0
BRDA:379,43,0,0
BRDA:379,43,1,0
BRDA:382,44,0,0
BRDA:382,44,1,0
BRDA:384,45,0,0
BRDA:384,45,1,0
BRDA:421,46,0,0
BRDA:421,46,1,0
BRDA:439,47,0,0
BRDA:439,47,1,0
BRDA:443,48,0,0
BRDA:443,48,1,0
BRDA:444,49,0,0
BRDA:444,49,1,0
BRDA:458,50,0,0
BRDA:458,50,1,0
BRDA:462,51,0,0
BRDA:462,51,1,0
BRDA:463,52,0,0
BRDA:463,52,1,0
BRDA:479,53,0,0
BRDA:479,53,1,0
BRDA:481,54,0,0
BRDA:481,54,1,0
BRDA:482,55,0,0
BRDA:482,55,1,0
BRDA:511,56,0,0
BRDA:511,56,1,0
BRDA:519,57,0,0
BRDA:519,57,1,0
BRDA:521,58,0,0
BRDA:521,58,1,0
BRDA:521,59,0,0
BRDA:521,59,1,0
BRDA:523,60,0,0
BRDA:523,60,1,0
BRDA:524,61,0,0
BRDA:524,61,1,0
BRDA:524,62,0,0
BRDA:524,62,1,0
BRDA:526,63,0,0
BRDA:526,63,1,0
BRDA:528,64,0,0
BRDA:528,64,1,0
BRDA:549,65,0,0
BRDA:549,65,1,0
BRDA:550,66,0,0
BRDA:550,66,1,0
BRDA:551,67,0,0
BRDA:551,67,1,0
BRDA:562,68,0,0
BRDA:562,68,1,0
BRDA:563,69,0,0
BRDA:563,69,1,0
BRDA:563,69,2,0
BRF:125
BRH:0
end_of_record
TN:
SF:src\components\ui\LoadingSpinner.tsx
FN:17,(anonymous_0)
FNF:1
FNH:0
FNDA:0,(anonymous_0)
DA:17,0
DA:21,0
DA:27,0
LF:3
LH:0
BRDA:18,0,0,0
BRDA:19,1,0,0
BRF:2
BRH:0
end_of_record
TN:
SF:src\components\ui\accordion.tsx
FN:12,(anonymous_0)
FN:24,(anonymous_1)
FN:44,(anonymous_2)
FNF:3
FNH:0
FNDA:0,(anonymous_0)
FNDA:0,(anonymous_1)
FNDA:0,(anonymous_2)
DA:7,0
DA:9,0
DA:13,0
DA:19,0
DA:21,0
DA:25,0
DA:39,0
DA:41,0
DA:45,0
DA:54,0
LF:10
LH:0
BRF:0
BRH:0
end_of_record
TN:
SF:src\components\ui\alert-dialog.tsx
FN:16,(anonymous_0)
FN:31,(anonymous_1)
FN:46,(anonymous_2)
FN:60,(anonymous_3)
FN:77,(anonymous_4)
FN:89,(anonymous_5)
FN:102,(anonymous_6)
FN:114,(anonymous_7)
FNF:8
FNH:0
FNDA:0,(anonymous_0)
FNDA:0,(anonymous_1)
FNDA:0,(anonymous_2)
FNDA:0,(anonymous_3)
FNDA:0,(anonymous_4)
FNDA:0,(anonymous_5)
FNDA:0,(anonymous_6)
FNDA:0,(anonymous_7)
DA:7,0
DA:9,0
DA:11,0
DA:13,0
DA:17,0
DA:26,0
DA:28,0
DA:32,0
DA:44,0
DA:46,0
DA:50,0
DA:58,0
DA:60,0
DA:64,0
DA:72,0
DA:74,0
DA:78,0
DA:84,0
DA:86,0
DA:90,0
DA:96,0
DA:99,0
DA:103,0
DA:109,0
DA:111,0
DA:115,0
DA:125,0
LF:27
LH:0
BRF:0
BRH:0
end_of_record
TN:
SF:src\components\ui\alert.tsx
FN:25,(anonymous_0)
FN:38,(anonymous_1)
FN:50,(anonymous_2)
FNF:3
FNH:0
FNDA:0,(anonymous_0)
FNDA:0,(anonymous_1)
FNDA:0,(anonymous_2)
DA:6,0
DA:22,0
DA:26,0
DA:33,0
DA:35,0
DA:39,0
DA:45,0
DA:47,0
DA:51,0
DA:57,0
LF:10
LH:0
BRF:0
BRH:0
end_of_record
TN:
SF:src\components\ui\aspect-ratio.tsx
FNF:0
FNH:0
DA:3,0
LF:1
LH:0
BRF:0
BRH:0
end_of_record
TN:
SF:src\components\ui\avatar.tsx
FN:11,(anonymous_0)
FN:26,(anonymous_1)
FN:38,(anonymous_2)
FNF:3
FNH:0
FNDA:0,(anonymous_0)
FNDA:0,(anonymous_1)
FNDA:0,(anonymous_2)
DA:8,0
DA:12,0
DA:21,0
DA:23,0
DA:27,0
DA:33,0
DA:35,0
DA:39,0
DA:48,0
LF:9
LH:0
BRF:0
BRH:0
end_of_record
TN:
SF:src\components\ui\badge.tsx
FN:30,Badge
FNF:1
FNH:0
FNDA:0,Badge
DA:6,0
DA:31,0
LF:2
LH:0
BRF:0
BRH:0
end_of_record
TN:
SF:src\components\ui\breadcrumb.tsx
FN:12,(anonymous_0)
FN:18,(anonymous_1)
FN:33,(anonymous_2)
FN:47,(anonymous_3)
FN:63,(anonymous_4)
FN:75,(anonymous_5)
FN:91,(anonymous_6)
FNF:7
FNH:0
FNDA:0,(anonymous_0)
FNDA:0,(anonymous_1)
FNDA:0,(anonymous_2)
FNDA:0,(anonymous_3)
FNDA:0,(anonymous_4)
FNDA:0,(anonymous_5)
FNDA:0,(anonymous_6)
DA:7,0
DA:12,0
DA:13,0
DA:15,0
DA:19,0
DA:28,0
DA:30,0
DA:34,0
DA:40,0
DA:42,0
DA:48,0
DA:50,0
DA:58,0
DA:60,0
DA:64,0
DA:73,0
DA:75,0
DA:80,0
DA:89,0
DA:91,0
DA:95,0
DA:105,0
LF:22
LH:0
BRDA:48,0,0,0
BRDA:48,0,1,0
BRDA:86,1,0,0
BRDA:86,1,1,0
BRF:4
BRH:0
end_of_record
TN:
SF:src\components\ui\button.tsx
FN:43,(anonymous_0)
FNF:1
FNH:0
FNDA:0,(anonymous_0)
DA:7,0
DA:42,0
DA:44,0
DA:45,0
DA:54,0
LF:5
LH:0
BRDA:43,0,0,0
BRDA:44,1,0,0
BRDA:44,1,1,0
BRF:3
BRH:0
end_of_record
TN:
SF:src\components\ui\calendar.tsx
FN:10,Calendar
FN:55,(anonymous_1)
FN:58,(anonymous_2)
FNF:3
FNH:0
FNDA:0,Calendar
FNDA:0,(anonymous_1)
FNDA:0,(anonymous_2)
DA:16,0
DA:56,0
DA:59,0
DA:66,0
LF:4
LH:0
BRDA:13,0,0,0
BRF:1
BRH:0
end_of_record
TN:
SF:src\components\ui\card.tsx
FN:8,(anonymous_0)
FN:23,(anonymous_1)
FN:35,(anonymous_2)
FN:50,(anonymous_3)
FN:62,(anonymous_4)
FN:70,(anonymous_5)
FNF:6
FNH:0
FNDA:0,(anonymous_0)
FNDA:0,(anonymous_1)
FNDA:0,(anonymous_2)
FNDA:0,(anonymous_3)
FNDA:0,(anonymous_4)
FNDA:0,(anonymous_5)
DA:5,0
DA:9,0
DA:18,0
DA:20,0
DA:24,0
DA:30,0
DA:32,0
DA:36,0
DA:45,0
DA:47,0
DA:51,0
DA:57,0
DA:59,0
DA:63,0
DA:65,0
DA:67,0
DA:71,0
DA:77,0
LF:18
LH:0
BRF:0
BRH:0
end_of_record
TN:
SF:src\components\ui\carousel.tsx
FN:33,useCarousel
FN:47,(anonymous_1)
FN:69,(anonymous_2)
FN:78,(anonymous_3)
FN:82,(anonymous_4)
FN:87,(anonymous_5)
FN:99,(anonymous_6)
FN:107,(anonymous_7)
FN:116,(anonymous_8)
FN:154,(anonymous_9)
FN:176,(anonymous_10)
FN:198,(anonymous_11)
FN:227,(anonymous_12)
FNF:13
FNH:0
FNDA:0,useCarousel
FNDA:0,(anonymous_1)
FNDA:0,(anonymous_2)
FNDA:0,(anonymous_3)
FNDA:0,(anonymous_4)
FNDA:0,(anonymous_5)
FNDA:0,(anonymous_6)
FNDA:0,(anonymous_7)
FNDA:0,(anonymous_8)
FNDA:0,(anonymous_9)
FNDA:0,(anonymous_10)
FNDA:0,(anonymous_11)
FNDA:0,(anonymous_12)
DA:31,0
DA:34,0
DA:36,0
DA:37,0
DA:40,0
DA:43,0
DA:59,0
DA:66,0
DA:67,0
DA:69,0
DA:70,0
DA:71,0
DA:74,0
DA:75,0
DA:78,0
DA:79,0
DA:82,0
DA:83,0
DA:86,0
DA:88,0
DA:89,0
DA:90,0
DA:91,0
DA:92,0
DA:93,0
DA:99,0
DA:100,0
DA:101,0
DA:104,0
DA:107,0
DA:108,0
DA:109,0
DA:112,0
DA:113,0
DA:114,0
DA:116,0
DA:117,0
DA:121,0
DA:149,0
DA:151,0
DA:155,0
DA:157,0
DA:171,0
DA:173,0
DA:177,0
DA:179,0
DA:193,0
DA:195,0
DA:199,0
DA:201,0
DA:222,0
DA:224,0
DA:228,0
DA:230,0
DA:251,0
LF:55
LH:0
BRDA:36,0,0,0
BRDA:36,0,1,0
BRDA:49,1,0,0
BRDA:62,2,0,0
BRDA:62,2,1,0
BRDA:70,3,0,0
BRDA:70,3,1,0
BRDA:88,4,0,0
BRDA:88,4,1,0
BRDA:91,5,0,0
BRDA:91,5,1,0
BRDA:100,6,0,0
BRDA:100,6,1,0
BRDA:100,7,0,0
BRDA:100,7,1,0
BRDA:108,8,0,0
BRDA:108,8,1,0
BRDA:128,9,0,0
BRDA:128,9,1,0
BRDA:128,10,0,0
BRDA:128,10,1,0
BRDA:163,11,0,0
BRDA:163,11,1,0
BRDA:186,12,0,0
BRDA:186,12,1,0
BRDA:198,13,0,0
BRDA:198,14,0,0
BRDA:208,15,0,0
BRDA:208,15,1,0
BRDA:227,16,0,0
BRDA:227,17,0,0
BRDA:237,18,0,0
BRDA:237,18,1,0
BRF:33
BRH:0
end_of_record
TN:
SF:src\components\ui\chart.tsx
FN:27,useChart
FN:45,(anonymous_1)
FN:70,(anonymous_2)
FN:72,(anonymous_3)
FN:84,(anonymous_4)
FN:87,(anonymous_5)
FN:116,(anonymous_6)
FN:136,(anonymous_7)
FN:188,(anonymous_8)
FN:269,(anonymous_9)
FN:288,(anonymous_10)
FN:320,getPayloadConfigFromPayload
FNF:12
FNH:0
FNDA:0,useChart
FNDA:0,(anonymous_1)
FNDA:0,(anonymous_2)
FNDA:0,(anonymous_3)
FNDA:0,(anonymous_4)
FNDA:0,(anonymous_5)
FNDA:0,(anonymous_6)
FNDA:0,(anonymous_7)
FNDA:0,(anonymous_8)
FNDA:0,(anonymous_9)
FNDA:0,(anonymous_10)
FNDA:0,getPayloadConfigFromPayload
DA:9,0
DA:25,0
DA:28,0
DA:30,0
DA:31,0
DA:34,0
DA:37,0
DA:46,0
DA:47,0
DA:49,0
DA:68,0
DA:70,0
DA:71,0
DA:72,0
DA:75,0
DA:76,0
DA:79,0
DA:84,0
DA:89,0
DA:91,0
DA:103,0
DA:105,0
DA:134,0
DA:136,0
DA:137,0
DA:138,0
DA:141,0
DA:142,0
DA:143,0
DA:145,0
DA:149,0
DA:150,0
DA:157,0
DA:158,0
DA:161,0
DA:172,0
DA:173,0
DA:176,0
DA:178,0
DA:189,0
DA:190,0
DA:191,0
DA:193,0
DA:257,0
DA:259,0
DA:261,0
DA:273,0
DA:275,0
DA:276,0
DA:279,0
DA:289,0
DA:290,0
DA:292,0
DA:317,0
DA:325,0
DA:326,0
DA:330,0
DA:336,0
DA:338,0
DA:342,0
DA:343,0
DA:348,0
DA:353,0
LF:63
LH:0
BRDA:30,0,0,0
BRDA:30,0,1,0
BRDA:47,1,0,0
BRDA:47,1,1,0
BRDA:72,2,0,0
BRDA:72,2,1,0
BRDA:75,3,0,0
BRDA:75,3,1,0
BRDA:89,4,0,0
BRDA:89,4,1,0
BRDA:91,5,0,0
BRDA:91,5,1,0
BRDA:121,6,0,0
BRDA:122,7,0,0
BRDA:123,8,0,0
BRDA:137,9,0,0
BRDA:137,9,1,0
BRDA:137,10,0,0
BRDA:137,10,1,0
BRDA:142,11,0,0
BRDA:142,11,1,0
BRDA:142,11,2,0
BRDA:142,11,3,0
BRDA:145,12,0,0
BRDA:145,12,1,0
BRDA:145,13,0,0
BRDA:145,13,1,0
BRDA:146,14,0,0
BRDA:146,14,1,0
BRDA:149,15,0,0
BRDA:149,15,1,0
BRDA:157,16,0,0
BRDA:157,16,1,0
BRDA:172,17,0,0
BRDA:172,17,1,0
BRDA:172,18,0,0
BRDA:172,18,1,0
BRDA:176,19,0,0
BRDA:176,19,1,0
BRDA:186,20,0,0
BRDA:186,20,1,0
BRDA:189,21,0,0
BRDA:189,21,1,0
BRDA:189,21,2,0
BRDA:189,21,3,0
BRDA:191,22,0,0
BRDA:191,22,1,0
BRDA:191,22,2,0
BRDA:198,23,0,0
BRDA:198,23,1,0
BRDA:201,24,0,0
BRDA:201,24,1,0
BRDA:201,25,0,0
BRDA:201,25,1,0
BRDA:201,25,2,0
BRDA:205,26,0,0
BRDA:205,26,1,0
BRDA:208,27,0,0
BRDA:208,27,1,0
BRDA:217,28,0,0
BRDA:217,28,1,0
BRDA:232,29,0,0
BRDA:232,29,1,0
BRDA:236,30,0,0
BRDA:236,30,1,0
BRDA:238,31,0,0
BRDA:238,31,1,0
BRDA:241,32,0,0
BRDA:241,32,1,0
BRDA:270,33,0,0
BRDA:270,34,0,0
BRDA:275,35,0,0
BRDA:275,35,1,0
BRDA:284,36,0,0
BRDA:284,36,1,0
BRDA:289,37,0,0
BRDA:289,37,1,0
BRDA:289,37,2,0
BRDA:299,38,0,0
BRDA:299,38,1,0
BRDA:299,39,0,0
BRDA:299,39,1,0
BRDA:325,40,0,0
BRDA:325,40,1,0
BRDA:325,41,0,0
BRDA:325,41,1,0
BRDA:330,42,0,0
BRDA:330,42,1,0
BRDA:330,43,0,0
BRDA:330,43,1,0
BRDA:330,43,2,0
BRDA:338,44,0,0
BRDA:338,44,1,0
BRDA:339,45,0,0
BRDA:339,45,1,0
BRDA:343,46,0,0
BRDA:343,46,1,0
BRDA:344,47,0,0
BRDA:344,47,1,0
BRDA:344,47,2,0
BRDA:353,48,0,0
BRDA:353,48,1,0
BRF:102
BRH:0
end_of_record
TN:
SF:src\components\ui\checkbox.tsx
FN:10,(anonymous_0)
FNF:1
FNH:0
FNDA:0,(anonymous_0)
DA:7,0
DA:11,0
DA:26,0
LF:3
LH:0
BRF:0
BRH:0
end_of_record
TN:
SF:src\components\ui\collapsible.tsx
FNF:0
FNH:0
DA:5,0
DA:7,0
DA:9,0
LF:3
LH:0
BRF:0
BRH:0
end_of_record
TN:
SF:src\components\ui\command.tsx
FN:12,(anonymous_0)
FN:24,(anonymous_1)
FN:39,(anonymous_2)
FN:58,(anonymous_3)
FN:71,(anonymous_4)
FN:84,(anonymous_5)
FN:100,(anonymous_6)
FN:112,(anonymous_7)
FN:125,(anonymous_8)
FNF:9
FNH:0
FNDA:0,(anonymous_0)
FNDA:0,(anonymous_1)
FNDA:0,(anonymous_2)
FNDA:0,(anonymous_3)
FNDA:0,(anonymous_4)
FNDA:0,(anonymous_5)
FNDA:0,(anonymous_6)
FNDA:0,(anonymous_7)
FNDA:0,(anonymous_8)
DA:9,0
DA:13,0
DA:22,0
DA:24,0
DA:25,0
DA:36,0
DA:40,0
DA:53,0
DA:55,0
DA:59,0
DA:66,0
DA:68,0
DA:72,0
DA:79,0
DA:81,0
DA:85,0
DA:95,0
DA:97,0
DA:101,0
DA:107,0
DA:109,0
DA:113,0
DA:123,0
DA:125,0
DA:129,0
DA:139,0
LF:26
LH:0
BRF:0
BRH:0
end_of_record
TN:
SF:src\components\ui\context-menu.tsx
FN:24,(anonymous_0)
FN:43,(anonymous_1)
FN:58,(anonymous_2)
FN:77,(anonymous_3)
FN:93,(anonymous_4)
FN:117,(anonymous_5)
FN:141,(anonymous_6)
FN:157,(anonymous_7)
FN:166,(anonymous_8)
FNF:9
FNH:0
FNDA:0,(anonymous_0)
FNDA:0,(anonymous_1)
FNDA:0,(anonymous_2)
FNDA:0,(anonymous_3)
FNDA:0,(anonymous_4)
FNDA:0,(anonymous_5)
FNDA:0,(anonymous_6)
FNDA:0,(anonymous_7)
FNDA:0,(anonymous_8)
DA:7,0
DA:9,0
DA:11,0
DA:13,0
DA:15,0
DA:17,0
DA:19,0
DA:25,0
DA:38,0
DA:40,0
DA:44,0
DA:53,0
DA:55,0
DA:59,0
DA:70,0
DA:72,0
DA:78,0
DA:88,0
DA:90,0
DA:94,0
DA:111,0
DA:114,0
DA:118,0
DA:134,0
DA:136,0
DA:142,0
DA:152,0
DA:154,0
DA:158,0
DA:164,0
DA:166,0
DA:170,0
DA:180,0
LF:33
LH:0
BRDA:29,0,0,0
BRDA:29,0,1,0
BRDA:82,1,0,0
BRDA:82,1,1,0
BRDA:146,2,0,0
BRDA:146,2,1,0
BRF:6
BRH:0
end_of_record
TN:
SF:src\components\ui\dialog.tsx
FN:20,(anonymous_0)
FN:35,(anonymous_1)
FN:56,(anonymous_2)
FN:70,(anonymous_3)
FN:87,(anonymous_4)
FN:102,(anonymous_5)
FNF:6
FNH:0
FNDA:0,(anonymous_0)
FNDA:0,(anonymous_1)
FNDA:0,(anonymous_2)
FNDA:0,(anonymous_3)
FNDA:0,(anonymous_4)
FNDA:0,(anonymous_5)
DA:9,0
DA:11,0
DA:13,0
DA:15,0
DA:17,0
DA:21,0
DA:30,0
DA:32,0
DA:36,0
DA:54,0
DA:56,0
DA:60,0
DA:68,0
DA:70,0
DA:74,0
DA:82,0
DA:84,0
DA:88,0
DA:97,0
DA:99,0
DA:103,0
DA:109,0
LF:22
LH:0
BRF:0
BRH:0
end_of_record
TN:
SF:src\components\ui\drawer.tsx
FN:8,(anonymous_0)
FN:28,(anonymous_1)
FN:40,(anonymous_2)
FN:58,(anonymous_3)
FN:69,(anonymous_4)
FN:83,(anonymous_5)
FN:98,(anonymous_6)
FNF:7
FNH:0
FNDA:0,(anonymous_0)
FNDA:0,(anonymous_1)
FNDA:0,(anonymous_2)
FNDA:0,(anonymous_3)
FNDA:0,(anonymous_4)
FNDA:0,(anonymous_5)
FNDA:0,(anonymous_6)
DA:8,0
DA:12,0
DA:17,0
DA:19,0
DA:21,0
DA:23,0
DA:25,0
DA:29,0
DA:35,0
DA:37,0
DA:41,0
DA:56,0
DA:58,0
DA:62,0
DA:67,0
DA:69,0
DA:73,0
DA:78,0
DA:80,0
DA:84,0
DA:93,0
DA:95,0
DA:99,0
DA:105,0
LF:24
LH:0
BRDA:9,0,0,0
BRF:1
BRH:0
end_of_record
TN:
SF:src\components\ui\dropdown-menu.tsx
FN:24,(anonymous_0)
FN:44,(anonymous_1)
FN:60,(anonymous_2)
FN:80,(anonymous_3)
FN:96,(anonymous_4)
FN:120,(anonymous_5)
FN:144,(anonymous_6)
FN:160,(anonymous_7)
FN:169,(anonymous_8)
FNF:9
FNH:0
FNDA:0,(anonymous_0)
FNDA:0,(anonymous_1)
FNDA:0,(anonymous_2)
FNDA:0,(anonymous_3)
FNDA:0,(anonymous_4)
FNDA:0,(anonymous_5)
FNDA:0,(anonymous_6)
FNDA:0,(anonymous_7)
FNDA:0,(anonymous_8)
DA:7,0
DA:9,0
DA:11,0
DA:13,0
DA:15,0
DA:17,0
DA:19,0
DA:25,0
DA:38,0
DA:41,0
DA:45,0
DA:54,0
DA:57,0
DA:61,0
DA:73,0
DA:75,0
DA:81,0
DA:91,0
DA:93,0
DA:97,0
DA:114,0
DA:117,0
DA:121,0
DA:137,0
DA:139,0
DA:145,0
DA:155,0
DA:157,0
DA:161,0
DA:167,0
DA:169,0
DA:173,0
DA:180,0
LF:33
LH:0
BRDA:29,0,0,0
BRDA:29,0,1,0
BRDA:60,1,0,0
BRDA:85,2,0,0
BRDA:85,2,1,0
BRDA:149,3,0,0
BRDA:149,3,1,0
BRF:7
BRH:0
end_of_record
TN:
SF:src\components\ui\form.tsx
FN:29,(anonymous_0)
FN:42,(anonymous_1)
FN:76,(anonymous_2)
FN:90,(anonymous_3)
FN:107,(anonymous_4)
FN:129,(anonymous_5)
FN:146,(anonymous_6)
FNF:7
FNH:0
FNDA:0,(anonymous_0)
FNDA:0,(anonymous_1)
FNDA:0,(anonymous_2)
FNDA:0,(anonymous_3)
FNDA:0,(anonymous_4)
FNDA:0,(anonymous_5)
FNDA:0,(anonymous_6)
DA:16,0
DA:25,0
DA:29,0
DA:35,0
DA:42,0
DA:43,0
DA:44,0
DA:45,0
DA:47,0
DA:49,0
DA:50,0
DA:53,0
DA:55,0
DA:69,0
DA:73,0
DA:77,0
DA:79,0
DA:85,0
DA:87,0
DA:91,0
DA:93,0
DA:102,0
DA:104,0
DA:108,0
DA:110,0
DA:124,0
DA:126,0
DA:130,0
DA:132,0
DA:141,0
DA:143,0
DA:147,0
DA:148,0
DA:150,0
DA:151,0
DA:154,0
DA:165,0
LF:37
LH:0
BRDA:49,0,0,0
BRDA:49,0,1,0
BRDA:96,1,0,0
BRDA:96,1,1,0
BRDA:115,2,0,0
BRDA:115,2,1,0
BRDA:148,3,0,0
BRDA:148,3,1,0
BRDA:150,4,0,0
BRDA:150,4,1,0
BRF:10
BRH:0
end_of_record
TN:
SF:src\components\ui\hover-card.tsx
FN:15,(anonymous_0)
FNF:1
FNH:0
FNDA:0,(anonymous_0)
DA:8,0
DA:10,0
DA:12,0
DA:16,0
DA:27,0
LF:5
LH:0
BRDA:15,0,0,0
BRDA:15,1,0,0
BRF:2
BRH:0
end_of_record
TN:
SF:src\components\ui\input-otp.tsx
FN:10,(anonymous_0)
FN:26,(anonymous_1)
FN:34,(anonymous_2)
FN:62,(anonymous_3)
FNF:4
FNH:0
FNDA:0,(anonymous_0)
FNDA:0,(anonymous_1)
FNDA:0,(anonymous_2)
FNDA:0,(anonymous_3)
DA:7,0
DA:11,0
DA:21,0
DA:23,0
DA:27,0
DA:29,0
DA:31,0
DA:35,0
DA:36,0
DA:38,0
DA:57,0
DA:59,0
DA:63,0
DA:67,0
LF:14
LH:0
BRDA:43,0,0,0
BRDA:43,0,1,0
BRDA:49,1,0,0
BRDA:49,1,1,0
BRF:4
BRH:0
end_of_record
TN:
SF:src\components\ui\input.tsx
FN:9,(anonymous_0)
FNF:1
FNH:0
FNDA:0,(anonymous_0)
DA:8,0
DA:10,0
DA:23,0
LF:3
LH:0
BRF:0
BRH:0
end_of_record
TN:
SF:src\components\ui\label.tsx
FN:15,(anonymous_0)
FNF:1
FNH:0
FNDA:0,(anonymous_0)
DA:7,0
DA:11,0
DA:16,0
DA:22,0
LF:4
LH:0
BRF:0
BRH:0
end_of_record
TN:
SF:src\components\ui\menubar.tsx
FN:9,MenubarMenu
FN:15,MenubarGroup
FN:21,MenubarPortal
FN:27,MenubarRadioGroup
FN:33,MenubarSub
FN:42,(anonymous_5)
FN:57,(anonymous_6)
FN:74,(anonymous_7)
FN:93,(anonymous_8)
FN:109,(anonymous_9)
FN:135,(anonymous_10)
FN:151,(anonymous_11)
FN:174,(anonymous_12)
FN:198,(anonymous_13)
FN:214,(anonymous_14)
FN:223,(anonymous_15)
FNF:16
FNH:0
FNDA:0,MenubarMenu
FNDA:0,MenubarGroup
FNDA:0,MenubarPortal
FNDA:0,MenubarRadioGroup
FNDA:0,MenubarSub
FNDA:0,(anonymous_5)
FNDA:0,(anonymous_6)
FNDA:0,(anonymous_7)
FNDA:0,(anonymous_8)
FNDA:0,(anonymous_9)
FNDA:0,(anonymous_10)
FNDA:0,(anonymous_11)
FNDA:0,(anonymous_12)
FNDA:0,(anonymous_13)
FNDA:0,(anonymous_14)
FNDA:0,(anonymous_15)
DA:12,0
DA:18,0
DA:24,0
DA:30,0
DA:36,0
DA:39,0
DA:43,0
DA:52,0
DA:54,0
DA:58,0
DA:67,0
DA:69,0
DA:75,0
DA:88,0
DA:90,0
DA:94,0
DA:103,0
DA:105,0
DA:113,0
DA:128,0
DA:130,0
DA:136,0
DA:146,0
DA:148,0
DA:152,0
DA:169,0
DA:171,0
DA:175,0
DA:191,0
DA:193,0
DA:199,0
DA:209,0
DA:211,0
DA:215,0
DA:221,0
DA:223,0
DA:227,0
DA:237,0
LF:38
LH:0
BRDA:79,0,0,0
BRDA:79,0,1,0
BRDA:110,1,0,0
BRDA:110,2,0,0
BRDA:110,3,0,0
BRDA:140,4,0,0
BRDA:140,4,1,0
BRDA:203,5,0,0
BRDA:203,5,1,0
BRF:9
BRH:0
end_of_record
TN:
SF:src\components\ui\navigation-menu.tsx
FN:11,(anonymous_0)
FN:29,(anonymous_1)
FN:50,(anonymous_2)
FN:68,(anonymous_3)
FN:85,(anonymous_4)
FN:103,(anonymous_5)
FNF:6
FNH:0
FNDA:0,(anonymous_0)
FNDA:0,(anonymous_1)
FNDA:0,(anonymous_2)
FNDA:0,(anonymous_3)
FNDA:0,(anonymous_4)
FNDA:0,(anonymous_5)
DA:8,0
DA:12,0
DA:24,0
DA:26,0
DA:30,0
DA:39,0
DA:41,0
DA:43,0
DA:47,0
DA:51,0
DA:63,0
DA:65,0
DA:69,0
DA:78,0
DA:80,0
DA:82,0
DA:86,0
DA:97,0
DA:100,0
DA:104,0
DA:115,0
LF:21
LH:0
BRF:0
BRH:0
end_of_record
TN:
SF:src\components\ui\pagination.tsx
FN:7,(anonymous_0)
FN:20,(anonymous_1)
FN:32,(anonymous_2)
FN:42,(anonymous_3)
FN:62,(anonymous_4)
FN:78,(anonymous_5)
FN:94,(anonymous_6)
FNF:7
FNH:0
FNDA:0,(anonymous_0)
FNDA:0,(anonymous_1)
FNDA:0,(anonymous_2)
FNDA:0,(anonymous_3)
FNDA:0,(anonymous_4)
FNDA:0,(anonymous_5)
FNDA:0,(anonymous_6)
DA:7,0
DA:8,0
DA:15,0
DA:17,0
DA:21,0
DA:27,0
DA:29,0
DA:33,0
DA:35,0
DA:42,0
DA:48,0
DA:60,0
DA:62,0
DA:66,0
DA:76,0
DA:78,0
DA:82,0
DA:92,0
DA:94,0
DA:98,0
DA:107,0
LF:21
LH:0
BRDA:45,0,0,0
BRDA:49,1,0,0
BRDA:49,1,1,0
BRDA:52,2,0,0
BRDA:52,2,1,0
BRF:5
BRH:0
end_of_record
TN:
SF:src\components\ui\popover.tsx
FN:13,(anonymous_0)
FNF:1
FNH:0
FNDA:0,(anonymous_0)
DA:6,0
DA:8,0
DA:10,0
DA:14,0
DA:27,0
LF:5
LH:0
BRDA:13,0,0,0
BRDA:13,1,0,0
BRF:2
BRH:0
end_of_record
TN:
SF:src\components\ui\progress.tsx
FN:11,(anonymous_0)
FNF:1
FNH:0
FNDA:0,(anonymous_0)
DA:8,0
DA:12,0
DA:26,0
LF:3
LH:0
BRDA:22,0,0,0
BRDA:22,0,1,0
BRF:2
BRH:0
end_of_record
TN:
SF:src\components\ui\radio-group.tsx
FN:10,(anonymous_0)
FN:24,(anonymous_1)
FNF:2
FNH:0
FNDA:0,(anonymous_0)
FNDA:0,(anonymous_1)
DA:7,0
DA:11,0
DA:19,0
DA:21,0
DA:25,0
DA:40,0
LF:6
LH:0
BRF:0
BRH:0
end_of_record
TN:
SF:src\components\ui\resizable.tsx
FN:8,(anonymous_0)
FN:23,(anonymous_1)
FNF:2
FNH:0
FNDA:0,(anonymous_0)
FNDA:0,(anonymous_1)
DA:8,0
DA:12,0
DA:21,0
DA:23,0
DA:30,0
LF:5
LH:0
BRDA:37,0,0,0
BRDA:37,0,1,0
BRF:2
BRH:0
end_of_record
TN:
SF:src\components\ui\scroll-area.tsx
FN:9,(anonymous_0)
FN:27,(anonymous_1)
FNF:2
FNH:0
FNDA:0,(anonymous_0)
FNDA:0,(anonymous_1)
DA:6,0
DA:10,0
DA:22,0
DA:24,0
DA:28,0
DA:44,0
LF:6
LH:0
BRDA:27,0,0,0
BRDA:33,1,0,0
BRDA:33,1,1,0
BRDA:35,2,0,0
BRDA:35,2,1,0
BRF:5
BRH:0
end_of_record
TN:
SF:src\components\ui\select.tsx
FN:18,(anonymous_0)
FN:38,(anonymous_1)
FN:55,(anonymous_2)
FN:73,(anonymous_3)
FN:105,(anonymous_4)
FN:117,(anonymous_5)
FN:140,(anonymous_6)
FNF:7
FNH:0
FNDA:0,(anonymous_0)
FNDA:0,(anonymous_1)
FNDA:0,(anonymous_2)
FNDA:0,(anonymous_3)
FNDA:0,(anonymous_4)
FNDA:0,(anonymous_5)
FNDA:0,(anonymous_6)
DA:9,0
DA:11,0
DA:13,0
DA:15,0
DA:19,0
DA:33,0
DA:35,0
DA:39,0
DA:50,0
DA:52,0
DA:56,0
DA:67,0
DA:70,0
DA:74,0
DA:100,0
DA:102,0
DA:106,0
DA:112,0
DA:114,0
DA:118,0
DA:135,0
DA:137,0
DA:141,0
DA:147,0
LF:24
LH:0
BRDA:73,0,0,0
BRDA:79,1,0,0
BRDA:79,1,1,0
BRDA:90,2,0,0
BRDA:90,2,1,0
BRF:5
BRH:0
end_of_record
TN:
SF:src\components\ui\separator.tsx
FN:10,(anonymous_0)
FNF:1
FNH:0
FNDA:0,(anonymous_0)
DA:6,0
DA:14,0
DA:27,0
LF:3
LH:0
BRDA:11,0,0,0
BRDA:11,1,0,0
BRDA:20,2,0,0
BRDA:20,2,1,0
BRF:4
BRH:0
end_of_record
TN:
SF:src\components\ui\sheet.tsx
FN:21,(anonymous_0)
FN:59,(anonymous_1)
FN:77,(anonymous_2)
FN:91,(anonymous_3)
FN:108,(anonymous_4)
FN:120,(anonymous_5)
FNF:6
FNH:0
FNDA:0,(anonymous_0)
FNDA:0,(anonymous_1)
FNDA:0,(anonymous_2)
FNDA:0,(anonymous_3)
FNDA:0,(anonymous_4)
FNDA:0,(anonymous_5)
DA:10,0
DA:12,0
DA:14,0
DA:16,0
DA:18,0
DA:22,0
DA:31,0
DA:33,0
DA:56,0
DA:60,0
DA:75,0
DA:77,0
DA:81,0
DA:89,0
DA:91,0
DA:95,0
DA:103,0
DA:105,0
DA:109,0
DA:115,0
DA:117,0
DA:121,0
DA:127,0
LF:23
LH:0
BRDA:59,0,0,0
BRF:1
BRH:0
end_of_record
TN:
SF:src\components\ui\sidebar.tsx
FN:45,useSidebar
FN:62,(anonymous_1)
FN:82,(anonymous_2)
FN:97,(anonymous_3)
FN:99,(anonymous_4)
FN:100,(anonymous_5)
FN:104,(anonymous_6)
FN:105,(anonymous_7)
FN:116,(anonymous_8)
FN:124,(anonymous_9)
FN:171,(anonymous_10)
FN:273,(anonymous_11)
FN:283,(anonymous_12)
FN:299,(anonymous_13)
FN:328,(anonymous_14)
FN:346,(anonymous_15)
FN:364,(anonymous_16)
FN:379,(anonymous_17)
FN:394,(anonymous_18)
FN:409,(anonymous_19)
FN:427,(anonymous_20)
FN:442,(anonymous_21)
FN:463,(anonymous_22)
FN:486,(anonymous_23)
FN:499,(anonymous_24)
FN:512,(anonymous_25)
FN:552,(anonymous_26)
FN:609,(anonymous_27)
FN:637,(anonymous_28)
FN:660,(anonymous_29)
FN:662,(anonymous_30)
FN:696,(anonymous_31)
FN:713,(anonymous_32)
FN:723,(anonymous_33)
FNF:34
FNH:0
FNDA:0,useSidebar
FNDA:0,(anonymous_1)
FNDA:0,(anonymous_2)
FNDA:0,(anonymous_3)
FNDA:0,(anonymous_4)
FNDA:0,(anonymous_5)
FNDA:0,(anonymous_6)
FNDA:0,(anonymous_7)
FNDA:0,(anonymous_8)
FNDA:0,(anonymous_9)
FNDA:0,(anonymous_10)
FNDA:0,(anonymous_11)
FNDA:0,(anonymous_12)
FNDA:0,(anonymous_13)
FNDA:0,(anonymous_14)
FNDA:0,(anonymous_15)
FNDA:0,(anonymous_16)
FNDA:0,(anonymous_17)
FNDA:0,(anonymous_18)
FNDA:0,(anonymous_19)
FNDA:0,(anonymous_20)
FNDA:0,(anonymous_21)
FNDA:0,(anonymous_22)
FNDA:0,(anonymous_23)
FNDA:0,(anonymous_24)
FNDA:0,(anonymous_25)
FNDA:0,(anonymous_26)
FNDA:0,(anonymous_27)
FNDA:0,(anonymous_28)
FNDA:0,(anonymous_29)
FNDA:0,(anonymous_30)
FNDA:0,(anonymous_31)
FNDA:0,(anonymous_32)
FNDA:0,(anonymous_33)
DA:26,0
DA:27,0
DA:28,0
DA:29,0
DA:30,0
DA:31,0
DA:43,0
DA:46,0
DA:47,0
DA:48,0
DA:51,0
DA:54,0
DA:74,0
DA:75,0
DA:79,0
DA:80,0
DA:81,0
DA:83,0
DA:84,0
DA:85,0
DA:87,0
DA:91,0
DA:97,0
DA:98,0
DA:99,0
DA:100,0
DA:104,0
DA:105,0
DA:106,0
DA:110,0
DA:111,0
DA:115,0
DA:116,0
DA:121,0
DA:123,0
DA:124,0
DA:136,0
DA:161,0
DA:163,0
DA:182,0
DA:184,0
DA:185,0
DA:199,0
DA:200,0
DA:223,0
DA:268,0
DA:270,0
DA:274,0
DA:276,0
DA:284,0
DA:285,0
DA:294,0
DA:296,0
DA:300,0
DA:302,0
DA:323,0
DA:325,0
DA:329,0
DA:341,0
DA:343,0
DA:347,0
DA:359,0
DA:361,0
DA:365,0
DA:374,0
DA:376,0
DA:380,0
DA:389,0
DA:391,0
DA:395,0
DA:404,0
DA:406,0
DA:410,0
DA:422,0
DA:424,0
DA:428,0
DA:437,0
DA:439,0
DA:443,0
DA:445,0
DA:458,0
DA:460,0
DA:464,0
DA:466,0
DA:481,0
DA:483,0
DA:487,0
DA:494,0
DA:496,0
DA:500,0
DA:507,0
DA:509,0
DA:513,0
DA:520,0
DA:522,0
DA:544,0
DA:564,0
DA:565,0
DA:568,0
DA:578,0
DA:579,0
DA:582,0
DA:583,0
DA:588,0
DA:601,0
DA:603,0
DA:610,0
DA:612,0
DA:632,0
DA:634,0
DA:638,0
DA:653,0
DA:655,0
DA:662,0
DA:663,0
DA:666,0
DA:691,0
DA:693,0
DA:697,0
DA:708,0
DA:710,0
DA:713,0
DA:714,0
DA:716,0
DA:724,0
DA:726,0
DA:744,0
LF:127
LH:0
BRDA:47,0,0,0
BRDA:47,0,1,0
BRDA:64,1,0,0
BRDA:80,2,0,0
BRDA:80,2,1,0
BRDA:83,3,0,0
BRDA:83,3,1,0
BRDA:84,4,0,0
BRDA:84,4,1,0
BRDA:98,5,0,0
BRDA:98,5,1,0
BRDA:106,6,0,0
BRDA:106,6,1,0
BRDA:107,7,0,0
BRDA:107,7,1,0
BRDA:107,7,2,0
BRDA:121,8,0,0
BRDA:121,8,1,0
BRDA:173,9,0,0
BRDA:174,10,0,0
BRDA:175,11,0,0
BRDA:184,12,0,0
BRDA:184,12,1,0
BRDA:199,13,0,0
BRDA:199,13,1,0
BRDA:228,14,0,0
BRDA:228,14,1,0
BRDA:238,15,0,0
BRDA:238,15,1,0
BRDA:238,16,0,0
BRDA:238,16,1,0
BRDA:246,17,0,0
BRDA:246,17,1,0
BRDA:250,18,0,0
BRDA:250,18,1,0
BRDA:250,19,0,0
BRDA:250,19,1,0
BRDA:442,20,0,0
BRDA:443,21,0,0
BRDA:443,21,1,0
BRDA:463,22,0,0
BRDA:464,23,0,0
BRDA:464,23,1,0
BRDA:554,24,0,0
BRDA:555,25,0,0
BRDA:556,26,0,0
BRDA:557,27,0,0
BRDA:564,28,0,0
BRDA:564,28,1,0
BRDA:578,29,0,0
BRDA:578,29,1,0
BRDA:582,30,0,0
BRDA:582,30,1,0
BRDA:594,31,0,0
BRDA:594,31,1,0
BRDA:609,32,0,0
BRDA:609,33,0,0
BRDA:610,34,0,0
BRDA:610,34,1,0
BRDA:624,35,0,0
BRDA:624,35,1,0
BRDA:660,36,0,0
BRDA:673,37,0,0
BRDA:673,37,1,0
BRDA:723,38,0,0
BRDA:723,39,0,0
BRDA:724,40,0,0
BRDA:724,40,1,0
BRDA:735,41,0,0
BRDA:735,41,1,0
BRDA:736,42,0,0
BRDA:736,42,1,0
BRF:72
BRH:0
end_of_record
TN:
SF:src\components\ui\skeleton.tsx
FN:3,Skeleton
FNF:1
FNH:0
FNDA:0,Skeleton
DA:7,0
LF:1
LH:0
BRF:0
BRH:0
end_of_record
TN:
SF:src\components\ui\slider.tsx
FN:9,(anonymous_0)
FNF:1
FNH:0
FNDA:0,(anonymous_0)
DA:6,0
DA:10,0
DA:24,0
LF:3
LH:0
BRF:0
BRH:0
end_of_record
TN:
SF:src\components\ui\switch.tsx
FN:9,(anonymous_0)
FNF:1
FNH:0
FNDA:0,(anonymous_0)
DA:6,0
DA:10,0
DA:25,0
LF:3
LH:0
BRF:0
BRH:0
end_of_record
TN:
SF:src\components\ui\table.tsx
FN:8,(anonymous_0)
FN:22,(anonymous_1)
FN:30,(anonymous_2)
FN:42,(anonymous_3)
FN:57,(anonymous_4)
FN:72,(anonymous_5)
FN:87,(anonymous_6)
FN:99,(anonymous_7)
FNF:8
FNH:0
FNDA:0,(anonymous_0)
FNDA:0,(anonymous_1)
FNDA:0,(anonymous_2)
FNDA:0,(anonymous_3)
FNDA:0,(anonymous_4)
FNDA:0,(anonymous_5)
FNDA:0,(anonymous_6)
FNDA:0,(anonymous_7)
DA:5,0
DA:9,0
DA:17,0
DA:19,0
DA:23,0
DA:25,0
DA:27,0
DA:31,0
DA:37,0
DA:39,0
DA:43,0
DA:52,0
DA:54,0
DA:58,0
DA:67,0
DA:69,0
DA:73,0
DA:82,0
DA:84,0
DA:88,0
DA:94,0
DA:96,0
DA:100,0
DA:106,0
LF:24
LH:0
BRF:0
BRH:0
end_of_record
TN:
SF:src\components\ui\tabs.tsx
FN:11,(anonymous_0)
FN:26,(anonymous_1)
FN:41,(anonymous_2)
FNF:3
FNH:0
FNDA:0,(anonymous_0)
FNDA:0,(anonymous_1)
FNDA:0,(anonymous_2)
DA:6,0
DA:8,0
DA:12,0
DA:21,0
DA:23,0
DA:27,0
DA:36,0
DA:38,0
DA:42,0
DA:51,0
LF:10
LH:0
BRF:0
BRH:0
end_of_record
TN:
SF:src\components\ui\textarea.tsx
FN:9,(anonymous_0)
FNF:1
FNH:0
FNDA:0,(anonymous_0)
DA:8,0
DA:10,0
DA:22,0
LF:3
LH:0
BRF:0
BRH:0
end_of_record
TN:
SF:src\components\ui\toast.tsx
FN:13,(anonymous_0)
FN:45,(anonymous_1)
FN:59,(anonymous_2)
FN:74,(anonymous_3)
FN:92,(anonymous_4)
FN:104,(anonymous_5)
FNF:6
FNH:0
FNDA:0,(anonymous_0)
FNDA:0,(anonymous_1)
FNDA:0,(anonymous_2)
FNDA:0,(anonymous_3)
FNDA:0,(anonymous_4)
FNDA:0,(anonymous_5)
DA:8,0
DA:10,0
DA:14,0
DA:23,0
DA:25,0
DA:41,0
DA:46,0
DA:54,0
DA:56,0
DA:60,0
DA:69,0
DA:71,0
DA:75,0
DA:87,0
DA:89,0
DA:93,0
DA:99,0
DA:101,0
DA:105,0
DA:111,0
LF:20
LH:0
BRF:0
BRH:0
end_of_record
TN:
SF:src\components\ui\toaster.tsx
FN:11,Toaster
FN:16,(anonymous_1)
FNF:2
FNH:0
FNDA:0,Toaster
FNDA:0,(anonymous_1)
DA:12,0
DA:14,0
DA:17,0
LF:3
LH:0
BRDA:20,0,0,0
BRDA:20,0,1,0
BRDA:21,1,0,0
BRDA:21,1,1,0
BRF:4
BRH:0
end_of_record
TN:
SF:src\components\ui\toggle-group.tsx
FN:21,(anonymous_0)
FN:39,(anonymous_1)
FNF:2
FNH:0
FNDA:0,(anonymous_0)
FNDA:0,(anonymous_1)
DA:10,0
DA:17,0
DA:22,0
DA:33,0
DA:35,0
DA:40,0
DA:42,0
DA:59,0
LF:8
LH:0
BRDA:47,0,0,0
BRDA:47,0,1,0
BRDA:48,1,0,0
BRDA:48,1,1,0
BRF:4
BRH:0
end_of_record
TN:
SF:src\components\ui\toggle.tsx
FN:33,(anonymous_0)
FNF:1
FNH:0
FNDA:0,(anonymous_0)
DA:7,0
DA:29,0
DA:34,0
DA:41,0
LF:4
LH:0
BRF:0
BRH:0
end_of_record
TN:
SF:src\components\ui\tooltip.tsx
FN:17,(anonymous_0)
FNF:1
FNH:0
FNDA:0,(anonymous_0)
DA:8,0
DA:10,0
DA:12,0
DA:14,0
DA:18,0
DA:28,0
LF:6
LH:0
BRDA:17,0,0,0
BRF:1
BRH:0
end_of_record
TN:
SF:src\hooks\use-mobile.tsx
FN:5,useIsMobile
FN:8,(anonymous_1)
FN:10,(anonymous_2)
FN:15,(anonymous_3)
FNF:4
FNH:0
FNDA:0,useIsMobile
FNDA:0,(anonymous_1)
FNDA:0,(anonymous_2)
FNDA:0,(anonymous_3)
DA:3,0
DA:6,0
DA:8,0
DA:9,0
DA:10,0
DA:11,0
DA:13,0
DA:14,0
DA:15,0
DA:18,0
LF:10
LH:0
BRF:0
BRH:0
end_of_record
TN:
SF:src\hooks\use-toast.ts
FN:27,genId
FN:58,(anonymous_1)
FN:63,(anonymous_2)
FN:74,(anonymous_3)
FN:85,(anonymous_4)
FN:98,(anonymous_5)
FN:105,(anonymous_6)
FN:124,(anonymous_7)
FN:133,dispatch
FN:135,(anonymous_9)
FN:142,toast
FN:145,(anonymous_11)
FN:150,(anonymous_12)
FN:158,(anonymous_13)
FN:171,useToast
FN:174,(anonymous_15)
FN:176,(anonymous_16)
FN:187,(anonymous_17)
FNF:18
FNH:0
FNDA:0,genId
FNDA:0,(anonymous_1)
FNDA:0,(anonymous_2)
FNDA:0,(anonymous_3)
FNDA:0,(anonymous_4)
FNDA:0,(anonymous_5)
FNDA:0,(anonymous_6)
FNDA:0,(anonymous_7)
FNDA:0,dispatch
FNDA:0,(anonymous_9)
FNDA:0,toast
FNDA:0,(anonymous_11)
FNDA:0,(anonymous_12)
FNDA:0,(anonymous_13)
FNDA:0,useToast
FNDA:0,(anonymous_15)
FNDA:0,(anonymous_16)
FNDA:0,(anonymous_17)
DA:8,0
DA:9,0
DA:18,0
DA:25,0
DA:28,0
DA:29,0
DA:56,0
DA:58,0
DA:59,0
DA:60,0
DA:63,0
DA:64,0
DA:65,0
DA:71,0
DA:74,0
DA:75,0
DA:77,0
DA:83,0
DA:86,0
DA:91,0
DA:95,0
DA:96,0
DA:98,0
DA:99,0
DA:103,0
DA:106,0
DA:116,0
DA:117,0
DA:122,0
DA:124,0
DA:129,0
DA:131,0
DA:134,0
DA:135,0
DA:136,0
DA:143,0
DA:145,0
DA:146,0
DA:150,0
DA:152,0
DA:159,0
DA:164,0
DA:172,0
DA:174,0
DA:175,0
DA:176,0
DA:177,0
DA:178,0
DA:179,0
DA:184,0
DA:187,0
LF:51
LH:0
BRDA:59,0,0,0
BRDA:59,0,1,0
BRDA:75,1,0,0
BRDA:75,1,1,0
BRDA:75,1,2,0
BRDA:75,1,3,0
BRDA:86,2,0,0
BRDA:86,2,1,0
BRDA:95,3,0,0
BRDA:95,3,1,0
BRDA:106,4,0,0
BRDA:106,4,1,0
BRDA:106,5,0,0
BRDA:106,5,1,0
BRDA:116,6,0,0
BRDA:116,6,1,0
BRDA:159,7,0,0
BRDA:159,7,1,0
BRDA:178,8,0,0
BRDA:178,8,1,0
BRF:20
BRH:0
end_of_record
TN:
SF:src\hooks\useAnalytics.ts
FN:8,(anonymous_0)
FN:18,(anonymous_1)
FN:29,(anonymous_2)
FN:45,(anonymous_3)
FN:52,(anonymous_4)
FN:64,(anonymous_5)
FN:81,(anonymous_6)
FN:92,(anonymous_7)
FN:103,(anonymous_8)
FN:113,(anonymous_9)
FN:123,(anonymous_10)
FN:133,(anonymous_11)
FN:151,(anonymous_12)
FN:163,(anonymous_13)
FN:173,(anonymous_14)
FN:191,(anonymous_15)
FNF:16
FNH:0
FNDA:0,(anonymous_0)
FNDA:0,(anonymous_1)
FNDA:0,(anonymous_2)
FNDA:0,(anonymous_3)
FNDA:0,(anonymous_4)
FNDA:0,(anonymous_5)
FNDA:0,(anonymous_6)
FNDA:0,(anonymous_7)
FNDA:0,(anonymous_8)
FNDA:0,(anonymous_9)
FNDA:0,(anonymous_10)
FNDA:0,(anonymous_11)
FNDA:0,(anonymous_12)
FNDA:0,(anonymous_13)
FNDA:0,(anonymous_14)
FNDA:0,(anonymous_15)
DA:7,0
DA:9,0
DA:10,0
DA:14,0
DA:15,0
DA:19,0
DA:20,0
DA:25,0
DA:26,0
DA:30,0
DA:31,0
DA:36,0
DA:37,0
DA:45,0
DA:46,0
DA:52,0
DA:53,0
DA:54,0
DA:64,0
DA:65,0
DA:66,0
DA:72,0
DA:74,0
DA:81,0
DA:82,0
DA:83,0
DA:85,0
DA:92,0
DA:93,0
DA:94,0
DA:96,0
DA:103,0
DA:104,0
DA:113,0
DA:114,0
DA:123,0
DA:124,0
DA:133,0
DA:134,0
DA:142,0
DA:151,0
DA:152,0
DA:163,0
DA:164,0
DA:173,0
DA:174,0
DA:182,0
DA:191,0
DA:192,0
DA:198,0
LF:50
LH:0
BRDA:9,0,0,0
BRDA:9,0,1,0
BRDA:9,1,0,0
BRDA:9,1,1,0
BRDA:14,2,0,0
BRDA:14,2,1,0
BRDA:19,3,0,0
BRDA:19,3,1,0
BRDA:19,4,0,0
BRDA:19,4,1,0
BRDA:25,5,0,0
BRDA:25,5,1,0
BRDA:30,6,0,0
BRDA:30,6,1,0
BRDA:30,7,0,0
BRDA:30,7,1,0
BRDA:36,8,0,0
BRDA:36,8,1,0
BRDA:53,9,0,0
BRDA:53,9,1,0
BRF:20
BRH:0
end_of_record
TN:
SF:src\hooks\useContactForm.ts
FN:70,(anonymous_0)
FN:77,(anonymous_1)
FN:93,(anonymous_2)
FN:110,useContactForm
FN:149,(anonymous_4)
FN:163,(anonymous_5)
FN:186,(anonymous_6)
FN:187,(anonymous_7)
FN:206,(anonymous_8)
FN:219,(anonymous_9)
FN:224,(anonymous_10)
FN:230,(anonymous_11)
FN:240,(anonymous_12)
FN:247,(anonymous_13)
FN:258,(anonymous_14)
FN:265,(anonymous_15)
FN:274,(anonymous_16)
FN:323,(anonymous_17)
FN:360,(anonymous_18)
FN:469,(anonymous_19)
FN:505,(anonymous_20)
FN:528,(anonymous_21)
FN:530,(anonymous_22)
FN:531,(anonymous_23)
FN:534,(anonymous_24)
FN:539,(anonymous_25)
FN:540,(anonymous_26)
FN:546,(anonymous_27)
FNF:28
FNH:0
FNDA:0,(anonymous_0)
FNDA:0,(anonymous_1)
FNDA:0,(anonymous_2)
FNDA:0,useContactForm
FNDA:0,(anonymous_4)
FNDA:0,(anonymous_5)
FNDA:0,(anonymous_6)
FNDA:0,(anonymous_7)
FNDA:0,(anonymous_8)
FNDA:0,(anonymous_9)
FNDA:0,(anonymous_10)
FNDA:0,(anonymous_11)
FNDA:0,(anonymous_12)
FNDA:0,(anonymous_13)
FNDA:0,(anonymous_14)
FNDA:0,(anonymous_15)
FNDA:0,(anonymous_16)
FNDA:0,(anonymous_17)
FNDA:0,(anonymous_18)
FNDA:0,(anonymous_19)
FNDA:0,(anonymous_20)
FNDA:0,(anonymous_21)
FNDA:0,(anonymous_22)
FNDA:0,(anonymous_23)
FNDA:0,(anonymous_24)
FNDA:0,(anonymous_25)
FNDA:0,(anonymous_26)
FNDA:0,(anonymous_27)
DA:50,0
DA:70,0
DA:74,0
DA:77,0
DA:85,0
DA:93,0
DA:94,0
DA:95,0
DA:115,0
DA:120,0
DA:122,0
DA:123,0
DA:124,0
DA:125,0
DA:126,0
DA:127,0
DA:134,0
DA:135,0
DA:143,0
DA:149,0
DA:150,0
DA:151,0
DA:157,0
DA:158,0
DA:163,0
DA:164,0
DA:165,0
DA:168,0
DA:169,0
DA:170,0
DA:174,0
DA:175,0
DA:176,0
DA:182,0
DA:186,0
DA:187,0
DA:188,0
DA:189,0
DA:190,0
DA:192,0
DA:193,0
DA:194,0
DA:197,0
DA:206,0
DA:207,0
DA:208,0
DA:210,0
DA:211,0
DA:213,0
DA:219,0
DA:220,0
DA:221,0
DA:222,0
DA:223,0
DA:224,0
DA:230,0
DA:231,0
DA:234,0
DA:235,0
DA:236,0
DA:240,0
DA:246,0
DA:247,0
DA:248,0
DA:249,0
DA:250,0
DA:258,0
DA:259,0
DA:262,0
DA:265,0
DA:274,0
DA:278,0
DA:279,0
DA:282,0
DA:283,0
DA:287,0
DA:290,0
DA:291,0
DA:295,0
DA:296,0
DA:300,0
DA:301,0
DA:305,0
DA:306,0
DA:307,0
DA:308,0
DA:309,0
DA:312,0
DA:313,0
DA:317,0
DA:323,0
DA:324,0
DA:325,0
DA:328,0
DA:329,0
DA:330,0
DA:331,0
DA:332,0
DA:333,0
DA:336,0
DA:337,0
DA:338,0
DA:343,0
DA:346,0
DA:347,0
DA:350,0
DA:351,0
DA:352,0
DA:356,0
DA:360,0
DA:362,0
DA:363,0
DA:364,0
DA:370,0
DA:373,0
DA:374,0
DA:377,0
DA:380,0
DA:383,0
DA:396,0
DA:397,0
DA:398,0
DA:400,0
DA:401,0
DA:402,0
DA:403,0
DA:405,0
DA:408,0
DA:412,0
DA:418,0
DA:419,0
DA:420,0
DA:422,0
DA:425,0
DA:428,0
DA:429,0
DA:431,0
DA:432,0
DA:433,0
DA:436,0
DA:443,0
DA:444,0
DA:446,0
DA:450,0
DA:452,0
DA:454,0
DA:469,0
DA:470,0
DA:473,0
DA:474,0
DA:475,0
DA:481,0
DA:485,0
DA:486,0
DA:487,0
DA:488,0
DA:492,0
DA:493,0
DA:494,0
DA:495,0
DA:499,0
DA:505,0
DA:506,0
DA:507,0
DA:508,0
DA:509,0
DA:511,0
DA:513,0
DA:520,0
DA:521,0
DA:523,0
DA:528,0
DA:529,0
DA:530,0
DA:531,0
DA:534,0
DA:539,0
DA:540,0
DA:546,0
LF:179
LH:0
BRDA:70,0,0,0
BRDA:70,0,1,0
BRDA:112,1,0,0
BRDA:113,2,0,0
BRDA:150,3,0,0
BRDA:150,3,1,0
BRDA:168,4,0,0
BRDA:168,4,1,0
BRDA:174,5,0,0
BRDA:174,5,1,0
BRDA:174,6,0,0
BRDA:174,6,1,0
BRDA:189,7,0,0
BRDA:189,7,1,0
BRDA:192,8,0,0
BRDA:192,8,1,0
BRDA:208,9,0,0
BRDA:208,9,1,0
BRDA:219,10,0,0
BRDA:234,11,0,0
BRDA:234,11,1,0
BRDA:246,12,0,0
BRDA:246,12,1,0
BRDA:262,13,0,0
BRDA:262,13,1,0
BRDA:279,14,0,0
BRDA:279,14,1,0
BRDA:282,15,0,0
BRDA:282,15,1,0
BRDA:282,16,0,0
BRDA:282,16,1,0
BRDA:287,17,0,0
BRDA:287,17,1,0
BRDA:290,18,0,0
BRDA:290,18,1,0
BRDA:290,19,0,0
BRDA:290,19,1,0
BRDA:295,20,0,0
BRDA:295,20,1,0
BRDA:295,21,0,0
BRDA:295,21,1,0
BRDA:300,22,0,0
BRDA:300,22,1,0
BRDA:300,23,0,0
BRDA:300,23,1,0
BRDA:305,24,0,0
BRDA:305,24,1,0
BRDA:308,25,0,0
BRDA:308,25,1,0
BRDA:309,26,0,0
BRDA:309,26,1,0
BRDA:331,27,0,0
BRDA:331,27,1,0
BRDA:346,28,0,0
BRDA:346,28,1,0
BRDA:351,29,0,0
BRDA:351,29,1,0
BRDA:351,30,0,0
BRDA:351,30,1,0
BRDA:360,31,0,0
BRDA:363,32,0,0
BRDA:363,32,1,0
BRDA:366,33,0,0
BRDA:366,33,1,0
BRDA:396,34,0,0
BRDA:396,34,1,0
BRDA:402,35,0,0
BRDA:402,35,1,0
BRDA:403,36,0,0
BRDA:403,36,1,0
BRDA:431,37,0,0
BRDA:431,37,1,0
BRDA:433,38,0,0
BRDA:433,38,1,0
BRDA:446,39,0,0
BRDA:446,39,1,0
BRDA:474,40,0,0
BRDA:474,40,1,0
BRDA:477,41,0,0
BRDA:477,41,1,0
BRDA:485,42,0,0
BRDA:485,42,1,0
BRDA:493,43,0,0
BRDA:493,43,1,0
BRDA:521,44,0,0
BRDA:521,44,1,0
BRDA:529,45,0,0
BRDA:529,45,1,0
BRDA:531,46,0,0
BRDA:531,46,1,0
BRF:90
BRH:0
end_of_record
TN:
SF:src\hooks\useRecaptcha.ts
FN:66,(anonymous_0)
FN:96,(anonymous_1)
FN:103,(anonymous_2)
FN:117,(anonymous_3)
FN:143,(anonymous_4)
FN:199,(anonymous_5)
FN:219,(anonymous_6)
FN:237,(anonymous_7)
FN:267,(anonymous_8)
FN:285,(anonymous_9)
FN:315,(anonymous_10)
FN:346,(anonymous_11)
FN:351,(anonymous_12)
FN:366,(anonymous_13)
FNF:14
FNH:0
FNDA:0,(anonymous_0)
FNDA:0,(anonymous_1)
FNDA:0,(anonymous_2)
FNDA:0,(anonymous_3)
FNDA:0,(anonymous_4)
FNDA:0,(anonymous_5)
FNDA:0,(anonymous_6)
FNDA:0,(anonymous_7)
FNDA:0,(anonymous_8)
FNDA:0,(anonymous_9)
FNDA:0,(anonymous_10)
FNDA:0,(anonymous_11)
FNDA:0,(anonymous_12)
FNDA:0,(anonymous_13)
DA:66,0
DA:82,0
DA:84,0
DA:85,0
DA:86,0
DA:87,0
DA:88,0
DA:90,0
DA:91,0
DA:92,0
DA:93,0
DA:96,0
DA:97,0
DA:98,0
DA:103,0
DA:104,0
DA:105,0
DA:106,0
DA:111,0
DA:117,0
DA:118,0
DA:126,0
DA:128,0
DA:129,0
DA:132,0
DA:133,0
DA:139,0
DA:143,0
DA:144,0
DA:145,0
DA:149,0
DA:150,0
DA:153,0
DA:154,0
DA:156,0
DA:157,0
DA:158,0
DA:162,0
DA:164,0
DA:166,0
DA:168,0
DA:171,0
DA:172,0
DA:173,0
DA:174,0
DA:176,0
DA:177,0
DA:178,0
DA:180,0
DA:182,0
DA:189,0
DA:192,0
DA:193,0
DA:194,0
DA:196,0
DA:199,0
DA:200,0
DA:201,0
DA:205,0
DA:209,0
DA:210,0
DA:212,0
DA:213,0
DA:219,0
DA:220,0
DA:221,0
DA:225,0
DA:228,0
DA:230,0
DA:232,0
DA:233,0
DA:236,0
DA:237,0
DA:241,0
DA:242,0
DA:244,0
DA:245,0
DA:248,0
DA:249,0
DA:251,0
DA:252,0
DA:253,0
DA:255,0
DA:257,0
DA:258,0
DA:261,0
DA:262,0
DA:267,0
DA:268,0
DA:269,0
DA:273,0
DA:276,0
DA:278,0
DA:280,0
DA:281,0
DA:284,0
DA:285,0
DA:289,0
DA:290,0
DA:292,0
DA:293,0
DA:296,0
DA:297,0
DA:299,0
DA:300,0
DA:301,0
DA:303,0
DA:305,0
DA:306,0
DA:309,0
DA:310,0
DA:315,0
DA:316,0
DA:319,0
DA:322,0
DA:323,0
DA:324,0
DA:327,0
DA:329,0
DA:330,0
DA:331,0
DA:332,0
DA:333,0
DA:336,0
DA:337,0
DA:340,0
DA:341,0
DA:346,0
DA:347,0
DA:348,0
DA:351,0
DA:353,0
DA:356,0
DA:359,0
DA:360,0
DA:366,0
DA:376,0
LF:137
LH:0
BRDA:68,0,0,0
BRDA:71,1,0,0
BRDA:72,2,0,0
BRDA:73,3,0,0
BRDA:74,4,0,0
BRDA:75,5,0,0
BRDA:97,6,0,0
BRDA:97,6,1,0
BRDA:98,7,0,0
BRDA:98,7,1,0
BRDA:103,8,0,0
BRDA:104,9,0,0
BRDA:104,9,1,0
BRDA:108,10,0,0
BRDA:108,10,1,0
BRDA:117,11,0,0
BRDA:118,12,0,0
BRDA:118,12,1,0
BRDA:122,13,0,0
BRDA:122,13,1,0
BRDA:128,14,0,0
BRDA:128,14,1,0
BRDA:144,15,0,0
BRDA:144,15,1,0
BRDA:156,16,0,0
BRDA:156,16,1,0
BRDA:168,17,0,0
BRDA:168,17,1,0
BRDA:192,18,0,0
BRDA:192,18,1,0
BRDA:200,19,0,0
BRDA:200,19,1,0
BRDA:212,20,0,0
BRDA:212,20,1,0
BRDA:219,21,0,0
BRDA:220,22,0,0
BRDA:220,22,1,0
BRDA:244,23,0,0
BRDA:244,23,1,0
BRDA:267,24,0,0
BRDA:268,25,0,0
BRDA:268,25,1,0
BRDA:292,26,0,0
BRDA:292,26,1,0
BRDA:322,27,0,0
BRDA:322,27,1,0
BRDA:327,28,0,0
BRDA:327,28,1,0
BRDA:340,29,0,0
BRDA:340,29,1,0
BRDA:340,30,0,0
BRDA:340,30,1,0
BRDA:347,31,0,0
BRDA:347,31,1,0
BRDA:347,32,0,0
BRDA:347,32,1,0
BRDA:359,33,0,0
BRDA:359,33,1,0
BRF:58
BRH:0
end_of_record
TN:
SF:src\lib\queryClient.ts
FN:3,throwIfResNotOk
FN:10,apiRequest
FN:30,(anonymous_2)
FN:31,(anonymous_3)
FNF:4
FNH:0
FNDA:0,throwIfResNotOk
FNDA:0,apiRequest
FNDA:0,(anonymous_2)
FNDA:0,(anonymous_3)
DA:4,0
DA:5,0
DA:6,0
DA:15,0
DA:22,0
DA:23,0
DA:30,0
DA:31,0
DA:32,0
DA:36,0
DA:37,0
DA:40,0
DA:41,0
DA:44,0
LF:14
LH:0
BRDA:4,0,0,0
BRDA:4,0,1,0
BRDA:5,1,0,0
BRDA:5,1,1,0
BRDA:17,2,0,0
BRDA:17,2,1,0
BRDA:18,3,0,0
BRDA:18,3,1,0
BRDA:36,4,0,0
BRDA:36,4,1,0
BRDA:36,5,0,0
BRDA:36,5,1,0
BRF:12
BRH:0
end_of_record
TN:
SF:src\lib\utils.ts
FN:4,cn
FNF:1
FNH:0
FNDA:0,cn
DA:5,0
LF:1
LH:0
BRF:0
BRH:0
end_of_record
TN:
SF:src\pages\home.tsx
FN:9,Home
FNF:1
FNH:0
FNDA:0,Home
DA:10,0
LF:1
LH:0
BRF:0
BRH:0
end_of_record
TN:
SF:src\pages\not-found.tsx
FN:4,NotFound
FNF:1
FNH:0
FNDA:0,NotFound
DA:5,0
LF:1
LH:0
BRF:0
BRH:0
end_of_record
TN:
SF:src\utils\env.ts
FN:1,(anonymous_0)
FNF:1
FNH:0
FNDA:0,(anonymous_0)
DA:1,0
DA:2,0
DA:4,0
DA:5,0
DA:6,0
DA:10,0
DA:11,0
DA:12,0
DA:13,0
DA:17,0
DA:18,0
DA:19,0
DA:23,0
DA:24,0
DA:27,0
DA:29,0
DA:30,0
LF:17
LH:0
BRDA:1,0,0,0
BRDA:4,1,0,0
BRDA:4,1,1,0
BRDA:4,2,0,0
BRDA:4,2,1,0
BRDA:6,3,0,0
BRDA:6,3,1,0
BRDA:10,4,0,0
BRDA:10,4,1,0
BRDA:10,5,0,0
BRDA:10,5,1,0
BRDA:13,6,0,0
BRDA:13,6,1,0
BRDA:17,7,0,0
BRDA:17,7,1,0
BRDA:17,8,0,0
BRDA:17,8,1,0
BRDA:19,9,0,0
BRDA:19,9,1,0
BRDA:23,10,0,0
BRDA:23,10,1,0
BRDA:23,11,0,0
BRDA:23,11,1,0
BRF:23
BRH:0
end_of_record
TN:
SF:src\utils\formUtils.ts
FN:24,(anonymous_0)
FN:25,(anonymous_1)
FN:39,sanitizeInput
FN:49,validateField
FN:93,validateForm
FN:101,(anonymous_5)
FN:121,createRateLimiter
FN:129,(anonymous_7)
FN:133,(anonymous_8)
FN:159,formatFormData
FN:162,(anonymous_10)
FNF:11
FNH:0
FNDA:0,(anonymous_0)
FNDA:0,(anonymous_1)
FNDA:0,sanitizeInput
FNDA:0,validateField
FNDA:0,validateForm
FNDA:0,(anonymous_5)
FNDA:0,createRateLimiter
FNDA:0,(anonymous_7)
FNDA:0,(anonymous_8)
FNDA:0,formatFormData
FNDA:0,(anonymous_10)
DA:22,0
DA:24,0
DA:25,0
DA:30,0
DA:40,0
DA:54,0
DA:56,0
DA:57,0
DA:60,0
DA:61,0
DA:63,0
DA:64,0
DA:67,0
DA:68,0
DA:71,0
DA:72,0
DA:75,0
DA:76,0
DA:80,0
DA:81,0
DA:82,0
DA:83,0
DA:87,0
DA:97,0
DA:98,0
DA:100,0
DA:102,0
DA:103,0
DA:105,0
DA:106,0
DA:107,0
DA:112,0
DA:126,0
DA:127,0
DA:129,0
DA:130,0
DA:133,0
DA:136,0
DA:137,0
DA:138,0
DA:139,0
DA:147,0
DA:149,0
DA:160,0
DA:162,0
DA:163,0
DA:164,0
DA:166,0
DA:170,0
LF:49
LH:0
BRDA:52,0,0,0
BRDA:56,1,0,0
BRDA:56,1,1,0
BRDA:56,2,0,0
BRDA:56,2,1,0
BRDA:56,2,2,0
BRDA:56,2,3,0
BRDA:60,3,0,0
BRDA:60,3,1,0
BRDA:63,4,0,0
BRDA:63,4,1,0
BRDA:63,5,0,0
BRDA:63,5,1,0
BRDA:67,6,0,0
BRDA:67,6,1,0
BRDA:67,7,0,0
BRDA:67,7,1,0
BRDA:71,8,0,0
BRDA:71,8,1,0
BRDA:71,9,0,0
BRDA:71,9,1,0
BRDA:75,10,0,0
BRDA:75,10,1,0
BRDA:75,11,0,0
BRDA:75,11,1,0
BRDA:80,12,0,0
BRDA:80,12,1,0
BRDA:82,13,0,0
BRDA:82,13,1,0
BRDA:83,14,0,0
BRDA:83,14,1,0
BRDA:103,15,0,0
BRDA:103,15,1,0
BRDA:106,16,0,0
BRDA:106,16,1,0
BRDA:136,17,0,0
BRDA:136,17,1,0
BRDA:163,18,0,0
BRDA:163,18,1,0
BRF:39
BRH:0
end_of_record
TN:
SF:src\utils\formValidation.ts
FN:23,(anonymous_0)
FN:24,(anonymous_1)
FN:26,(anonymous_2)
FN:28,(anonymous_3)
FN:38,(anonymous_4)
FN:45,(anonymous_5)
FN:112,(anonymous_6)
FN:129,(anonymous_7)
FN:141,(anonymous_8)
FN:183,(anonymous_9)
FN:193,(anonymous_10)
FN:213,(anonymous_11)
FN:235,(anonymous_12)
FN:295,(anonymous_13)
FN:332,(anonymous_14)
FN:359,(anonymous_15)
FN:366,(anonymous_16)
FN:374,(anonymous_17)
FN:384,(anonymous_18)
FN:400,(anonymous_19)
FN:419,(anonymous_20)
FN:422,(anonymous_21)
FN:473,(anonymous_22)
FN:484,(anonymous_23)
FNF:24
FNH:0
FNDA:0,(anonymous_0)
FNDA:0,(anonymous_1)
FNDA:0,(anonymous_2)
FNDA:0,(anonymous_3)
FNDA:0,(anonymous_4)
FNDA:0,(anonymous_5)
FNDA:0,(anonymous_6)
FNDA:0,(anonymous_7)
FNDA:0,(anonymous_8)
FNDA:0,(anonymous_9)
FNDA:0,(anonymous_10)
FNDA:0,(anonymous_11)
FNDA:0,(anonymous_12)
FNDA:0,(anonymous_13)
FNDA:0,(anonymous_14)
FNDA:0,(anonymous_15)
FNDA:0,(anonymous_16)
FNDA:0,(anonymous_17)
FNDA:0,(anonymous_18)
FNDA:0,(anonymous_19)
FNDA:0,(anonymous_20)
FNDA:0,(anonymous_21)
FNDA:0,(anonymous_22)
FNDA:0,(anonymous_23)
DA:11,0
DA:22,0
DA:23,0
DA:25,0
DA:27,0
DA:28,0
DA:38,0
DA:41,0
DA:42,0
DA:46,0
DA:47,0
DA:50,0
DA:51,0
DA:54,0
DA:58,0
DA:59,0
DA:62,0
DA:66,0
DA:70,0
DA:71,0
DA:74,0
DA:77,0
DA:78,0
DA:82,0
DA:83,0
DA:86,0
DA:94,0
DA:113,0
DA:114,0
DA:116,0
DA:129,0
DA:141,0
DA:147,0
DA:148,0
DA:151,0
DA:153,0
DA:154,0
DA:157,0
DA:158,0
DA:159,0
DA:161,0
DA:162,0
DA:166,0
DA:168,0
DA:169,0
DA:183,0
DA:187,0
DA:188,0
DA:189,0
DA:192,0
DA:194,0
DA:195,0
DA:197,0
DA:198,0
DA:205,0
DA:213,0
DA:214,0
DA:215,0
DA:219,0
DA:224,0
DA:225,0
DA:235,0
DA:246,0
DA:249,0
DA:251,0
DA:254,0
DA:255,0
DA:259,0
DA:260,0
DA:261,0
DA:264,0
DA:266,0
DA:275,0
DA:295,0
DA:313,0
DA:316,0
DA:319,0
DA:320,0
DA:324,0
DA:327,0
DA:328,0
DA:331,0
DA:332,0
DA:333,0
DA:339,0
DA:341,0
DA:345,0
DA:350,0
DA:359,0
DA:360,0
DA:366,0
DA:368,0
DA:369,0
DA:372,0
DA:373,0
DA:374,0
DA:378,0
DA:379,0
DA:380,0
DA:382,0
DA:384,0
DA:385,0
DA:390,0
DA:400,0
DA:413,0
DA:416,0
DA:419,0
DA:422,0
DA:424,0
DA:425,0
DA:428,0
DA:429,0
DA:432,0
DA:433,0
DA:437,0
DA:462,0
DA:473,0
DA:482,0
DA:484,0
DA:485,0
DA:488,0
DA:489,0
DA:493,0
DA:494,0
DA:498,0
DA:499,0
DA:503,0
DA:504,0
DA:505,0
DA:506,0
DA:508,0
DA:509,0
DA:513,0
LF:133
LH:0
BRDA:44,0,0,0
BRDA:44,0,1,0
BRDA:46,1,0,0
BRDA:46,1,1,0
BRDA:46,2,0,0
BRDA:46,2,1,0
BRDA:50,3,0,0
BRDA:50,3,1,0
BRDA:54,4,0,0
BRDA:54,4,1,0
BRDA:58,5,0,0
BRDA:58,5,1,0
BRDA:58,6,0,0
BRDA:58,6,1,0
BRDA:59,7,0,0
BRDA:59,7,1,0
BRDA:66,8,0,0
BRDA:66,8,1,0
BRDA:70,9,0,0
BRDA:70,9,1,0
BRDA:70,10,0,0
BRDA:70,10,1,0
BRDA:71,11,0,0
BRDA:71,11,1,0
BRDA:77,12,0,0
BRDA:77,12,1,0
BRDA:77,13,0,0
BRDA:77,13,1,0
BRDA:78,14,0,0
BRDA:78,14,1,0
BRDA:82,15,0,0
BRDA:82,15,1,0
BRDA:82,16,0,0
BRDA:82,16,1,0
BRDA:113,17,0,0
BRDA:113,17,1,0
BRDA:113,18,0,0
BRDA:113,18,1,0
BRDA:129,19,0,0
BRDA:129,19,1,0
BRDA:148,20,0,0
BRDA:148,20,1,0
BRDA:151,21,0,0
BRDA:151,21,1,0
BRDA:153,22,0,0
BRDA:153,22,1,0
BRDA:158,23,0,0
BRDA:158,23,1,0
BRDA:161,24,0,0
BRDA:161,24,1,0
BRDA:162,25,0,0
BRDA:162,25,1,0
BRDA:170,26,0,0
BRDA:170,26,1,0
BRDA:185,27,0,0
BRDA:195,28,0,0
BRDA:195,28,1,0
BRDA:207,29,0,0
BRDA:207,29,1,0
BRDA:214,30,0,0
BRDA:214,30,1,0
BRDA:237,31,0,0
BRDA:246,32,0,0
BRDA:246,33,0,0
BRDA:249,34,0,0
BRDA:249,34,1,0
BRDA:249,35,0,0
BRDA:249,35,1,0
BRDA:254,36,0,0
BRDA:254,36,1,0
BRDA:254,37,0,0
BRDA:254,37,1,0
BRDA:259,38,0,0
BRDA:259,38,1,0
BRDA:261,39,0,0
BRDA:261,39,1,0
BRDA:264,40,0,0
BRDA:264,40,1,0
BRDA:297,41,0,0
BRDA:309,42,0,0
BRDA:310,43,0,0
BRDA:312,44,0,0
BRDA:320,45,0,0
BRDA:320,45,1,0
BRDA:321,46,0,0
BRDA:321,46,1,0
BRDA:327,47,0,0
BRDA:327,47,1,0
BRDA:331,48,0,0
BRDA:331,48,1,0
BRDA:333,49,0,0
BRDA:333,49,1,0
BRDA:339,50,0,0
BRDA:339,50,1,0
BRDA:339,51,0,0
BRDA:339,51,1,0
BRDA:360,52,0,0
BRDA:360,52,1,0
BRDA:360,52,2,0
BRDA:368,53,0,0
BRDA:368,53,1,0
BRDA:369,54,0,0
BRDA:369,54,1,0
BRDA:369,55,0,0
BRDA:369,55,1,0
BRDA:372,56,0,0
BRDA:372,56,1,0
BRDA:372,57,0,0
BRDA:372,57,1,0
BRDA:373,58,0,0
BRDA:373,58,1,0
BRDA:378,59,0,0
BRDA:378,59,1,0
BRDA:378,60,0,0
BRDA:378,60,1,0
BRDA:382,61,0,0
BRDA:382,61,1,0
BRDA:385,62,0,0
BRDA:385,62,1,0
BRDA:403,63,0,0
BRDA:411,64,0,0
BRDA:412,65,0,0
BRDA:424,66,0,0
BRDA:424,66,1,0
BRDA:424,67,0,0
BRDA:424,67,1,0
BRDA:432,68,0,0
BRDA:432,68,1,0
BRDA:432,69,0,0
BRDA:432,69,1,0
BRDA:432,69,2,0
BRDA:475,70,0,0
BRDA:478,71,0,0
BRDA:480,72,0,0
BRDA:488,73,0,0
BRDA:488,73,1,0
BRDA:493,74,0,0
BRDA:493,74,1,0
BRDA:493,75,0,0
BRDA:493,75,1,0
BRDA:498,76,0,0
BRDA:498,76,1,0
BRDA:498,77,0,0
BRDA:498,77,1,0
BRDA:498,77,2,0
BRDA:498,77,3,0
BRDA:504,78,0,0
BRDA:504,78,1,0
BRF:148
BRH:0
end_of_record
TN:
SF:src\utils\recaptcha.ts
FN:12,(anonymous_0)
FN:20,(anonymous_1)
FN:32,(anonymous_2)
FN:39,(anonymous_3)
FN:46,(anonymous_4)
FN:51,(anonymous_5)
FN:53,(anonymous_6)
FN:66,(anonymous_7)
FN:76,(anonymous_8)
FN:83,(anonymous_9)
FN:100,(anonymous_10)
FN:117,(anonymous_11)
FN:132,(anonymous_12)
FN:169,(anonymous_13)
FN:178,(anonymous_14)
FN:193,(anonymous_15)
FN:201,(anonymous_16)
FN:211,(anonymous_17)
FNF:18
FNH:0
FNDA:0,(anonymous_0)
FNDA:0,(anonymous_1)
FNDA:0,(anonymous_2)
FNDA:0,(anonymous_3)
FNDA:0,(anonymous_4)
FNDA:0,(anonymous_5)
FNDA:0,(anonymous_6)
FNDA:0,(anonymous_7)
FNDA:0,(anonymous_8)
FNDA:0,(anonymous_9)
FNDA:0,(anonymous_10)
FNDA:0,(anonymous_11)
FNDA:0,(anonymous_12)
FNDA:0,(anonymous_13)
FNDA:0,(anonymous_14)
FNDA:0,(anonymous_15)
FNDA:0,(anonymous_16)
FNDA:0,(anonymous_17)
DA:6,0
DA:7,0
DA:8,0
DA:9,0
DA:10,0
DA:13,0
DA:14,0
DA:21,0
DA:22,0
DA:23,0
DA:24,0
DA:26,0
DA:33,0
DA:40,0
DA:41,0
DA:43,0
DA:44,0
DA:46,0
DA:47,0
DA:52,0
DA:53,0
DA:54,0
DA:55,0
DA:57,0
DA:67,0
DA:68,0
DA:71,0
DA:72,0
DA:73,0
DA:76,0
DA:77,0
DA:78,0
DA:79,0
DA:80,0
DA:81,0
DA:83,0
DA:84,0
DA:85,0
DA:88,0
DA:89,0
DA:90,0
DA:91,0
DA:92,0
DA:95,0
DA:96,0
DA:97,0
DA:100,0
DA:101,0
DA:102,0
DA:104,0
DA:105,0
DA:106,0
DA:107,0
DA:110,0
DA:111,0
DA:114,0
DA:117,0
DA:118,0
DA:119,0
DA:124,0
DA:133,0
DA:134,0
DA:135,0
DA:137,0
DA:138,0
DA:139,0
DA:143,0
DA:144,0
DA:145,0
DA:146,0
DA:149,0
DA:150,0
DA:151,0
DA:152,0
DA:155,0
DA:156,0
DA:157,0
DA:159,0
DA:160,0
DA:161,0
DA:162,0
DA:170,0
DA:179,0
DA:180,0
DA:181,0
DA:182,0
DA:184,0
DA:185,0
DA:186,0
DA:194,0
DA:202,0
DA:203,0
DA:204,0
DA:212,0
DA:213,0
DA:214,0
LF:96
LH:0
BRDA:13,0,0,0
BRDA:13,0,1,0
BRDA:21,1,0,0
BRDA:21,1,1,0
BRDA:23,2,0,0
BRDA:23,2,1,0
BRDA:40,3,0,0
BRDA:40,3,1,0
BRDA:52,4,0,0
BRDA:52,4,1,0
BRDA:67,5,0,0
BRDA:67,5,1,0
BRDA:68,6,0,0
BRDA:68,6,1,0
BRDA:71,7,0,0
BRDA:71,7,1,0
BRDA:88,8,0,0
BRDA:88,8,1,0
BRDA:118,9,0,0
BRDA:118,9,1,0
BRDA:132,10,0,0
BRDA:133,11,0,0
BRDA:133,11,1,0
BRDA:137,12,0,0
BRDA:137,12,1,0
BRDA:143,13,0,0
BRDA:143,13,1,0
BRDA:151,14,0,0
BRDA:151,14,1,0
BRDA:159,15,0,0
BRDA:159,15,1,0
BRDA:178,16,0,0
BRDA:184,17,0,0
BRDA:184,17,1,0
BRDA:203,18,0,0
BRDA:203,18,1,0
BRDA:213,19,0,0
BRDA:213,19,1,0
BRF:38
BRH:0
end_of_record
TN:
SF:src\utils\recaptchaErrors.ts
FN:12,(anonymous_0)
FN:27,createRecaptchaError
FN:35,getErrorMessage
FN:54,isRecaptchaError
FNF:4
FNH:0
FNDA:0,(anonymous_0)
FNDA:0,createRecaptchaError
FNDA:0,getErrorMessage
FNDA:0,isRecaptchaError
DA:17,0
DA:18,0
DA:21,0
DA:22,0
DA:32,0
DA:36,0
DA:46,0
DA:55,0
LF:8
LH:0
BRDA:21,0,0,0
BRDA:21,0,1,0
BRDA:46,1,0,0
BRDA:46,1,1,0
BRDA:56,2,0,0
BRDA:56,2,1,0
BRDA:56,2,2,0
BRDA:56,2,3,0
BRDA:56,2,4,0
BRDA:56,2,5,0
BRDA:56,2,6,0
BRF:11
BRH:0
end_of_record
