{"C:\\Users\\FIDI\\Documents\\Business2025Deployed\\SkyLabs\\SkyLabs\\src\\utils\\math.ts": {"path":"C:\\Users\\FIDI\\Documents\\Business2025Deployed\\SkyLabs\\SkyLabs\\src\\utils\\math.ts","statementMap":{"0":{"start":{"line":5,"column":2},"end":{"line":5,"column":15}},"1":{"start":{"line":12,"column":2},"end":{"line":12,"column":15}}},"fnMap":{"0":{"name":"add","decl":{"start":{"line":4,"column":16},"end":{"line":4,"column":19}},"loc":{"start":{"line":4,"column":50},"end":{"line":6,"column":1}},"line":4},"1":{"name":"subtract","decl":{"start":{"line":11,"column":16},"end":{"line":11,"column":24}},"loc":{"start":{"line":11,"column":55},"end":{"line":13,"column":1}},"line":11}},"branchMap":{},"s":{"0":0,"1":0},"f":{"0":0,"1":0},"b":{}}
}
